{
  "stats": {
    "suites": 10,
    "tests": 12,
    "passes": 11,
    "pending": 0,
    "failures": 1,
    "start": "2021-03-23T08:41:06.739Z",
    "end": "2021-03-23T08:41:11.193Z",
    "duration": 4454,
    "testsRegistered": 12,
    "passPercent": 91.66666666666666,
    "pendingPercent": 0,
    "other": 0,
    "hasOther": false,
    "skipped": 0,
    "hasSkipped": false
  },
  "results": [
    {
      "uuid": "2d653720-3a5d-4ba6-a89a-984d2656164d",
      "title": "",
      "fullFile": "cypress/integration/examples/cypress_api.spec.js",
      "file": "cypress/integration/examples/cypress_api.spec.js",
      "beforeHooks": [],
      "afterHooks": [],
      "tests": [],
      "suites": [
        {
          "uuid": "1abaea4e-aded-4d7f-8a52-8fa21dcbb71c",
          "title": "Cypress.Commands",
          "fullFile": "",
          "file": "",
          "beforeHooks": [],
          "afterHooks": [],
          "tests": [
            {
              "title": ".add() - create a custom command",
              "fullTitle": "Cypress.Commands .add() - create a custom command",
              "timedOut": null,
              "duration": 440,
              "state": "passed",
              "speed": "slow",
              "pass": true,
              "fail": false,
              "pending": false,
              "context": null,
              "code": "Cypress.Commands.add(\"console\", {\n  prevSubject: true\n}, function (subject, method) {\n  // the previous subject is automatically received\n  // and the commands arguments are shifted\n  // allow us to change the console method used\n  method = method || \"log\"; // log the subject to the console\n  // @ts-ignore TS7017\n  console[method](\"The subject is\", subject); // whatever we return becomes the new subject\n  // we don't want to change the subject so\n  // we return whatever was passed in\n  return subject;\n}); // @ts-ignore TS2339\ncy.get(\"button\").console(\"info\").then(function ($button) {// subject is still $button\n});",
              "err": {},
              "uuid": "1deac507-29f9-4852-bd3c-c88800fcb57a",
              "parentUUID": "1abaea4e-aded-4d7f-8a52-8fa21dcbb71c",
              "isHook": false,
              "skipped": false
            }
          ],
          "suites": [],
          "passes": [
            "1deac507-29f9-4852-bd3c-c88800fcb57a"
          ],
          "failures": [],
          "pending": [],
          "skipped": [],
          "duration": 440,
          "root": false,
          "rootEmpty": false,
          "_timeout": 2000
        },
        {
          "uuid": "74614b52-af30-4c86-a6c7-4cb05ed5bd0b",
          "title": "Cypress.Cookies",
          "fullFile": "",
          "file": "",
          "beforeHooks": [],
          "afterHooks": [],
          "tests": [
            {
              "title": ".debug() - enable or disable debugging",
              "fullTitle": "Cypress.Cookies .debug() - enable or disable debugging",
              "timedOut": null,
              "duration": 332,
              "state": "passed",
              "speed": "slow",
              "pass": true,
              "fail": false,
              "pending": false,
              "context": null,
              "code": "Cypress.Cookies.debug(true); // Cypress will now log in the console when\n// cookies are set or cleared\ncy.setCookie(\"fakeCookie\", \"123ABC\");\ncy.clearCookie(\"fakeCookie\");\ncy.setCookie(\"fakeCookie\", \"123ABC\");\ncy.clearCookie(\"fakeCookie\");\ncy.setCookie(\"fakeCookie\", \"123ABC\");",
              "err": {},
              "uuid": "73d55a45-32e0-42fd-af17-30e6dc8054a1",
              "parentUUID": "74614b52-af30-4c86-a6c7-4cb05ed5bd0b",
              "isHook": false,
              "skipped": false
            },
            {
              "title": ".preserveOnce() - preserve cookies by key",
              "fullTitle": "Cypress.Cookies .preserveOnce() - preserve cookies by key",
              "timedOut": null,
              "duration": 115,
              "state": "passed",
              "speed": "slow",
              "pass": true,
              "fail": false,
              "pending": false,
              "context": null,
              "code": "// normally cookies are reset after each test\ncy.getCookie(\"fakeCookie\").should(\"not.be.ok\"); // preserving a cookie will not clear it when\n// the next test starts\ncy.setCookie(\"lastCookie\", \"789XYZ\");\nCypress.Cookies.preserveOnce(\"lastCookie\");",
              "err": {},
              "uuid": "9d39e9b8-970a-43ba-9a0f-d78116d301fd",
              "parentUUID": "74614b52-af30-4c86-a6c7-4cb05ed5bd0b",
              "isHook": false,
              "skipped": false
            },
            {
              "title": ".defaults() - set defaults for all cookies",
              "fullTitle": "Cypress.Cookies .defaults() - set defaults for all cookies",
              "timedOut": null,
              "duration": 93,
              "state": "passed",
              "speed": "slow",
              "pass": true,
              "fail": false,
              "pending": false,
              "context": null,
              "code": "// now any cookie with the name 'session_id' will\n// not be cleared before each new test runs\nCypress.Cookies.defaults({\n  preserve: \"session_id\"\n});",
              "err": {},
              "uuid": "138a982e-900f-42ca-b659-8588b0231474",
              "parentUUID": "74614b52-af30-4c86-a6c7-4cb05ed5bd0b",
              "isHook": false,
              "skipped": false
            }
          ],
          "suites": [],
          "passes": [
            "73d55a45-32e0-42fd-af17-30e6dc8054a1",
            "9d39e9b8-970a-43ba-9a0f-d78116d301fd",
            "138a982e-900f-42ca-b659-8588b0231474"
          ],
          "failures": [],
          "pending": [],
          "skipped": [],
          "duration": 540,
          "root": false,
          "rootEmpty": false,
          "_timeout": 2000
        },
        {
          "uuid": "82545af6-6828-46cc-b08e-b1c92968dd17",
          "title": "Cypress.arch",
          "fullFile": "",
          "file": "",
          "beforeHooks": [],
          "afterHooks": [],
          "tests": [
            {
              "title": "Get CPU architecture name of underlying OS",
              "fullTitle": "Cypress.arch Get CPU architecture name of underlying OS",
              "timedOut": null,
              "duration": 149,
              "state": "passed",
              "speed": "slow",
              "pass": true,
              "fail": false,
              "pending": false,
              "context": null,
              "code": "// https://on.cypress.io/arch\nexpect(Cypress.arch).to.exist;",
              "err": {},
              "uuid": "ec2bcecc-5bcd-4474-868b-cff48676b497",
              "parentUUID": "82545af6-6828-46cc-b08e-b1c92968dd17",
              "isHook": false,
              "skipped": false
            }
          ],
          "suites": [],
          "passes": [
            "ec2bcecc-5bcd-4474-868b-cff48676b497"
          ],
          "failures": [],
          "pending": [],
          "skipped": [],
          "duration": 149,
          "root": false,
          "rootEmpty": false,
          "_timeout": 2000
        },
        {
          "uuid": "f03b0b0d-02b1-4eeb-9dc3-0630d9ab37fe",
          "title": "Cypress.config()",
          "fullFile": "",
          "file": "",
          "beforeHooks": [],
          "afterHooks": [],
          "tests": [
            {
              "title": "Get and set configuration options",
              "fullTitle": "Cypress.config() Get and set configuration options",
              "timedOut": null,
              "duration": 1132,
              "state": "failed",
              "speed": null,
              "pass": false,
              "fail": true,
              "pending": false,
              "context": null,
              "code": "// https://on.cypress.io/config\nvar myConfig = Cypress.config();\nexpect(myConfig).to.have.property(\"animationDistanceThreshold\", 5);\nexpect(myConfig).to.have.property(\"baseUrl\", null);\nexpect(myConfig).to.have.property(\"defaultCommandTimeout\", 4000);\nexpect(myConfig).to.have.property(\"requestTimeout\", 5000);\nexpect(myConfig).to.have.property(\"responseTimeout\", 30000);\nexpect(myConfig).to.have.property(\"viewportHeight\", 660);\nexpect(myConfig).to.have.property(\"viewportWidth\", 1000);\nexpect(myConfig).to.have.property(\"pageLoadTimeout\", 60000);\nexpect(myConfig).to.have.property(\"waitForAnimations\", true);\nexpect(Cypress.config(\"pageLoadTimeout\")).to.eq(60000); // this will change the config for the rest of your tests!\nCypress.config(\"pageLoadTimeout\", 20000);\nexpect(Cypress.config(\"pageLoadTimeout\")).to.eq(20000);\nCypress.config(\"pageLoadTimeout\", 60000);",
              "err": {
                "message": "AssertionError: expected { Object (baseUrl, retries, ...) } to have property 'baseUrl' of null, but got 'https://react-redux.realworld.io'",
                "estack": "AssertionError: expected { Object (baseUrl, retries, ...) } to have property 'baseUrl' of null, but got 'https://react-redux.realworld.io'\n    at Context.eval (https://example.cypress.io/__cypress/tests?p=cypress/integration/examples/cypress_api.spec.js:79:30)",
                "diff": null
              },
              "uuid": "1c4d1765-da03-4f15-8730-9284222e8b61",
              "parentUUID": "f03b0b0d-02b1-4eeb-9dc3-0630d9ab37fe",
              "isHook": false,
              "skipped": false
            }
          ],
          "suites": [],
          "passes": [],
          "failures": [
            "1c4d1765-da03-4f15-8730-9284222e8b61"
          ],
          "pending": [],
          "skipped": [],
          "duration": 1132,
          "root": false,
          "rootEmpty": false,
          "_timeout": 2000
        },
        {
          "uuid": "5ee5b7e2-54d4-4101-a9e6-a42f2e60f6eb",
          "title": "Cypress.dom",
          "fullFile": "",
          "file": "",
          "beforeHooks": [],
          "afterHooks": [],
          "tests": [
            {
              "title": ".isHidden() - determine if a DOM element is hidden",
              "fullTitle": "Cypress.dom .isHidden() - determine if a DOM element is hidden",
              "timedOut": null,
              "duration": 128,
              "state": "passed",
              "speed": "slow",
              "pass": true,
              "fail": false,
              "pending": false,
              "context": null,
              "code": "var hiddenP = Cypress.$(\".dom-p p.hidden\").get(0);\nvar visibleP = Cypress.$(\".dom-p p.visible\").get(0); // our first paragraph has css class 'hidden'\nexpect(Cypress.dom.isHidden(hiddenP)).to.be[\"true\"];\nexpect(Cypress.dom.isHidden(visibleP)).to.be[\"false\"];",
              "err": {},
              "uuid": "ba21d2e6-29a3-48d9-90c1-2138903a9d82",
              "parentUUID": "5ee5b7e2-54d4-4101-a9e6-a42f2e60f6eb",
              "isHook": false,
              "skipped": false
            }
          ],
          "suites": [],
          "passes": [
            "ba21d2e6-29a3-48d9-90c1-2138903a9d82"
          ],
          "failures": [],
          "pending": [],
          "skipped": [],
          "duration": 128,
          "root": false,
          "rootEmpty": false,
          "_timeout": 2000
        },
        {
          "uuid": "47c98edc-fc8a-46b2-b8b4-6be652fe9f66",
          "title": "Cypress.env()",
          "fullFile": "",
          "file": "",
          "beforeHooks": [],
          "afterHooks": [],
          "tests": [
            {
              "title": "Get environment variables",
              "fullTitle": "Cypress.env() Get environment variables",
              "timedOut": null,
              "duration": 101,
              "state": "passed",
              "speed": "slow",
              "pass": true,
              "fail": false,
              "pending": false,
              "context": null,
              "code": "// https://on.cypress.io/env\n// set multiple environment variables\nCypress.env({\n  host: \"veronica.dev.local\",\n  api_server: \"http://localhost:8888/v1/\"\n}); // get environment variable\nexpect(Cypress.env(\"host\")).to.eq(\"veronica.dev.local\"); // set environment variable\nCypress.env(\"api_server\", \"http://localhost:8888/v2/\");\nexpect(Cypress.env(\"api_server\")).to.eq(\"http://localhost:8888/v2/\"); // get all environment variable\nexpect(Cypress.env()).to.have.property(\"host\", \"veronica.dev.local\");\nexpect(Cypress.env()).to.have.property(\"api_server\", \"http://localhost:8888/v2/\");",
              "err": {},
              "uuid": "6d8ec2fd-5262-4475-9711-b7e0f120f676",
              "parentUUID": "47c98edc-fc8a-46b2-b8b4-6be652fe9f66",
              "isHook": false,
              "skipped": false
            }
          ],
          "suites": [],
          "passes": [
            "6d8ec2fd-5262-4475-9711-b7e0f120f676"
          ],
          "failures": [],
          "pending": [],
          "skipped": [],
          "duration": 101,
          "root": false,
          "rootEmpty": false,
          "_timeout": 2000
        },
        {
          "uuid": "c56d3ca1-af0c-44ec-9dc4-ece810c66a28",
          "title": "Cypress.log",
          "fullFile": "",
          "file": "",
          "beforeHooks": [],
          "afterHooks": [],
          "tests": [
            {
              "title": "Control what is printed to the Command Log",
              "fullTitle": "Cypress.log Control what is printed to the Command Log",
              "timedOut": null,
              "duration": 111,
              "state": "passed",
              "speed": "slow",
              "pass": true,
              "fail": false,
              "pending": false,
              "context": null,
              "code": "// https://on.cypress.io/cypress-log",
              "err": {},
              "uuid": "9bd9ad90-c81a-4a61-8d85-740810e3de96",
              "parentUUID": "c56d3ca1-af0c-44ec-9dc4-ece810c66a28",
              "isHook": false,
              "skipped": false
            }
          ],
          "suites": [],
          "passes": [
            "9bd9ad90-c81a-4a61-8d85-740810e3de96"
          ],
          "failures": [],
          "pending": [],
          "skipped": [],
          "duration": 111,
          "root": false,
          "rootEmpty": false,
          "_timeout": 2000
        },
        {
          "uuid": "7944f14e-63b4-43de-8082-5fe147aad341",
          "title": "Cypress.platform",
          "fullFile": "",
          "file": "",
          "beforeHooks": [],
          "afterHooks": [],
          "tests": [
            {
              "title": "Get underlying OS name",
              "fullTitle": "Cypress.platform Get underlying OS name",
              "timedOut": null,
              "duration": 100,
              "state": "passed",
              "speed": "slow",
              "pass": true,
              "fail": false,
              "pending": false,
              "context": null,
              "code": "// https://on.cypress.io/platform\nexpect(Cypress.platform).to.be.exist;",
              "err": {},
              "uuid": "d24b608a-b0d2-4b1f-9629-72aa397e7300",
              "parentUUID": "7944f14e-63b4-43de-8082-5fe147aad341",
              "isHook": false,
              "skipped": false
            }
          ],
          "suites": [],
          "passes": [
            "d24b608a-b0d2-4b1f-9629-72aa397e7300"
          ],
          "failures": [],
          "pending": [],
          "skipped": [],
          "duration": 100,
          "root": false,
          "rootEmpty": false,
          "_timeout": 2000
        },
        {
          "uuid": "b9055514-2d3c-448d-b746-e439ecc172d9",
          "title": "Cypress.version",
          "fullFile": "",
          "file": "",
          "beforeHooks": [],
          "afterHooks": [],
          "tests": [
            {
              "title": "Get current version of Cypress being run",
              "fullTitle": "Cypress.version Get current version of Cypress being run",
              "timedOut": null,
              "duration": 172,
              "state": "passed",
              "speed": "slow",
              "pass": true,
              "fail": false,
              "pending": false,
              "context": null,
              "code": "// https://on.cypress.io/version\nexpect(Cypress.version).to.be.exist;",
              "err": {},
              "uuid": "4926af60-412b-4800-a4f5-a8d72f49cae9",
              "parentUUID": "b9055514-2d3c-448d-b746-e439ecc172d9",
              "isHook": false,
              "skipped": false
            }
          ],
          "suites": [],
          "passes": [
            "4926af60-412b-4800-a4f5-a8d72f49cae9"
          ],
          "failures": [],
          "pending": [],
          "skipped": [],
          "duration": 172,
          "root": false,
          "rootEmpty": false,
          "_timeout": 2000
        },
        {
          "uuid": "598a1324-b148-44bb-8c97-aa9f45c537e7",
          "title": "Cypress.spec",
          "fullFile": "",
          "file": "",
          "beforeHooks": [],
          "afterHooks": [],
          "tests": [
            {
              "title": "Get current spec information",
              "fullTitle": "Cypress.spec Get current spec information",
              "timedOut": null,
              "duration": 193,
              "state": "passed",
              "speed": "slow",
              "pass": true,
              "fail": false,
              "pending": false,
              "context": null,
              "code": "// https://on.cypress.io/spec\n// wrap the object so we can inspect it easily by clicking in the command log\ncy.wrap(Cypress.spec).should(\"include.keys\", [\"name\", \"relative\", \"absolute\"]);",
              "err": {},
              "uuid": "42d9768c-6a97-48af-a5eb-5c1caf3d0ef7",
              "parentUUID": "598a1324-b148-44bb-8c97-aa9f45c537e7",
              "isHook": false,
              "skipped": false
            }
          ],
          "suites": [],
          "passes": [
            "42d9768c-6a97-48af-a5eb-5c1caf3d0ef7"
          ],
          "failures": [],
          "pending": [],
          "skipped": [],
          "duration": 193,
          "root": false,
          "rootEmpty": false,
          "_timeout": 2000
        }
      ],
      "passes": [],
      "failures": [],
      "pending": [],
      "skipped": [],
      "duration": 0,
      "root": true,
      "rootEmpty": true,
      "_timeout": 2000
    }
  ],
  "meta": {
    "mocha": {
      "version": "7.0.1"
    },
    "mochawesome": {
      "options": {
        "quiet": false,
        "reportFilename": "mochawesome",
        "saveHtml": false,
        "saveJson": true,
        "consoleReporter": "spec",
        "useInlineDiffs": false,
        "code": true
      },
      "version": "6.2.2"
    },
    "marge": {
      "options": {
        "id": "default",
        "reportDir": "cypress/reports/mocha",
        "quite": true,
        "overwrite": false,
        "html": false,
        "json": true
      },
      "version": "5.2.0"
    }
  }
}