{
  "stats": {
    "suites": 1,
    "tests": 18,
    "passes": 18,
    "pending": 0,
    "failures": 0,
    "start": "2021-03-23T07:55:28.294Z",
    "end": "2021-03-23T07:55:33.787Z",
    "duration": 5493,
    "testsRegistered": 18,
    "passPercent": 100,
    "pendingPercent": 0,
    "other": 0,
    "hasOther": false,
    "skipped": 0,
    "hasSkipped": false
  },
  "results": [
    {
      "uuid": "508736cc-c9bf-46eb-a228-652b7f0f2330",
      "title": "",
      "fullFile": "cypress/integration/examples/traversal.spec.js",
      "file": "cypress/integration/examples/traversal.spec.js",
      "beforeHooks": [],
      "afterHooks": [],
      "tests": [],
      "suites": [
        {
          "uuid": "4aa58419-9bd0-47da-91ff-5cebe48c2076",
          "title": "Traversal",
          "fullFile": "",
          "file": "",
          "beforeHooks": [],
          "afterHooks": [],
          "tests": [
            {
              "title": ".children() - get child DOM elements",
              "fullTitle": "Traversal .children() - get child DOM elements",
              "timedOut": null,
              "duration": 522,
              "state": "passed",
              "speed": "slow",
              "pass": true,
              "fail": false,
              "pending": false,
              "context": null,
              "code": "// https://on.cypress.io/children\ncy.get(\".traversal-breadcrumb\").children(\".active\").should(\"contain\", \"Data\");",
              "err": {},
              "uuid": "3649c332-43e2-46ba-a262-f0a52cf3feb6",
              "parentUUID": "4aa58419-9bd0-47da-91ff-5cebe48c2076",
              "isHook": false,
              "skipped": false
            },
            {
              "title": ".closest() - get closest ancestor DOM element",
              "fullTitle": "Traversal .closest() - get closest ancestor DOM element",
              "timedOut": null,
              "duration": 216,
              "state": "passed",
              "speed": "slow",
              "pass": true,
              "fail": false,
              "pending": false,
              "context": null,
              "code": "// https://on.cypress.io/closest\ncy.get(\".traversal-badge\").closest(\"ul\").should(\"have.class\", \"list-group\");",
              "err": {},
              "uuid": "1c26efc4-1d63-493a-9566-e16d98f7c20f",
              "parentUUID": "4aa58419-9bd0-47da-91ff-5cebe48c2076",
              "isHook": false,
              "skipped": false
            },
            {
              "title": ".eq() - get a DOM element at a specific index",
              "fullTitle": "Traversal .eq() - get a DOM element at a specific index",
              "timedOut": null,
              "duration": 238,
              "state": "passed",
              "speed": "slow",
              "pass": true,
              "fail": false,
              "pending": false,
              "context": null,
              "code": "// https://on.cypress.io/eq\ncy.get(\".traversal-list>li\").eq(1).should(\"contain\", \"siamese\");",
              "err": {},
              "uuid": "e1a4b4a3-29b2-499d-ac14-fa1aa1d9eca5",
              "parentUUID": "4aa58419-9bd0-47da-91ff-5cebe48c2076",
              "isHook": false,
              "skipped": false
            },
            {
              "title": ".filter() - get DOM elements that match the selector",
              "fullTitle": "Traversal .filter() - get DOM elements that match the selector",
              "timedOut": null,
              "duration": 230,
              "state": "passed",
              "speed": "slow",
              "pass": true,
              "fail": false,
              "pending": false,
              "context": null,
              "code": "// https://on.cypress.io/filter\ncy.get(\".traversal-nav>li\").filter(\".active\").should(\"contain\", \"About\");",
              "err": {},
              "uuid": "493bf050-6319-4308-b7ae-4b7c82b0378b",
              "parentUUID": "4aa58419-9bd0-47da-91ff-5cebe48c2076",
              "isHook": false,
              "skipped": false
            },
            {
              "title": ".find() - get descendant DOM elements of the selector",
              "fullTitle": "Traversal .find() - get descendant DOM elements of the selector",
              "timedOut": null,
              "duration": 207,
              "state": "passed",
              "speed": "slow",
              "pass": true,
              "fail": false,
              "pending": false,
              "context": null,
              "code": "// https://on.cypress.io/find\ncy.get(\".traversal-pagination\").find(\"li\").find(\"a\").should(\"have.length\", 7);",
              "err": {},
              "uuid": "a82ffc06-9603-4c46-81c5-3bbe8ef50120",
              "parentUUID": "4aa58419-9bd0-47da-91ff-5cebe48c2076",
              "isHook": false,
              "skipped": false
            },
            {
              "title": ".first() - get first DOM element",
              "fullTitle": "Traversal .first() - get first DOM element",
              "timedOut": null,
              "duration": 220,
              "state": "passed",
              "speed": "slow",
              "pass": true,
              "fail": false,
              "pending": false,
              "context": null,
              "code": "// https://on.cypress.io/first\ncy.get(\".traversal-table td\").first().should(\"contain\", \"1\");",
              "err": {},
              "uuid": "72f7a3ec-3c56-4b0f-b105-f79bd8338bad",
              "parentUUID": "4aa58419-9bd0-47da-91ff-5cebe48c2076",
              "isHook": false,
              "skipped": false
            },
            {
              "title": ".last() - get last DOM element",
              "fullTitle": "Traversal .last() - get last DOM element",
              "timedOut": null,
              "duration": 241,
              "state": "passed",
              "speed": "slow",
              "pass": true,
              "fail": false,
              "pending": false,
              "context": null,
              "code": "// https://on.cypress.io/last\ncy.get(\".traversal-buttons .btn\").last().should(\"contain\", \"Submit\");",
              "err": {},
              "uuid": "03e77d0d-a8e0-4594-af24-95affef30330",
              "parentUUID": "4aa58419-9bd0-47da-91ff-5cebe48c2076",
              "isHook": false,
              "skipped": false
            },
            {
              "title": ".next() - get next sibling DOM element",
              "fullTitle": "Traversal .next() - get next sibling DOM element",
              "timedOut": null,
              "duration": 204,
              "state": "passed",
              "speed": "slow",
              "pass": true,
              "fail": false,
              "pending": false,
              "context": null,
              "code": "// https://on.cypress.io/next\ncy.get(\".traversal-ul\").contains(\"apples\").next().should(\"contain\", \"oranges\");",
              "err": {},
              "uuid": "a4f65851-b615-43b0-9b50-064c98da905a",
              "parentUUID": "4aa58419-9bd0-47da-91ff-5cebe48c2076",
              "isHook": false,
              "skipped": false
            },
            {
              "title": ".nextAll() - get all next sibling DOM elements",
              "fullTitle": "Traversal .nextAll() - get all next sibling DOM elements",
              "timedOut": null,
              "duration": 206,
              "state": "passed",
              "speed": "slow",
              "pass": true,
              "fail": false,
              "pending": false,
              "context": null,
              "code": "// https://on.cypress.io/nextall\ncy.get(\".traversal-next-all\").contains(\"oranges\").nextAll().should(\"have.length\", 3);",
              "err": {},
              "uuid": "d5b96c66-8aa2-4331-bca5-7615cfad5bfd",
              "parentUUID": "4aa58419-9bd0-47da-91ff-5cebe48c2076",
              "isHook": false,
              "skipped": false
            },
            {
              "title": ".nextUntil() - get next sibling DOM elements until next el",
              "fullTitle": "Traversal .nextUntil() - get next sibling DOM elements until next el",
              "timedOut": null,
              "duration": 201,
              "state": "passed",
              "speed": "slow",
              "pass": true,
              "fail": false,
              "pending": false,
              "context": null,
              "code": "// https://on.cypress.io/nextuntil\ncy.get(\"#veggies\").nextUntil(\"#nuts\").should(\"have.length\", 3);",
              "err": {},
              "uuid": "d25f0ec5-969f-4636-baf5-5e62a8b6bd36",
              "parentUUID": "4aa58419-9bd0-47da-91ff-5cebe48c2076",
              "isHook": false,
              "skipped": false
            },
            {
              "title": ".not() - remove DOM elements from set of DOM elements",
              "fullTitle": "Traversal .not() - remove DOM elements from set of DOM elements",
              "timedOut": null,
              "duration": 217,
              "state": "passed",
              "speed": "slow",
              "pass": true,
              "fail": false,
              "pending": false,
              "context": null,
              "code": "// https://on.cypress.io/not\ncy.get(\".traversal-disabled .btn\").not(\"[disabled]\").should(\"not.contain\", \"Disabled\");",
              "err": {},
              "uuid": "cd017d85-0468-45f9-8445-f7287e223a58",
              "parentUUID": "4aa58419-9bd0-47da-91ff-5cebe48c2076",
              "isHook": false,
              "skipped": false
            },
            {
              "title": ".parent() - get parent DOM element from DOM elements",
              "fullTitle": "Traversal .parent() - get parent DOM element from DOM elements",
              "timedOut": null,
              "duration": 197,
              "state": "passed",
              "speed": "slow",
              "pass": true,
              "fail": false,
              "pending": false,
              "context": null,
              "code": "// https://on.cypress.io/parent\ncy.get(\".traversal-mark\").parent().should(\"contain\", \"Morbi leo risus\");",
              "err": {},
              "uuid": "9c30f657-828c-4226-a859-be9f466baf65",
              "parentUUID": "4aa58419-9bd0-47da-91ff-5cebe48c2076",
              "isHook": false,
              "skipped": false
            },
            {
              "title": ".parents() - get parent DOM elements from DOM elements",
              "fullTitle": "Traversal .parents() - get parent DOM elements from DOM elements",
              "timedOut": null,
              "duration": 199,
              "state": "passed",
              "speed": "slow",
              "pass": true,
              "fail": false,
              "pending": false,
              "context": null,
              "code": "// https://on.cypress.io/parents\ncy.get(\".traversal-cite\").parents().should(\"match\", \"blockquote\");",
              "err": {},
              "uuid": "e268650e-6936-4db0-92b9-2955421c689a",
              "parentUUID": "4aa58419-9bd0-47da-91ff-5cebe48c2076",
              "isHook": false,
              "skipped": false
            },
            {
              "title": ".parentsUntil() - get parent DOM elements from DOM elements until el",
              "fullTitle": "Traversal .parentsUntil() - get parent DOM elements from DOM elements until el",
              "timedOut": null,
              "duration": 201,
              "state": "passed",
              "speed": "slow",
              "pass": true,
              "fail": false,
              "pending": false,
              "context": null,
              "code": "// https://on.cypress.io/parentsuntil\ncy.get(\".clothes-nav\").find(\".active\").parentsUntil(\".clothes-nav\").should(\"have.length\", 2);",
              "err": {},
              "uuid": "8d6c036b-55e1-413c-93ef-801a76ce4c3d",
              "parentUUID": "4aa58419-9bd0-47da-91ff-5cebe48c2076",
              "isHook": false,
              "skipped": false
            },
            {
              "title": ".prev() - get previous sibling DOM element",
              "fullTitle": "Traversal .prev() - get previous sibling DOM element",
              "timedOut": null,
              "duration": 208,
              "state": "passed",
              "speed": "slow",
              "pass": true,
              "fail": false,
              "pending": false,
              "context": null,
              "code": "// https://on.cypress.io/prev\ncy.get(\".birds\").find(\".active\").prev().should(\"contain\", \"Lorikeets\");",
              "err": {},
              "uuid": "e101415d-7304-4873-84dc-45c9a672ed95",
              "parentUUID": "4aa58419-9bd0-47da-91ff-5cebe48c2076",
              "isHook": false,
              "skipped": false
            },
            {
              "title": ".prevAll() - get all previous sibling DOM elements",
              "fullTitle": "Traversal .prevAll() - get all previous sibling DOM elements",
              "timedOut": null,
              "duration": 245,
              "state": "passed",
              "speed": "slow",
              "pass": true,
              "fail": false,
              "pending": false,
              "context": null,
              "code": "// https://on.cypress.io/prevall\ncy.get(\".fruits-list\").find(\".third\").prevAll().should(\"have.length\", 2);",
              "err": {},
              "uuid": "3f2d40fc-d61d-41f0-b470-7b35e508e6ee",
              "parentUUID": "4aa58419-9bd0-47da-91ff-5cebe48c2076",
              "isHook": false,
              "skipped": false
            },
            {
              "title": ".prevUntil() - get all previous sibling DOM elements until el",
              "fullTitle": "Traversal .prevUntil() - get all previous sibling DOM elements until el",
              "timedOut": null,
              "duration": 229,
              "state": "passed",
              "speed": "slow",
              "pass": true,
              "fail": false,
              "pending": false,
              "context": null,
              "code": "// https://on.cypress.io/prevuntil\ncy.get(\".foods-list\").find(\"#nuts\").prevUntil(\"#veggies\").should(\"have.length\", 3);",
              "err": {},
              "uuid": "bd7e9b7e-6db4-4078-a120-fc942aca7869",
              "parentUUID": "4aa58419-9bd0-47da-91ff-5cebe48c2076",
              "isHook": false,
              "skipped": false
            },
            {
              "title": ".siblings() - get all sibling DOM elements",
              "fullTitle": "Traversal .siblings() - get all sibling DOM elements",
              "timedOut": null,
              "duration": 225,
              "state": "passed",
              "speed": "slow",
              "pass": true,
              "fail": false,
              "pending": false,
              "context": null,
              "code": "// https://on.cypress.io/siblings\ncy.get(\".traversal-pills .active\").siblings().should(\"have.length\", 2);",
              "err": {},
              "uuid": "fe2a604f-89b5-4576-98bd-8ca58af8a425",
              "parentUUID": "4aa58419-9bd0-47da-91ff-5cebe48c2076",
              "isHook": false,
              "skipped": false
            }
          ],
          "suites": [],
          "passes": [
            "3649c332-43e2-46ba-a262-f0a52cf3feb6",
            "1c26efc4-1d63-493a-9566-e16d98f7c20f",
            "e1a4b4a3-29b2-499d-ac14-fa1aa1d9eca5",
            "493bf050-6319-4308-b7ae-4b7c82b0378b",
            "a82ffc06-9603-4c46-81c5-3bbe8ef50120",
            "72f7a3ec-3c56-4b0f-b105-f79bd8338bad",
            "03e77d0d-a8e0-4594-af24-95affef30330",
            "a4f65851-b615-43b0-9b50-064c98da905a",
            "d5b96c66-8aa2-4331-bca5-7615cfad5bfd",
            "d25f0ec5-969f-4636-baf5-5e62a8b6bd36",
            "cd017d85-0468-45f9-8445-f7287e223a58",
            "9c30f657-828c-4226-a859-be9f466baf65",
            "e268650e-6936-4db0-92b9-2955421c689a",
            "8d6c036b-55e1-413c-93ef-801a76ce4c3d",
            "e101415d-7304-4873-84dc-45c9a672ed95",
            "3f2d40fc-d61d-41f0-b470-7b35e508e6ee",
            "bd7e9b7e-6db4-4078-a120-fc942aca7869",
            "fe2a604f-89b5-4576-98bd-8ca58af8a425"
          ],
          "failures": [],
          "pending": [],
          "skipped": [],
          "duration": 4206,
          "root": false,
          "rootEmpty": false,
          "_timeout": 2000
        }
      ],
      "passes": [],
      "failures": [],
      "pending": [],
      "skipped": [],
      "duration": 0,
      "root": true,
      "rootEmpty": true,
      "_timeout": 2000
    }
  ],
  "meta": {
    "mocha": {
      "version": "7.2.0"
    },
    "mochawesome": {
      "options": {
        "quiet": false,
        "reportFilename": "mochawesome",
        "saveHtml": false,
        "saveJson": true,
        "consoleReporter": "spec",
        "useInlineDiffs": false,
        "code": true
      },
      "version": "6.2.2"
    },
    "marge": {
      "options": {
        "id": "default",
        "reportDir": "cypress/reports/mocha",
        "quite": true,
        "overwrite": false,
        "html": false,
        "json": true
      },
      "version": "5.2.0"
    }
  }
}