{
  "stats": {
    "suites": 1,
    "tests": 5,
    "passes": 5,
    "pending": 0,
    "failures": 0,
    "start": "2021-03-23T08:20:21.562Z",
    "end": "2021-03-23T08:20:26.346Z",
    "duration": 4784,
    "testsRegistered": 5,
    "passPercent": 100,
    "pendingPercent": 0,
    "other": 0,
    "hasOther": false,
    "skipped": 0,
    "hasSkipped": false
  },
  "results": [
    {
      "uuid": "48698a9b-a881-4658-b5ad-b3eff430e1c5",
      "title": "",
      "fullFile": "cypress/integration/examples/utilities.spec.js",
      "file": "cypress/integration/examples/utilities.spec.js",
      "beforeHooks": [],
      "afterHooks": [],
      "tests": [],
      "suites": [
        {
          "uuid": "7a171985-614f-4aed-b391-c5df4ff8a6b4",
          "title": "Utilities",
          "fullFile": "",
          "file": "",
          "beforeHooks": [],
          "afterHooks": [],
          "tests": [
            {
              "title": "Cypress._ - call a lodash method",
              "fullTitle": "Utilities Cypress._ - call a lodash method",
              "timedOut": null,
              "duration": 1280,
              "state": "passed",
              "speed": "slow",
              "pass": true,
              "fail": false,
              "pending": false,
              "context": null,
              "code": "// https://on.cypress.io/_\ncy.request(\"https://jsonplaceholder.cypress.io/users\").then(function (response) {\n  var ids = Cypress._.chain(response.body).map(\"id\").take(3).value();\n  expect(ids).to.deep.eq([1, 2, 3]);\n});",
              "err": {},
              "uuid": "28ce0f3e-08e6-4370-beb5-f388c655dca6",
              "parentUUID": "7a171985-614f-4aed-b391-c5df4ff8a6b4",
              "isHook": false,
              "skipped": false
            },
            {
              "title": "Cypress.$ - call a jQuery method",
              "fullTitle": "Utilities Cypress.$ - call a jQuery method",
              "timedOut": null,
              "duration": 297,
              "state": "passed",
              "speed": "slow",
              "pass": true,
              "fail": false,
              "pending": false,
              "context": null,
              "code": "// https://on.cypress.io/$\nvar $li = Cypress.$(\".utility-jquery li:first\");\ncy.wrap($li).should(\"not.have.class\", \"active\").click().should(\"have.class\", \"active\");",
              "err": {},
              "uuid": "b7ed9adf-5255-4d3f-85e3-19b0fd09341d",
              "parentUUID": "7a171985-614f-4aed-b391-c5df4ff8a6b4",
              "isHook": false,
              "skipped": false
            },
            {
              "title": "Cypress.Blob - blob utilities and base64 string conversion",
              "fullTitle": "Utilities Cypress.Blob - blob utilities and base64 string conversion",
              "timedOut": null,
              "duration": 735,
              "state": "passed",
              "speed": "slow",
              "pass": true,
              "fail": false,
              "pending": false,
              "context": null,
              "code": "// https://on.cypress.io/blob\ncy.get(\".utility-blob\").then(function ($div) {\n  // https://github.com/nolanlawson/blob-util#imgSrcToDataURL\n  // get the dataUrl string for the javascript-logo\n  return Cypress.Blob.imgSrcToDataURL(\"https://example.cypress.io/assets/img/javascript-logo.png\", undefined, \"anonymous\").then(function (dataUrl) {\n    // create an <img> element and set its src to the dataUrl\n    var img = Cypress.$(\"<img />\", {\n      src: dataUrl\n    }); // need to explicitly return cy here since we are initially returning\n    // the Cypress.Blob.imgSrcToDataURL promise to our test\n    // append the image\n    $div.append(img);\n    cy.get(\".utility-blob img\").click().should(\"have.attr\", \"src\", dataUrl);\n  });\n});",
              "err": {},
              "uuid": "48c7a6bb-10d4-40e2-bacb-19ab5f07c4f3",
              "parentUUID": "7a171985-614f-4aed-b391-c5df4ff8a6b4",
              "isHook": false,
              "skipped": false
            },
            {
              "title": "Cypress.minimatch - test out glob patterns against strings",
              "fullTitle": "Utilities Cypress.minimatch - test out glob patterns against strings",
              "timedOut": null,
              "duration": 113,
              "state": "passed",
              "speed": "slow",
              "pass": true,
              "fail": false,
              "pending": false,
              "context": null,
              "code": "// https://on.cypress.io/minimatch\nvar matching = Cypress.minimatch(\"/users/1/comments\", \"/users/*/comments\", {\n  matchBase: true\n});\nexpect(matching, \"matching wildcard\").to.be[\"true\"];\nmatching = Cypress.minimatch(\"/users/1/comments/2\", \"/users/*/comments\", {\n  matchBase: true\n});\nexpect(matching, \"comments\").to.be[\"false\"]; // ** matches against all downstream path segments\nmatching = Cypress.minimatch(\"/foo/bar/baz/123/quux?a=b&c=2\", \"/foo/**\", {\n  matchBase: true\n});\nexpect(matching, \"comments\").to.be[\"true\"]; // whereas * matches only the next path segment\nmatching = Cypress.minimatch(\"/foo/bar/baz/123/quux?a=b&c=2\", \"/foo/*\", {\n  matchBase: false\n});\nexpect(matching, \"comments\").to.be[\"false\"];",
              "err": {},
              "uuid": "bf97e0bb-e73b-4932-a629-8541f6074c64",
              "parentUUID": "7a171985-614f-4aed-b391-c5df4ff8a6b4",
              "isHook": false,
              "skipped": false
            },
            {
              "title": "Cypress.Promise - instantiate a bluebird promise",
              "fullTitle": "Utilities Cypress.Promise - instantiate a bluebird promise",
              "timedOut": null,
              "duration": 1094,
              "state": "passed",
              "speed": "slow",
              "pass": true,
              "fail": false,
              "pending": false,
              "context": null,
              "code": "// https://on.cypress.io/promise\nvar waited = false;\n/**\n * @return Bluebird<string>\n */\nfunction waitOneSecond() {\n  // return a promise that resolves after 1 second\n  // @ts-ignore TS2351 (new Cypress.Promise)\n  return new Cypress.Promise(function (resolve, reject) {\n    setTimeout(function () {\n      // set waited to true\n      waited = true; // resolve with 'foo' string\n      resolve(\"foo\");\n    }, 1000);\n  });\n}\ncy.then(function () {\n  // return a promise to cy.then() that\n  // is awaited until it resolves\n  // @ts-ignore TS7006\n  return waitOneSecond().then(function (str) {\n    expect(str).to.eq(\"foo\");\n    expect(waited).to.be[\"true\"];\n  });\n});",
              "err": {},
              "uuid": "94be0c45-67ba-467d-8831-92d01965ea78",
              "parentUUID": "7a171985-614f-4aed-b391-c5df4ff8a6b4",
              "isHook": false,
              "skipped": false
            }
          ],
          "suites": [],
          "passes": [
            "28ce0f3e-08e6-4370-beb5-f388c655dca6",
            "b7ed9adf-5255-4d3f-85e3-19b0fd09341d",
            "48c7a6bb-10d4-40e2-bacb-19ab5f07c4f3",
            "bf97e0bb-e73b-4932-a629-8541f6074c64",
            "94be0c45-67ba-467d-8831-92d01965ea78"
          ],
          "failures": [],
          "pending": [],
          "skipped": [],
          "duration": 3519,
          "root": false,
          "rootEmpty": false,
          "_timeout": 2000
        }
      ],
      "passes": [],
      "failures": [],
      "pending": [],
      "skipped": [],
      "duration": 0,
      "root": true,
      "rootEmpty": true,
      "_timeout": 2000
    }
  ],
  "meta": {
    "mocha": {
      "version": "7.0.1"
    },
    "mochawesome": {
      "options": {
        "quiet": false,
        "reportFilename": "mochawesome",
        "saveHtml": false,
        "saveJson": true,
        "consoleReporter": "spec",
        "useInlineDiffs": false,
        "code": true
      },
      "version": "6.2.2"
    },
    "marge": {
      "options": {
        "id": "default",
        "reportDir": "cypress/reports/mocha",
        "quite": true,
        "overwrite": false,
        "html": false,
        "json": true
      },
      "version": "5.2.0"
    }
  }
}