{
  "stats": {
    "suites": 1,
    "tests": 0,
    "passes": 0,
    "pending": 0,
    "failures": 0,
    "start": "2021-03-23T07:58:57.858Z",
    "end": "2021-03-23T07:59:11.170Z",
    "duration": 13312,
    "testsRegistered": 2,
    "passPercent": 0,
    "pendingPercent": 0,
    "other": 1,
    "hasOther": true,
    "skipped": 2,
    "hasSkipped": true
  },
  "results": [
    {
      "uuid": "a4664268-4a1d-42bb-a898-1bf183a7be90",
      "title": "",
      "fullFile": "cypress/integration/tests/thenCommand.spec.js",
      "file": "cypress/integration/tests/thenCommand.spec.js",
      "beforeHooks": [],
      "afterHooks": [],
      "tests": [],
      "suites": [
        {
          "uuid": "ae4101f8-8ea7-4018-804a-315981c27ced",
          "title": "Create and mark-unmark as favorite",
          "fullFile": "",
          "file": "",
          "beforeHooks": [],
          "afterHooks": [],
          "tests": [
            {
              "title": "Create a post",
              "fullTitle": "Create and mark-unmark as favorite Create a post",
              "timedOut": null,
              "duration": 13290,
              "state": "failed",
              "speed": null,
              "pass": false,
              "fail": true,
              "pending": false,
              "context": null,
              "code": "cy.get(\"ul.navbar-nav\").children().contains(\"New Post\").click();\ncy.hash().should(\"include\", \"#/editor\");\ncy.get(\"form\").within(function ($form) {\n  cy.get(\"input\").first().type(\"Test\");\n  cy.get(\"input\").eq(1).type(\"Test 1\");\n  cy.get(\"textarea\").last().type(\"Test 2\");\n  cy.contains(\"Publish Article\").click();\n});\ncy.url().should(\"include\", \"article\");",
              "err": {
                "message": "CypressError: Timed out retrying: Expected to find content: 'Your Feed' but never did.\n\nBecause this error occurred during a 'before all' hook we are skipping the remaining tests in the current suite: 'Create and mark-unmark as f...'",
                "estack": "CypressError: Timed out retrying: Expected to find content: 'Your Feed' but never did.\n\nBecause this error occurred during a 'before all' hook we are skipping the remaining tests in the current suite: 'Create and mark-unmark as f...'\n    at Object.cypressErr (https://react-redux.realworld.io/__cypress/runner/cypress_runner.js:86207:11)\n    at Object.throwErr (https://react-redux.realworld.io/__cypress/runner/cypress_runner.js:86162:18)\n    at Object.throwErrByPath (https://react-redux.realworld.io/__cypress/runner/cypress_runner.js:86194:17)\n    at retry (https://react-redux.realworld.io/__cypress/runner/cypress_runner.js:76849:16)\n    at onFailFn (https://react-redux.realworld.io/__cypress/runner/cypress_runner.js:65634:16)\n    at tryCatcher (https://react-redux.realworld.io/__cypress/runner/cypress_runner.js:120203:23)\n    at Promise._settlePromiseFromHandler (https://react-redux.realworld.io/__cypress/runner/cypress_runner.js:118139:31)\n    at Promise._settlePromise (https://react-redux.realworld.io/__cypress/runner/cypress_runner.js:118196:18)\n    at Promise._settlePromise0 (https://react-redux.realworld.io/__cypress/runner/cypress_runner.js:118241:10)\n    at Promise._settlePromises (https://react-redux.realworld.io/__cypress/runner/cypress_runner.js:118316:18)\n    at Async../node_modules/bluebird/js/release/async.js.Async._drainQueue (https://react-redux.realworld.io/__cypress/runner/cypress_runner.js:114928:16)\n    at Async../node_modules/bluebird/js/release/async.js.Async._drainQueues (https://react-redux.realworld.io/__cypress/runner/cypress_runner.js:114938:10)\n    at Async.drainQueues (https://react-redux.realworld.io/__cypress/runner/cypress_runner.js:114812:14)",
                "diff": null
              },
              "uuid": "e9b4e803-2443-4122-b334-35b852f36bc6",
              "parentUUID": "ae4101f8-8ea7-4018-804a-315981c27ced",
              "isHook": false,
              "skipped": false
            },
            {
              "title": "Mark-unmark as favorite",
              "fullTitle": "Create and mark-unmark as favorite Mark-unmark as favorite",
              "timedOut": null,
              "duration": 0,
              "state": "skipped",
              "speed": null,
              "pass": false,
              "fail": false,
              "pending": false,
              "context": null,
              "code": "cy.get(\"ul.navbar-nav\").children().contains(\"QAMs\").click();\ncy.contains(\"My Articles\").should(\"be.visible\");\ncy.get(\".ion-heart\").first().click();\ncy.contains(\"Favorited Articles\").click();\ncy.url().should(\"include\", \"favorites\");\ncy.get(\".btn-primary\").first().then(function ($fav) {\n  var favCount = $fav.text();\n  expect(parseInt(favCount)).to.eq(1);\n}).click();\ncy.reload();\ncy.contains(\"No articles are here... yet.\").should(\"be.visible\");\ncy.go(\"back\");",
              "err": {},
              "uuid": "ba7df0e1-2395-46af-9e2d-ec24859385b0",
              "parentUUID": "ae4101f8-8ea7-4018-804a-315981c27ced",
              "isHook": false,
              "skipped": true
            }
          ],
          "suites": [],
          "passes": [],
          "failures": [
            "e9b4e803-2443-4122-b334-35b852f36bc6"
          ],
          "pending": [],
          "skipped": [
            "ba7df0e1-2395-46af-9e2d-ec24859385b0"
          ],
          "duration": 13290,
          "root": false,
          "rootEmpty": false,
          "_timeout": 2000
        }
      ],
      "passes": [],
      "failures": [],
      "pending": [],
      "skipped": [],
      "duration": 0,
      "root": true,
      "rootEmpty": true,
      "_timeout": 2000
    }
  ],
  "meta": {
    "mocha": {
      "version": "7.2.0"
    },
    "mochawesome": {
      "options": {
        "quiet": false,
        "reportFilename": "mochawesome",
        "saveHtml": false,
        "saveJson": true,
        "consoleReporter": "spec",
        "useInlineDiffs": false,
        "code": true
      },
      "version": "6.2.2"
    },
    "marge": {
      "options": {
        "id": "default",
        "reportDir": "cypress/reports/mocha",
        "quite": true,
        "overwrite": false,
        "html": false,
        "json": true
      },
      "version": "5.2.0"
    }
  }
}