{
  "stats": {
    "suites": 1,
    "tests": 1,
    "passes": 0,
    "pending": 0,
    "failures": 1,
    "start": "2021-03-23T08:23:41.452Z",
    "end": "2021-03-23T08:24:01.664Z",
    "duration": 20212,
    "testsRegistered": 1,
    "passPercent": 0,
    "pendingPercent": 0,
    "other": 0,
    "hasOther": false,
    "skipped": 0,
    "hasSkipped": false
  },
  "results": [
    {
      "uuid": "25d09e26-fd63-4902-87d6-c4cca98d6c11",
      "title": "",
      "fullFile": "cypress/integration/tests/uploadFiles.spec.js",
      "file": "cypress/integration/tests/uploadFiles.spec.js",
      "beforeHooks": [],
      "afterHooks": [],
      "tests": [],
      "suites": [
        {
          "uuid": "e4ddc4db-00d9-4eb9-9e0a-08076d8dc8a5",
          "title": "Working with plugins",
          "fullFile": "",
          "file": "",
          "beforeHooks": [],
          "afterHooks": [],
          "tests": [
            {
              "title": "File upload",
              "fullTitle": "Working with plugins File upload",
              "timedOut": null,
              "duration": 17565,
              "state": "failed",
              "speed": null,
              "pass": false,
              "fail": true,
              "pending": false,
              "context": null,
              "code": "cy.visit(\"https://cgi-lib.berkeley.edu/ex/fup.html\"); // upload file\nvar fileName = \"dummy.pdf\";\n/* For cypress-file-upload version < 4.0.0\n    cy.fixture(fileName).then(fileContent => {\n        cy.get('[type=\"file\"]').upload({ fileContent, fileName, mimeType: 'application/pdf' });\n    })*/\n// For cypress-file-upload version > 4.0.0\ncy.get('[type=\"file\"]').attachFile(fileName);\ncy.get('[type=\"submit\"]').click();\ncy.contains(\"You've uploaded a file.  Your notes on the file were:\");",
              "err": {
                "message": "AssertionError: Timed out retrying after 15000ms: Expected to find content: 'You've uploaded a file.  Your notes on the file were:' but never did.",
                "estack": "AssertionError: Timed out retrying after 15000ms: Expected to find content: 'You've uploaded a file.  Your notes on the file were:' but never did.\n    at Context.eval (https://cgi-lib.berkeley.edu/__cypress/tests?p=cypress/integration/tests/uploadFiles.spec.js:18:8)",
                "diff": null
              },
              "uuid": "e1620a72-46cf-430f-9793-0e7240360317",
              "parentUUID": "e4ddc4db-00d9-4eb9-9e0a-08076d8dc8a5",
              "isHook": false,
              "skipped": false
            }
          ],
          "suites": [],
          "passes": [],
          "failures": [
            "e1620a72-46cf-430f-9793-0e7240360317"
          ],
          "pending": [],
          "skipped": [],
          "duration": 17565,
          "root": false,
          "rootEmpty": false,
          "_timeout": 2000
        }
      ],
      "passes": [],
      "failures": [],
      "pending": [],
      "skipped": [],
      "duration": 0,
      "root": true,
      "rootEmpty": true,
      "_timeout": 2000
    }
  ],
  "meta": {
    "mocha": {
      "version": "7.0.1"
    },
    "mochawesome": {
      "options": {
        "quiet": false,
        "reportFilename": "mochawesome",
        "saveHtml": false,
        "saveJson": true,
        "consoleReporter": "spec",
        "useInlineDiffs": false,
        "code": true
      },
      "version": "6.2.2"
    },
    "marge": {
      "options": {
        "id": "default",
        "reportDir": "cypress/reports/mocha",
        "quite": true,
        "overwrite": false,
        "html": false,
        "json": true
      },
      "version": "5.2.0"
    }
  }
}