{
  "stats": {
    "suites": 1,
    "tests": 14,
    "passes": 14,
    "pending": 0,
    "failures": 0,
    "start": "2021-03-23T07:53:52.911Z",
    "end": "2021-03-23T07:54:09.392Z",
    "duration": 16481,
    "testsRegistered": 14,
    "passPercent": 100,
    "pendingPercent": 0,
    "other": 0,
    "hasOther": false,
    "skipped": 0,
    "hasSkipped": false
  },
  "results": [
    {
      "uuid": "3f79dfee-0440-4cdf-a28d-34b0d7df56bd",
      "title": "",
      "fullFile": "cypress/integration/examples/actions.spec.js",
      "file": "cypress/integration/examples/actions.spec.js",
      "beforeHooks": [],
      "afterHooks": [],
      "tests": [],
      "suites": [
        {
          "uuid": "7b848f24-ff76-4318-a539-9cad1c5dfe2e",
          "title": "Actions",
          "fullFile": "",
          "file": "",
          "beforeHooks": [],
          "afterHooks": [],
          "tests": [
            {
              "title": ".type() - type into a DOM element",
              "fullTitle": "Actions .type() - type into a DOM element",
              "timedOut": null,
              "duration": 4914,
              "state": "passed",
              "speed": "slow",
              "pass": true,
              "fail": false,
              "pending": false,
              "context": null,
              "code": "// https://on.cypress.io/type\ncy.get(\".action-email\").type(\"fake@email.com\").should(\"have.value\", \"fake@email.com\") // .type() with special character sequences\n.type(\"{leftarrow}{rightarrow}{uparrow}{downarrow}\").type(\"{del}{selectall}{backspace}\") // .type() with key modifiers\n.type(\"{alt}{option}\") //these are equivalent\n.type(\"{ctrl}{control}\") //these are equivalent\n.type(\"{meta}{command}{cmd}\") //these are equivalent\n.type(\"{shift}\") // Delay each keypress by 0.1 sec\n.type(\"slow.typing@email.com\", {\n  delay: 100\n}).should(\"have.value\", \"slow.typing@email.com\");\ncy.get(\".action-disabled\") // Ignore error checking prior to type\n// like whether the input is visible or disabled\n.type(\"disabled error checking\", {\n  force: true\n}).should(\"have.value\", \"disabled error checking\");",
              "err": {},
              "uuid": "d1b88e34-ddca-4279-bd7d-0ae6ace61734",
              "parentUUID": "7b848f24-ff76-4318-a539-9cad1c5dfe2e",
              "isHook": false,
              "skipped": false
            },
            {
              "title": ".focus() - focus on a DOM element",
              "fullTitle": "Actions .focus() - focus on a DOM element",
              "timedOut": null,
              "duration": 206,
              "state": "passed",
              "speed": "slow",
              "pass": true,
              "fail": false,
              "pending": false,
              "context": null,
              "code": "// https://on.cypress.io/focus\ncy.get(\".action-focus\").focus().should(\"have.class\", \"focus\").prev().should(\"have.attr\", \"style\", \"color: orange;\");",
              "err": {},
              "uuid": "774c2759-76ec-4c91-8528-40ebf559ae44",
              "parentUUID": "7b848f24-ff76-4318-a539-9cad1c5dfe2e",
              "isHook": false,
              "skipped": false
            },
            {
              "title": ".blur() - blur off a DOM element",
              "fullTitle": "Actions .blur() - blur off a DOM element",
              "timedOut": null,
              "duration": 461,
              "state": "passed",
              "speed": "slow",
              "pass": true,
              "fail": false,
              "pending": false,
              "context": null,
              "code": "// https://on.cypress.io/blur\ncy.get(\".action-blur\").type(\"About to blur\").blur().should(\"have.class\", \"error\").prev().should(\"have.attr\", \"style\", \"color: red;\");",
              "err": {},
              "uuid": "cdff30a9-9238-4f8e-ba80-d51241b49cae",
              "parentUUID": "7b848f24-ff76-4318-a539-9cad1c5dfe2e",
              "isHook": false,
              "skipped": false
            },
            {
              "title": ".clear() - clears an input or textarea element",
              "fullTitle": "Actions .clear() - clears an input or textarea element",
              "timedOut": null,
              "duration": 594,
              "state": "passed",
              "speed": "slow",
              "pass": true,
              "fail": false,
              "pending": false,
              "context": null,
              "code": "// https://on.cypress.io/clear\ncy.get(\".action-clear\").type(\"Clear this text\").should(\"have.value\", \"Clear this text\").clear().should(\"have.value\", \"\");",
              "err": {},
              "uuid": "80a3ca77-b40e-496b-8eff-08468e71dd61",
              "parentUUID": "7b848f24-ff76-4318-a539-9cad1c5dfe2e",
              "isHook": false,
              "skipped": false
            },
            {
              "title": ".submit() - submit a form",
              "fullTitle": "Actions .submit() - submit a form",
              "timedOut": null,
              "duration": 526,
              "state": "passed",
              "speed": "slow",
              "pass": true,
              "fail": false,
              "pending": false,
              "context": null,
              "code": "// https://on.cypress.io/submit\ncy.get(\".action-form\").find('[type=\"text\"]').type(\"HALFOFF\");\ncy.get(\".action-form\").submit().next().should(\"contain\", \"Your form has been submitted!\");",
              "err": {},
              "uuid": "855dde5b-62f8-41a4-a445-dac3e0c8b634",
              "parentUUID": "7b848f24-ff76-4318-a539-9cad1c5dfe2e",
              "isHook": false,
              "skipped": false
            },
            {
              "title": ".click() - click on a DOM element",
              "fullTitle": "Actions .click() - click on a DOM element",
              "timedOut": null,
              "duration": 2107,
              "state": "passed",
              "speed": "slow",
              "pass": true,
              "fail": false,
              "pending": false,
              "context": null,
              "code": "// https://on.cypress.io/click\ncy.get(\".action-btn\").click(); // You can click on 9 specific positions of an element:\n//  -----------------------------------\n// | topLeft        top       topRight |\n// |                                   |\n// |                                   |\n// |                                   |\n// | left          center        right |\n// |                                   |\n// |                                   |\n// |                                   |\n// | bottomLeft   bottom   bottomRight |\n//  -----------------------------------\n// clicking in the center of the element is the default\ncy.get(\"#action-canvas\").click();\ncy.get(\"#action-canvas\").click(\"topLeft\");\ncy.get(\"#action-canvas\").click(\"top\");\ncy.get(\"#action-canvas\").click(\"topRight\");\ncy.get(\"#action-canvas\").click(\"left\");\ncy.get(\"#action-canvas\").click(\"right\");\ncy.get(\"#action-canvas\").click(\"bottomLeft\");\ncy.get(\"#action-canvas\").click(\"bottom\");\ncy.get(\"#action-canvas\").click(\"bottomRight\"); // .click() accepts an x and y coordinate\n// that controls where the click occurs :)\ncy.get(\"#action-canvas\").click(80, 75) // click 80px on x coord and 75px on y coord\n.click(170, 75).click(80, 165).click(100, 185).click(125, 190).click(150, 185).click(170, 165); // click multiple elements by passing multiple: true\ncy.get(\".action-labels>.label\").click({\n  multiple: true\n}); // Ignore error checking prior to clicking\ncy.get(\".action-opacity>.btn\").click({\n  force: true\n});",
              "err": {},
              "uuid": "6046b90e-378b-451f-865d-26ec02368a4a",
              "parentUUID": "7b848f24-ff76-4318-a539-9cad1c5dfe2e",
              "isHook": false,
              "skipped": false
            },
            {
              "title": ".dblclick() - double click on a DOM element",
              "fullTitle": "Actions .dblclick() - double click on a DOM element",
              "timedOut": null,
              "duration": 365,
              "state": "passed",
              "speed": "slow",
              "pass": true,
              "fail": false,
              "pending": false,
              "context": null,
              "code": "// https://on.cypress.io/dblclick\n// Our app has a listener on 'dblclick' event in our 'scripts.js'\n// that hides the div and shows an input on double click\ncy.get(\".action-div\").dblclick().should(\"not.be.visible\");\ncy.get(\".action-input-hidden\").should(\"be.visible\");",
              "err": {},
              "uuid": "332465e0-0e6e-47fd-a25f-bc68c2d77c6d",
              "parentUUID": "7b848f24-ff76-4318-a539-9cad1c5dfe2e",
              "isHook": false,
              "skipped": false
            },
            {
              "title": ".rightclick() - right click on a DOM element",
              "fullTitle": "Actions .rightclick() - right click on a DOM element",
              "timedOut": null,
              "duration": 243,
              "state": "passed",
              "speed": "slow",
              "pass": true,
              "fail": false,
              "pending": false,
              "context": null,
              "code": "// https://on.cypress.io/rightclick\n// Our app has a listener on 'contextmenu' event in our 'scripts.js'\n// that hides the div and shows an input on right click\ncy.get(\".rightclick-action-div\").rightclick().should(\"not.be.visible\");\ncy.get(\".rightclick-action-input-hidden\").should(\"be.visible\");",
              "err": {},
              "uuid": "4bbd26bc-93ce-4441-9200-47d46976e732",
              "parentUUID": "7b848f24-ff76-4318-a539-9cad1c5dfe2e",
              "isHook": false,
              "skipped": false
            },
            {
              "title": ".check() - check a checkbox or radio element",
              "fullTitle": "Actions .check() - check a checkbox or radio element",
              "timedOut": null,
              "duration": 905,
              "state": "passed",
              "speed": "slow",
              "pass": true,
              "fail": false,
              "pending": false,
              "context": null,
              "code": "// https://on.cypress.io/check\n// By default, .check() will check all\n// matching checkbox or radio elements in succession, one after another\ncy.get('.action-checkboxes [type=\"checkbox\"]').not(\"[disabled]\").check().should(\"be.checked\");\ncy.get('.action-radios [type=\"radio\"]').not(\"[disabled]\").check().should(\"be.checked\"); // .check() accepts a value argument\ncy.get('.action-radios [type=\"radio\"]').check(\"radio1\").should(\"be.checked\"); // .check() accepts an array of values\ncy.get('.action-multiple-checkboxes [type=\"checkbox\"]').check([\"checkbox1\", \"checkbox2\"]).should(\"be.checked\"); // Ignore error checking prior to checking\ncy.get(\".action-checkboxes [disabled]\").check({\n  force: true\n}).should(\"be.checked\");\ncy.get('.action-radios [type=\"radio\"]').check(\"radio3\", {\n  force: true\n}).should(\"be.checked\");",
              "err": {},
              "uuid": "6c48a67e-bff0-4b65-a58d-93ba607cc7aa",
              "parentUUID": "7b848f24-ff76-4318-a539-9cad1c5dfe2e",
              "isHook": false,
              "skipped": false
            },
            {
              "title": ".uncheck() - uncheck a checkbox element",
              "fullTitle": "Actions .uncheck() - uncheck a checkbox element",
              "timedOut": null,
              "duration": 860,
              "state": "passed",
              "speed": "slow",
              "pass": true,
              "fail": false,
              "pending": false,
              "context": null,
              "code": "// https://on.cypress.io/uncheck\n// By default, .uncheck() will uncheck all matching\n// checkbox elements in succession, one after another\ncy.get('.action-check [type=\"checkbox\"]').not(\"[disabled]\").uncheck().should(\"not.be.checked\"); // .uncheck() accepts a value argument\ncy.get('.action-check [type=\"checkbox\"]').check(\"checkbox1\").uncheck(\"checkbox1\").should(\"not.be.checked\"); // .uncheck() accepts an array of values\ncy.get('.action-check [type=\"checkbox\"]').check([\"checkbox1\", \"checkbox3\"]).uncheck([\"checkbox1\", \"checkbox3\"]).should(\"not.be.checked\"); // Ignore error checking prior to unchecking\ncy.get(\".action-check [disabled]\").uncheck({\n  force: true\n}).should(\"not.be.checked\");",
              "err": {},
              "uuid": "b3a911da-7ef1-4800-bd45-154061cfd0b0",
              "parentUUID": "7b848f24-ff76-4318-a539-9cad1c5dfe2e",
              "isHook": false,
              "skipped": false
            },
            {
              "title": ".select() - select an option in a <select> element",
              "fullTitle": "Actions .select() - select an option in a <select> element",
              "timedOut": null,
              "duration": 1013,
              "state": "passed",
              "speed": "slow",
              "pass": true,
              "fail": false,
              "pending": false,
              "context": null,
              "code": "// https://on.cypress.io/select\n// at first, no option should be selected\ncy.get(\".action-select\").should(\"have.value\", \"--Select a fruit--\"); // Select option(s) with matching text content\ncy.get(\".action-select\").select(\"apples\"); // confirm the apples were selected\n// note that each value starts with \"fr-\" in our HTML\ncy.get(\".action-select\").should(\"have.value\", \"fr-apples\");\ncy.get(\".action-select-multiple\").select([\"apples\", \"oranges\", \"bananas\"]) // when getting multiple values, invoke \"val\" method first\n.invoke(\"val\").should(\"deep.equal\", [\"fr-apples\", \"fr-oranges\", \"fr-bananas\"]); // Select option(s) with matching value\ncy.get(\".action-select\").select(\"fr-bananas\") // can attach an assertion right away to the element\n.should(\"have.value\", \"fr-bananas\");\ncy.get(\".action-select-multiple\").select([\"fr-apples\", \"fr-oranges\", \"fr-bananas\"]).invoke(\"val\").should(\"deep.equal\", [\"fr-apples\", \"fr-oranges\", \"fr-bananas\"]); // assert the selected values include oranges\ncy.get(\".action-select-multiple\").invoke(\"val\").should(\"include\", \"fr-oranges\");",
              "err": {},
              "uuid": "8ee7a01e-a295-47d9-b8e8-eabfbfd2a5bb",
              "parentUUID": "7b848f24-ff76-4318-a539-9cad1c5dfe2e",
              "isHook": false,
              "skipped": false
            },
            {
              "title": ".scrollIntoView() - scroll an element into view",
              "fullTitle": "Actions .scrollIntoView() - scroll an element into view",
              "timedOut": null,
              "duration": 219,
              "state": "passed",
              "speed": "slow",
              "pass": true,
              "fail": false,
              "pending": false,
              "context": null,
              "code": "// https://on.cypress.io/scrollintoview\n// normally all of these buttons are hidden,\n// because they're not within\n// the viewable area of their parent\n// (we need to scroll to see them)\ncy.get(\"#scroll-horizontal button\").should(\"not.be.visible\"); // scroll the button into view, as if the user had scrolled\ncy.get(\"#scroll-horizontal button\").scrollIntoView().should(\"be.visible\");\ncy.get(\"#scroll-vertical button\").should(\"not.be.visible\"); // Cypress handles the scroll direction needed\ncy.get(\"#scroll-vertical button\").scrollIntoView().should(\"be.visible\");\ncy.get(\"#scroll-both button\").should(\"not.be.visible\"); // Cypress knows to scroll to the right and down\ncy.get(\"#scroll-both button\").scrollIntoView().should(\"be.visible\");",
              "err": {},
              "uuid": "75f8ddd1-dfdc-4781-8de6-f3f6edefb605",
              "parentUUID": "7b848f24-ff76-4318-a539-9cad1c5dfe2e",
              "isHook": false,
              "skipped": false
            },
            {
              "title": ".trigger() - trigger an event on a DOM element",
              "fullTitle": "Actions .trigger() - trigger an event on a DOM element",
              "timedOut": null,
              "duration": 189,
              "state": "passed",
              "speed": "slow",
              "pass": true,
              "fail": false,
              "pending": false,
              "context": null,
              "code": "// https://on.cypress.io/trigger\n// To interact with a range input (slider)\n// we need to set its value & trigger the\n// event to signal it changed\n// Here, we invoke jQuery's val() method to set\n// the value and trigger the 'change' event\ncy.get(\".trigger-input-range\").invoke(\"val\", 25).trigger(\"change\").get(\"input[type=range]\").siblings(\"p\").should(\"have.text\", \"25\");",
              "err": {},
              "uuid": "d9dcae56-f5ae-4ffc-a230-587c6d43da69",
              "parentUUID": "7b848f24-ff76-4318-a539-9cad1c5dfe2e",
              "isHook": false,
              "skipped": false
            },
            {
              "title": "cy.scrollTo() - scroll the window or element to a position",
              "fullTitle": "Actions cy.scrollTo() - scroll the window or element to a position",
              "timedOut": null,
              "duration": 2275,
              "state": "passed",
              "speed": "slow",
              "pass": true,
              "fail": false,
              "pending": false,
              "context": null,
              "code": "// https://on.cypress.io/scrollto\n// You can scroll to 9 specific positions of an element:\n//  -----------------------------------\n// | topLeft        top       topRight |\n// |                                   |\n// |                                   |\n// |                                   |\n// | left          center        right |\n// |                                   |\n// |                                   |\n// |                                   |\n// | bottomLeft   bottom   bottomRight |\n//  -----------------------------------\n// if you chain .scrollTo() off of cy, we will\n// scroll the entire window\ncy.scrollTo(\"bottom\");\ncy.get(\"#scrollable-horizontal\").scrollTo(\"right\"); // or you can scroll to a specific coordinate:\n// (x axis, y axis) in pixels\ncy.get(\"#scrollable-vertical\").scrollTo(250, 250); // or you can scroll to a specific percentage\n// of the (width, height) of the element\ncy.get(\"#scrollable-both\").scrollTo(\"75%\", \"25%\"); // control the easing of the scroll (default is 'swing')\ncy.get(\"#scrollable-vertical\").scrollTo(\"center\", {\n  easing: \"linear\"\n}); // control the duration of the scroll (in ms)\ncy.get(\"#scrollable-both\").scrollTo(\"center\", {\n  duration: 2000\n});",
              "err": {},
              "uuid": "338d9aa4-5383-44e7-aeb4-cfd1181bf5f5",
              "parentUUID": "7b848f24-ff76-4318-a539-9cad1c5dfe2e",
              "isHook": false,
              "skipped": false
            }
          ],
          "suites": [],
          "passes": [
            "d1b88e34-ddca-4279-bd7d-0ae6ace61734",
            "774c2759-76ec-4c91-8528-40ebf559ae44",
            "cdff30a9-9238-4f8e-ba80-d51241b49cae",
            "80a3ca77-b40e-496b-8eff-08468e71dd61",
            "855dde5b-62f8-41a4-a445-dac3e0c8b634",
            "6046b90e-378b-451f-865d-26ec02368a4a",
            "332465e0-0e6e-47fd-a25f-bc68c2d77c6d",
            "4bbd26bc-93ce-4441-9200-47d46976e732",
            "6c48a67e-bff0-4b65-a58d-93ba607cc7aa",
            "b3a911da-7ef1-4800-bd45-154061cfd0b0",
            "8ee7a01e-a295-47d9-b8e8-eabfbfd2a5bb",
            "75f8ddd1-dfdc-4781-8de6-f3f6edefb605",
            "d9dcae56-f5ae-4ffc-a230-587c6d43da69",
            "338d9aa4-5383-44e7-aeb4-cfd1181bf5f5"
          ],
          "failures": [],
          "pending": [],
          "skipped": [],
          "duration": 14877,
          "root": false,
          "rootEmpty": false,
          "_timeout": 2000
        }
      ],
      "passes": [],
      "failures": [],
      "pending": [],
      "skipped": [],
      "duration": 0,
      "root": true,
      "rootEmpty": true,
      "_timeout": 2000
    }
  ],
  "meta": {
    "mocha": {
      "version": "7.2.0"
    },
    "mochawesome": {
      "options": {
        "quiet": false,
        "reportFilename": "mochawesome",
        "saveHtml": false,
        "saveJson": true,
        "consoleReporter": "spec",
        "useInlineDiffs": false,
        "code": true
      },
      "version": "6.2.2"
    },
    "marge": {
      "options": {
        "id": "default",
        "reportDir": "cypress/reports/mocha",
        "quite": true,
        "overwrite": false,
        "html": false,
        "json": true
      },
      "version": "5.2.0"
    }
  }
}