{
  "stats": {
    "suites": 1,
    "tests": 3,
    "passes": 1,
    "pending": 0,
    "failures": 2,
    "start": "2021-03-23T07:56:25.244Z",
    "end": "2021-03-23T07:56:44.350Z",
    "duration": 19106,
    "testsRegistered": 3,
    "passPercent": 33.33333333333333,
    "pendingPercent": 0,
    "other": 0,
    "hasOther": false,
    "skipped": 0,
    "hasSkipped": false
  },
  "results": [
    {
      "uuid": "bdeee298-b70d-4768-a1bc-d94a4e4b9dcc",
      "title": "",
      "fullFile": "cypress/integration/tests/api.spec.js",
      "file": "cypress/integration/tests/api.spec.js",
      "beforeHooks": [],
      "afterHooks": [],
      "tests": [],
      "suites": [
        {
          "uuid": "3d586541-c56d-4ee7-8ddb-490b6508054f",
          "title": "API Testing",
          "fullFile": "",
          "file": "",
          "beforeHooks": [],
          "afterHooks": [],
          "tests": [
            {
              "title": "GET - read",
              "fullTitle": "API Testing GET - read",
              "timedOut": null,
              "duration": 1363,
              "state": "passed",
              "speed": "slow",
              "pass": true,
              "fail": false,
              "pending": false,
              "context": null,
              "code": "cy.request(\"/employees\").then(function (response) {\n  expect(response).to.have.property(\"status\", 200);\n  expect(response.body).to.not.be[\"null\"];\n  expect(response.body.data).to.have.length(24);\n});",
              "err": {},
              "uuid": "aa0cb01d-86ef-4c9c-8a0d-4b0c9ddc55fd",
              "parentUUID": "3d586541-c56d-4ee7-8ddb-490b6508054f",
              "isHook": false,
              "skipped": false
            },
            {
              "title": "POST - create",
              "fullTitle": "API Testing POST - create",
              "timedOut": null,
              "duration": 1308,
              "state": "failed",
              "speed": null,
              "pass": false,
              "fail": true,
              "pending": false,
              "context": null,
              "code": "var item = {\n  name: \"test\",\n  salary: \"123\",\n  age: \"23\"\n};\ncy.request(\"POST\", \"/create\", item).its(\"body\").its(\"data\") // .should('deep.eq', item)\n.should(\"include\", {\n  name: \"test\"\n});",
              "err": {
                "message": "CypressError: cy.request() failed on:\n\nhttp://dummy.restapiexample.com/api/v1/create\n\nThe response we received from your web server was:\n\n  > 429: Too Many Requests\n\nThis was considered a failure because the status code was not '2xx' or '3xx'.\n\nIf you do not want status codes to cause failures pass the option: 'failOnStatusCode: false'\n\n-----------------------------------------------------------\n\nThe request we sent was:\n\nMethod: POST\nURL: http://dummy.restapiexample.com/api/v1/create\nHeaders: {\n  \"Connection\": \"keep-alive\",\n  \"user-agent\": \"Mozilla/5.0 (Macintosh; Intel Mac OS X 10_16_0) AppleWebKit/537.36 (KHTML, like Gecko) Cypress/3.8.3 Chrome/78.0.3904.130 Electron/7.1.10 Safari/537.36\",\n  \"accept\": \"*/*\",\n  \"accept-encoding\": \"gzip, deflate\",\n  \"content-type\": \"application/json\",\n  \"content-length\": 41\n}\nBody: {\"name\":\"test\",\"salary\":\"123\",\"age\":\"23\"}\n\n-----------------------------------------------------------\n\nThe response we got was:\n\nStatus: 429 - Too Many Requests\nHeaders: {\n  \"content-encoding\": \"gzip\",\n  \"content-type\": \"text/html; charset=UTF-8\",\n  \"date\": \"Tue, 23 Mar 2021 07:56:27 GMT\",\n  \"display\": \"staticcontent_sol\",\n  \"expires\": \"Mon, 22 Mar 2021 07:56:27 GMT\",\n  \"host-header\": \"c2hhcmVkLmJsdWVob3N0LmNvbQ==\",\n  \"pagespeed\": \"off\",\n  \"referrer-policy\": \"\",\n  \"response\": \"429\",\n  \"retry-after\": \"22\",\n  \"server\": \"nginx/1.16.0\",\n  \"set-cookie\": [\n    \"ezopvc_133674=1; Path=/; Domain=restapiexample.com; Expires=Tue, 23 Mar 2021 08:26:27 UTC\",\n    \"ezepvv=0; Path=/; Domain=restapiexample.com; Expires=Wed, 24 Mar 2021 07:56:27 UTC\",\n    \"ezovid_133674=1554598548; Path=/; Domain=restapiexample.com; Expires=Tue, 23 Mar 2021 08:26:27 UTC\",\n    \"lp_133674=http://dummy.restapiexample.com/api/v1/create; Path=/; Domain=restapiexample.com; Expires=Tue, 23 Mar 2021 08:26:27 UTC\",\n    \"ezovuuidtime_133674=1616486187; Path=/; Domain=restapiexample.com; Expires=Thu, 25 Mar 2021 07:56:27 UTC\",\n    \"ezovuuid_133674=17fa7d0d-3da7-4322-7723-0dd8dabcd9bb; Path=/; Domain=restapiexample.com; Expires=Tue, 23 Mar 2021 08:26:27 UTC\",\n    \"ezCMPCCS=true; Path=/; Domain=restapiexample.com; Expires=Wed, 23 Mar 2022 07:56:27 GMT\"\n  ],\n  \"vary\": \"Accept-Encoding, Accept-Encoding,Origin\",\n  \"x-ezoic-cdn\": \"Miss\",\n  \"x-middleton-display\": \"staticcontent_sol\",\n  \"x-middleton-response\": \"429\",\n  \"x-ratelimit-limit\": \"60\",\n  \"x-ratelimit-remaining\": \"57\",\n  \"x-ratelimit-reset\": \"1616486209\",\n  \"x-sol\": \"pub_site\",\n  \"content-length\": \"588\"\n}\nBody: <!DOCTYPE html>\n<html lang=\"en\">\n    <head>\n        <meta charset=\"utf-8\">\n        <meta name=\"viewport\" content=\"width=device-width, initial-scale=1\">\n\n        <title>Too Many Requests</title>\n\n        <!-- Fonts -->\n        <link rel=\"dns-prefetch\" href=\"//fonts.gstatic.com\">\n        <link href=\"https://fonts.googleapis.com/css?family=Nunito\" rel=\"stylesheet\">\n\n        <!-- Styles -->\n        <style>\n            html, body {\n                background-color: #fff;\n                color: #636b6f;\n                font-family: 'Nunito', sans-serif;\n                font-weight: 100;\n                height: 100vh;\n                margin: 0;\n            }\n\n            .full-height {\n                height: 100vh;\n            }\n\n            .flex-center {\n                align-items: center;\n                display: flex;\n                justify-content: center;\n            }\n\n            .position-ref {\n                position: relative;\n            }\n\n            .code {\n                border-right: 2px solid;\n                font-size: 26px;\n                padding: 0 15px 0 15px;\n                text-align: center;\n            }\n\n            .message {\n                font-size: 18px;\n                text-align: center;\n            }\n        </style>\n    </head>\n    <body>\n        <div class=\"flex-center position-ref full-height\">\n            <div class=\"code\">\n                429            </div>\n\n            <div class=\"message\" style=\"padding: 10px;\">\n                Too Many Requests            </div>\n        </div>\n    </body>\n</html>",
                "estack": "CypressError: cy.request() failed on:\n\nhttp://dummy.restapiexample.com/api/v1/create\n\nThe response we received from your web server was:\n\n  > 429: Too Many Requests\n\nThis was considered a failure because the status code was not '2xx' or '3xx'.\n\nIf you do not want status codes to cause failures pass the option: 'failOnStatusCode: false'\n\n-----------------------------------------------------------\n\nThe request we sent was:\n\nMethod: POST\nURL: http://dummy.restapiexample.com/api/v1/create\nHeaders: {\n  \"Connection\": \"keep-alive\",\n  \"user-agent\": \"Mozilla/5.0 (Macintosh; Intel Mac OS X 10_16_0) AppleWebKit/537.36 (KHTML, like Gecko) Cypress/3.8.3 Chrome/78.0.3904.130 Electron/7.1.10 Safari/537.36\",\n  \"accept\": \"*/*\",\n  \"accept-encoding\": \"gzip, deflate\",\n  \"content-type\": \"application/json\",\n  \"content-length\": 41\n}\nBody: {\"name\":\"test\",\"salary\":\"123\",\"age\":\"23\"}\n\n-----------------------------------------------------------\n\nThe response we got was:\n\nStatus: 429 - Too Many Requests\nHeaders: {\n  \"content-encoding\": \"gzip\",\n  \"content-type\": \"text/html; charset=UTF-8\",\n  \"date\": \"Tue, 23 Mar 2021 07:56:27 GMT\",\n  \"display\": \"staticcontent_sol\",\n  \"expires\": \"Mon, 22 Mar 2021 07:56:27 GMT\",\n  \"host-header\": \"c2hhcmVkLmJsdWVob3N0LmNvbQ==\",\n  \"pagespeed\": \"off\",\n  \"referrer-policy\": \"\",\n  \"response\": \"429\",\n  \"retry-after\": \"22\",\n  \"server\": \"nginx/1.16.0\",\n  \"set-cookie\": [\n    \"ezopvc_133674=1; Path=/; Domain=restapiexample.com; Expires=Tue, 23 Mar 2021 08:26:27 UTC\",\n    \"ezepvv=0; Path=/; Domain=restapiexample.com; Expires=Wed, 24 Mar 2021 07:56:27 UTC\",\n    \"ezovid_133674=1554598548; Path=/; Domain=restapiexample.com; Expires=Tue, 23 Mar 2021 08:26:27 UTC\",\n    \"lp_133674=http://dummy.restapiexample.com/api/v1/create; Path=/; Domain=restapiexample.com; Expires=Tue, 23 Mar 2021 08:26:27 UTC\",\n    \"ezovuuidtime_133674=1616486187; Path=/; Domain=restapiexample.com; Expires=Thu, 25 Mar 2021 07:56:27 UTC\",\n    \"ezovuuid_133674=17fa7d0d-3da7-4322-7723-0dd8dabcd9bb; Path=/; Domain=restapiexample.com; Expires=Tue, 23 Mar 2021 08:26:27 UTC\",\n    \"ezCMPCCS=true; Path=/; Domain=restapiexample.com; Expires=Wed, 23 Mar 2022 07:56:27 GMT\"\n  ],\n  \"vary\": \"Accept-Encoding, Accept-Encoding,Origin\",\n  \"x-ezoic-cdn\": \"Miss\",\n  \"x-middleton-display\": \"staticcontent_sol\",\n  \"x-middleton-response\": \"429\",\n  \"x-ratelimit-limit\": \"60\",\n  \"x-ratelimit-remaining\": \"57\",\n  \"x-ratelimit-reset\": \"1616486209\",\n  \"x-sol\": \"pub_site\",\n  \"content-length\": \"588\"\n}\nBody: <!DOCTYPE html>\n<html lang=\"en\">\n    <head>\n        <meta charset=\"utf-8\">\n        <meta name=\"viewport\" content=\"width=device-width, initial-scale=1\">\n\n        <title>Too Many Requests</title>\n\n        <!-- Fonts -->\n        <link rel=\"dns-prefetch\" href=\"//fonts.gstatic.com\">\n        <link href=\"https://fonts.googleapis.com/css?family=Nunito\" rel=\"stylesheet\">\n\n        <!-- Styles -->\n        <style>\n            html, body {\n                background-color: #fff;\n                color: #636b6f;\n                font-family: 'Nunito', sans-serif;\n                font-weight: 100;\n                height: 100vh;\n                margin: 0;\n            }\n\n            .full-height {\n                height: 100vh;\n            }\n\n            .flex-center {\n                align-items: center;\n                display: flex;\n                justify-content: center;\n            }\n\n            .position-ref {\n                position: relative;\n            }\n\n            .code {\n                border-right: 2px solid;\n                font-size: 26px;\n                padding: 0 15px 0 15px;\n                text-align: center;\n            }\n\n            .message {\n                font-size: 18px;\n                text-align: center;\n            }\n        </style>\n    </head>\n    <body>\n        <div class=\"flex-center position-ref full-height\">\n            <div class=\"code\">\n                429            </div>\n\n            <div class=\"message\" style=\"padding: 10px;\">\n                Too Many Requests            </div>\n        </div>\n    </body>\n</html>\n    at Object.cypressErr (https://react-redux.realworld.io/__cypress/runner/cypress_runner.js:86207:11)\n    at Object.throwErr (https://react-redux.realworld.io/__cypress/runner/cypress_runner.js:86162:18)\n    at Object.throwErrByPath (https://react-redux.realworld.io/__cypress/runner/cypress_runner.js:86194:17)\n    at https://react-redux.realworld.io/__cypress/runner/cypress_runner.js:72496:18\n    at tryCatcher (https://react-redux.realworld.io/__cypress/runner/cypress_runner.js:120203:23)\n    at Promise._settlePromiseFromHandler (https://react-redux.realworld.io/__cypress/runner/cypress_runner.js:118139:31)\n    at Promise._settlePromise (https://react-redux.realworld.io/__cypress/runner/cypress_runner.js:118196:18)\n    at Promise._settlePromise0 (https://react-redux.realworld.io/__cypress/runner/cypress_runner.js:118241:10)\n    at Promise._settlePromises (https://react-redux.realworld.io/__cypress/runner/cypress_runner.js:118320:18)\n    at Async../node_modules/bluebird/js/release/async.js.Async._drainQueue (https://react-redux.realworld.io/__cypress/runner/cypress_runner.js:114928:16)\n    at Async../node_modules/bluebird/js/release/async.js.Async._drainQueues (https://react-redux.realworld.io/__cypress/runner/cypress_runner.js:114938:10)\n    at Async.drainQueues (https://react-redux.realworld.io/__cypress/runner/cypress_runner.js:114812:14)",
                "diff": null
              },
              "uuid": "b416567f-1df7-4c90-9cb2-d32e62da0e18",
              "parentUUID": "3d586541-c56d-4ee7-8ddb-490b6508054f",
              "isHook": false,
              "skipped": false
            },
            {
              "title": "PUT - update",
              "fullTitle": "API Testing PUT - update",
              "timedOut": null,
              "duration": 16397,
              "state": "failed",
              "speed": null,
              "pass": false,
              "fail": true,
              "pending": false,
              "context": null,
              "code": "var item = {\n  name: \"test1\"\n};\ncy.request({\n  method: \"PUT\",\n  url: \"/update/1\",\n  body: item,\n  failOnStatusCode: false\n}).its(\"status\").should(\"eq\", 401);",
              "err": {
                "message": "CypressError: Timed out retrying: expected 429 to equal 401",
                "estack": "CypressError: Timed out retrying: expected 429 to equal 401\n    at Object.cypressErr (https://react-redux.realworld.io/__cypress/runner/cypress_runner.js:86207:11)\n    at Object.throwErr (https://react-redux.realworld.io/__cypress/runner/cypress_runner.js:86162:18)\n    at Object.throwErrByPath (https://react-redux.realworld.io/__cypress/runner/cypress_runner.js:86194:17)\n    at retry (https://react-redux.realworld.io/__cypress/runner/cypress_runner.js:76849:16)\n    at onFailFn (https://react-redux.realworld.io/__cypress/runner/cypress_runner.js:65634:16)\n    at tryCatcher (https://react-redux.realworld.io/__cypress/runner/cypress_runner.js:120203:23)\n    at Promise._settlePromiseFromHandler (https://react-redux.realworld.io/__cypress/runner/cypress_runner.js:118139:31)\n    at Promise._settlePromise (https://react-redux.realworld.io/__cypress/runner/cypress_runner.js:118196:18)\n    at Promise._settlePromise0 (https://react-redux.realworld.io/__cypress/runner/cypress_runner.js:118241:10)\n    at Promise._settlePromises (https://react-redux.realworld.io/__cypress/runner/cypress_runner.js:118316:18)\n    at Async../node_modules/bluebird/js/release/async.js.Async._drainQueue (https://react-redux.realworld.io/__cypress/runner/cypress_runner.js:114928:16)\n    at Async../node_modules/bluebird/js/release/async.js.Async._drainQueues (https://react-redux.realworld.io/__cypress/runner/cypress_runner.js:114938:10)\n    at Async.drainQueues (https://react-redux.realworld.io/__cypress/runner/cypress_runner.js:114812:14)",
                "diff": null
              },
              "uuid": "af8d6de9-07c3-47cd-9e59-99f0b3d557e8",
              "parentUUID": "3d586541-c56d-4ee7-8ddb-490b6508054f",
              "isHook": false,
              "skipped": false
            }
          ],
          "suites": [],
          "passes": [
            "aa0cb01d-86ef-4c9c-8a0d-4b0c9ddc55fd"
          ],
          "failures": [
            "b416567f-1df7-4c90-9cb2-d32e62da0e18",
            "af8d6de9-07c3-47cd-9e59-99f0b3d557e8"
          ],
          "pending": [],
          "skipped": [],
          "duration": 19068,
          "root": false,
          "rootEmpty": false,
          "_timeout": 2000
        }
      ],
      "passes": [],
      "failures": [],
      "pending": [],
      "skipped": [],
      "duration": 0,
      "root": true,
      "rootEmpty": true,
      "_timeout": 2000
    }
  ],
  "meta": {
    "mocha": {
      "version": "7.2.0"
    },
    "mochawesome": {
      "options": {
        "quiet": false,
        "reportFilename": "mochawesome",
        "saveHtml": false,
        "saveJson": true,
        "consoleReporter": "spec",
        "useInlineDiffs": false,
        "code": true
      },
      "version": "6.2.2"
    },
    "marge": {
      "options": {
        "id": "default",
        "reportDir": "cypress/reports/mocha",
        "quite": true,
        "overwrite": false,
        "html": false,
        "json": true
      },
      "version": "5.2.0"
    }
  }
}