{
  "stats": {
    "suites": 1,
    "tests": 3,
    "passes": 3,
    "pending": 0,
    "failures": 0,
    "start": "2021-03-23T07:54:58.072Z",
    "end": "2021-03-23T07:55:01.942Z",
    "duration": 3870,
    "testsRegistered": 3,
    "passPercent": 100,
    "pendingPercent": 0,
    "other": 0,
    "hasOther": false,
    "skipped": 0,
    "hasSkipped": false
  },
  "results": [
    {
      "uuid": "14139b58-6b18-472b-8b02-75a66e82bf70",
      "title": "",
      "fullFile": "cypress/integration/examples/navigation.spec.js",
      "file": "cypress/integration/examples/navigation.spec.js",
      "beforeHooks": [],
      "afterHooks": [],
      "tests": [],
      "suites": [
        {
          "uuid": "dac176eb-8747-45e3-a7d5-a086efeaee44",
          "title": "Navigation",
          "fullFile": "",
          "file": "",
          "beforeHooks": [],
          "afterHooks": [],
          "tests": [
            {
              "title": "cy.go() - go back or forward in the browser's history",
              "fullTitle": "Navigation cy.go() - go back or forward in the browser's history",
              "timedOut": null,
              "duration": 1580,
              "state": "passed",
              "speed": "slow",
              "pass": true,
              "fail": false,
              "pending": false,
              "context": null,
              "code": "// https://on.cypress.io/go\ncy.location(\"pathname\").should(\"include\", \"navigation\");\ncy.go(\"back\");\ncy.location(\"pathname\").should(\"not.include\", \"navigation\");\ncy.go(\"forward\");\ncy.location(\"pathname\").should(\"include\", \"navigation\"); // clicking back\ncy.go(-1);\ncy.location(\"pathname\").should(\"not.include\", \"navigation\"); // clicking forward\ncy.go(1);\ncy.location(\"pathname\").should(\"include\", \"navigation\");",
              "err": {},
              "uuid": "db5ed8f2-360f-4153-a34a-f4854966dbd3",
              "parentUUID": "dac176eb-8747-45e3-a7d5-a086efeaee44",
              "isHook": false,
              "skipped": false
            },
            {
              "title": "cy.reload() - reload the page",
              "fullTitle": "Navigation cy.reload() - reload the page",
              "timedOut": null,
              "duration": 569,
              "state": "passed",
              "speed": "slow",
              "pass": true,
              "fail": false,
              "pending": false,
              "context": null,
              "code": "// https://on.cypress.io/reload\ncy.reload(); // reload the page without using the cache\ncy.reload(true);",
              "err": {},
              "uuid": "fa56fcae-8286-4e22-a4b2-6cb3bf2d801a",
              "parentUUID": "dac176eb-8747-45e3-a7d5-a086efeaee44",
              "isHook": false,
              "skipped": false
            },
            {
              "title": "cy.visit() - visit a remote url",
              "fullTitle": "Navigation cy.visit() - visit a remote url",
              "timedOut": null,
              "duration": 558,
              "state": "passed",
              "speed": "slow",
              "pass": true,
              "fail": false,
              "pending": false,
              "context": null,
              "code": "// https://on.cypress.io/visit\n// Visit any sub-domain of your current domain\n// Pass options to the visit\ncy.visit(\"https://example.cypress.io/commands/navigation\", {\n  timeout: 50000,\n  // increase total time for the visit to resolve\n  onBeforeLoad: function onBeforeLoad(contentWindow) {\n    // contentWindow is the remote page's window object\n    expect((0, _typeof2[\"default\"])(contentWindow) === \"object\").to.be[\"true\"];\n  },\n  onLoad: function onLoad(contentWindow) {\n    // contentWindow is the remote page's window object\n    expect((0, _typeof2[\"default\"])(contentWindow) === \"object\").to.be[\"true\"];\n  }\n});",
              "err": {},
              "uuid": "8772724b-8da0-42bf-b96a-665e22824c84",
              "parentUUID": "dac176eb-8747-45e3-a7d5-a086efeaee44",
              "isHook": false,
              "skipped": false
            }
          ],
          "suites": [],
          "passes": [
            "db5ed8f2-360f-4153-a34a-f4854966dbd3",
            "fa56fcae-8286-4e22-a4b2-6cb3bf2d801a",
            "8772724b-8da0-42bf-b96a-665e22824c84"
          ],
          "failures": [],
          "pending": [],
          "skipped": [],
          "duration": 2707,
          "root": false,
          "rootEmpty": false,
          "_timeout": 2000
        }
      ],
      "passes": [],
      "failures": [],
      "pending": [],
      "skipped": [],
      "duration": 0,
      "root": true,
      "rootEmpty": true,
      "_timeout": 2000
    }
  ],
  "meta": {
    "mocha": {
      "version": "7.2.0"
    },
    "mochawesome": {
      "options": {
        "quiet": false,
        "reportFilename": "mochawesome",
        "saveHtml": false,
        "saveJson": true,
        "consoleReporter": "spec",
        "useInlineDiffs": false,
        "code": true
      },
      "version": "6.2.2"
    },
    "marge": {
      "options": {
        "id": "default",
        "reportDir": "cypress/reports/mocha",
        "quite": true,
        "overwrite": false,
        "html": false,
        "json": true
      },
      "version": "5.2.0"
    }
  }
}