{
  "stats": {
    "suites": 2,
    "tests": 8,
    "passes": 8,
    "pending": 0,
    "failures": 0,
    "start": "2021-03-23T08:18:49.803Z",
    "end": "2021-03-23T08:18:52.749Z",
    "duration": 2946,
    "testsRegistered": 8,
    "passPercent": 100,
    "pendingPercent": 0,
    "other": 0,
    "hasOther": false,
    "skipped": 0,
    "hasSkipped": false
  },
  "results": [
    {
      "uuid": "58c58ea6-69a7-4383-b62c-97b312ab00fc",
      "title": "",
      "fullFile": "cypress/integration/examples/connectors.spec.js",
      "file": "cypress/integration/examples/connectors.spec.js",
      "beforeHooks": [],
      "afterHooks": [],
      "tests": [],
      "suites": [
        {
          "uuid": "eb1724b0-69d5-4584-a761-3aa5cd5e7f84",
          "title": "Connectors",
          "fullFile": "",
          "file": "",
          "beforeHooks": [],
          "afterHooks": [],
          "tests": [
            {
              "title": ".each() - iterate over an array of elements",
              "fullTitle": "Connectors .each() - iterate over an array of elements",
              "timedOut": null,
              "duration": 466,
              "state": "passed",
              "speed": "slow",
              "pass": true,
              "fail": false,
              "pending": false,
              "context": null,
              "code": "// https://on.cypress.io/each\ncy.get(\".connectors-each-ul>li\").each(function ($el, index, $list) {\n  console.log($el, index, $list);\n});",
              "err": {},
              "uuid": "abc4c6da-75e5-42c5-898d-bff61b4e5139",
              "parentUUID": "eb1724b0-69d5-4584-a761-3aa5cd5e7f84",
              "isHook": false,
              "skipped": false
            },
            {
              "title": ".its() - get properties on the current subject",
              "fullTitle": "Connectors .its() - get properties on the current subject",
              "timedOut": null,
              "duration": 185,
              "state": "passed",
              "speed": "slow",
              "pass": true,
              "fail": false,
              "pending": false,
              "context": null,
              "code": "// https://on.cypress.io/its\ncy.get(\".connectors-its-ul>li\") // calls the 'length' property yielding that value\n.its(\"length\").should(\"be.gt\", 2);",
              "err": {},
              "uuid": "8cf173d7-3c0f-4a1a-9e06-9a2491451d0e",
              "parentUUID": "eb1724b0-69d5-4584-a761-3aa5cd5e7f84",
              "isHook": false,
              "skipped": false
            },
            {
              "title": ".invoke() - invoke a function on the current subject",
              "fullTitle": "Connectors .invoke() - invoke a function on the current subject",
              "timedOut": null,
              "duration": 128,
              "state": "passed",
              "speed": "slow",
              "pass": true,
              "fail": false,
              "pending": false,
              "context": null,
              "code": "// our div is hidden in our script.js\n// $('.connectors-div').hide()\n// https://on.cypress.io/invoke\ncy.get(\".connectors-div\").should(\"be.hidden\") // call the jquery method 'show' on the 'div.container'\n.invoke(\"show\").should(\"be.visible\");",
              "err": {},
              "uuid": "b1beda9f-dd6d-4e52-b9ae-a6bd4b31c4f9",
              "parentUUID": "eb1724b0-69d5-4584-a761-3aa5cd5e7f84",
              "isHook": false,
              "skipped": false
            },
            {
              "title": ".spread() - spread an array as individual args to callback function",
              "fullTitle": "Connectors .spread() - spread an array as individual args to callback function",
              "timedOut": null,
              "duration": 124,
              "state": "passed",
              "speed": "slow",
              "pass": true,
              "fail": false,
              "pending": false,
              "context": null,
              "code": "// https://on.cypress.io/spread\nvar arr = [\"foo\", \"bar\", \"baz\"];\ncy.wrap(arr).spread(function (foo, bar, baz) {\n  expect(foo).to.eq(\"foo\");\n  expect(bar).to.eq(\"bar\");\n  expect(baz).to.eq(\"baz\");\n});",
              "err": {},
              "uuid": "6db72342-0507-4f81-8261-cca9f1ff4f89",
              "parentUUID": "eb1724b0-69d5-4584-a761-3aa5cd5e7f84",
              "isHook": false,
              "skipped": false
            }
          ],
          "suites": [
            {
              "uuid": "5447d6b1-72d0-42b5-b36a-82a03ac12d85",
              "title": ".then()",
              "fullFile": "",
              "file": "",
              "beforeHooks": [],
              "afterHooks": [],
              "tests": [
                {
                  "title": "invokes a callback function with the current subject",
                  "fullTitle": "Connectors .then() invokes a callback function with the current subject",
                  "timedOut": null,
                  "duration": 126,
                  "state": "passed",
                  "speed": "slow",
                  "pass": true,
                  "fail": false,
                  "pending": false,
                  "context": null,
                  "code": "// https://on.cypress.io/then\ncy.get(\".connectors-list > li\").then(function ($lis) {\n  expect($lis, \"3 items\").to.have.length(3);\n  expect($lis.eq(0), \"first item\").to.contain(\"Walk the dog\");\n  expect($lis.eq(1), \"second item\").to.contain(\"Feed the cat\");\n  expect($lis.eq(2), \"third item\").to.contain(\"Write JavaScript\");\n});",
                  "err": {},
                  "uuid": "768109e2-3524-430d-8ade-6b6db9ee0678",
                  "parentUUID": "5447d6b1-72d0-42b5-b36a-82a03ac12d85",
                  "isHook": false,
                  "skipped": false
                },
                {
                  "title": "yields the returned value to the next command",
                  "fullTitle": "Connectors .then() yields the returned value to the next command",
                  "timedOut": null,
                  "duration": 184,
                  "state": "passed",
                  "speed": "slow",
                  "pass": true,
                  "fail": false,
                  "pending": false,
                  "context": null,
                  "code": "cy.wrap(1).then(function (num) {\n  expect(num).to.equal(1);\n  return 2;\n}).then(function (num) {\n  expect(num).to.equal(2);\n});",
                  "err": {},
                  "uuid": "7008e33b-8038-4a57-ab3a-a3cb37f94092",
                  "parentUUID": "5447d6b1-72d0-42b5-b36a-82a03ac12d85",
                  "isHook": false,
                  "skipped": false
                },
                {
                  "title": "yields the original subject without return",
                  "fullTitle": "Connectors .then() yields the original subject without return",
                  "timedOut": null,
                  "duration": 161,
                  "state": "passed",
                  "speed": "slow",
                  "pass": true,
                  "fail": false,
                  "pending": false,
                  "context": null,
                  "code": "cy.wrap(1).then(function (num) {\n  expect(num).to.equal(1); // note that nothing is returned from this callback\n}).then(function (num) {\n  // this callback receives the original unchanged value 1\n  expect(num).to.equal(1);\n});",
                  "err": {},
                  "uuid": "def1a5f6-91f2-43a5-a962-a1d867f09ec9",
                  "parentUUID": "5447d6b1-72d0-42b5-b36a-82a03ac12d85",
                  "isHook": false,
                  "skipped": false
                },
                {
                  "title": "yields the value yielded by the last Cypress command inside",
                  "fullTitle": "Connectors .then() yields the value yielded by the last Cypress command inside",
                  "timedOut": null,
                  "duration": 149,
                  "state": "passed",
                  "speed": "slow",
                  "pass": true,
                  "fail": false,
                  "pending": false,
                  "context": null,
                  "code": "cy.wrap(1).then(function (num) {\n  expect(num).to.equal(1); // note how we run a Cypress command\n  // the result yielded by this Cypress command\n  // will be passed to the second \".then\"\n  cy.wrap(2);\n}).then(function (num) {\n  // this callback receives the value yielded by \"cy.wrap(2)\"\n  expect(num).to.equal(2);\n});",
                  "err": {},
                  "uuid": "1c1277da-7ec3-4392-900e-c330e9baa1da",
                  "parentUUID": "5447d6b1-72d0-42b5-b36a-82a03ac12d85",
                  "isHook": false,
                  "skipped": false
                }
              ],
              "suites": [],
              "passes": [
                "768109e2-3524-430d-8ade-6b6db9ee0678",
                "7008e33b-8038-4a57-ab3a-a3cb37f94092",
                "def1a5f6-91f2-43a5-a962-a1d867f09ec9",
                "1c1277da-7ec3-4392-900e-c330e9baa1da"
              ],
              "failures": [],
              "pending": [],
              "skipped": [],
              "duration": 620,
              "root": false,
              "rootEmpty": false,
              "_timeout": 2000
            }
          ],
          "passes": [
            "abc4c6da-75e5-42c5-898d-bff61b4e5139",
            "8cf173d7-3c0f-4a1a-9e06-9a2491451d0e",
            "b1beda9f-dd6d-4e52-b9ae-a6bd4b31c4f9",
            "6db72342-0507-4f81-8261-cca9f1ff4f89"
          ],
          "failures": [],
          "pending": [],
          "skipped": [],
          "duration": 903,
          "root": false,
          "rootEmpty": false,
          "_timeout": 2000
        }
      ],
      "passes": [],
      "failures": [],
      "pending": [],
      "skipped": [],
      "duration": 0,
      "root": true,
      "rootEmpty": true,
      "_timeout": 2000
    }
  ],
  "meta": {
    "mocha": {
      "version": "7.0.1"
    },
    "mochawesome": {
      "options": {
        "quiet": false,
        "reportFilename": "mochawesome",
        "saveHtml": false,
        "saveJson": true,
        "consoleReporter": "spec",
        "useInlineDiffs": false,
        "code": true
      },
      "version": "6.2.2"
    },
    "marge": {
      "options": {
        "id": "default",
        "reportDir": "cypress/reports/mocha",
        "quite": true,
        "overwrite": false,
        "html": false,
        "json": true
      },
      "version": "5.2.0"
    }
  }
}