{
  "stats": {
    "suites": 1,
    "tests": 3,
    "passes": 3,
    "pending": 0,
    "failures": 0,
    "start": "2021-03-23T08:19:38.357Z",
    "end": "2021-03-23T08:19:42.269Z",
    "duration": 3912,
    "testsRegistered": 3,
    "passPercent": 100,
    "pendingPercent": 0,
    "other": 0,
    "hasOther": false,
    "skipped": 0,
    "hasSkipped": false
  },
  "results": [
    {
      "uuid": "39ed1715-7f92-4d5f-a4ad-2ec81dfa3d81",
      "title": "",
      "fullFile": "cypress/integration/examples/navigation.spec.js",
      "file": "cypress/integration/examples/navigation.spec.js",
      "beforeHooks": [],
      "afterHooks": [],
      "tests": [],
      "suites": [
        {
          "uuid": "dbddd849-51c6-4001-ae25-5e2f678ff8ff",
          "title": "Navigation",
          "fullFile": "",
          "file": "",
          "beforeHooks": [],
          "afterHooks": [],
          "tests": [
            {
              "title": "cy.go() - go back or forward in the browser's history",
              "fullTitle": "Navigation cy.go() - go back or forward in the browser's history",
              "timedOut": null,
              "duration": 1581,
              "state": "passed",
              "speed": "slow",
              "pass": true,
              "fail": false,
              "pending": false,
              "context": null,
              "code": "// https://on.cypress.io/go\ncy.location(\"pathname\").should(\"include\", \"navigation\");\ncy.go(\"back\");\ncy.location(\"pathname\").should(\"not.include\", \"navigation\");\ncy.go(\"forward\");\ncy.location(\"pathname\").should(\"include\", \"navigation\"); // clicking back\ncy.go(-1);\ncy.location(\"pathname\").should(\"not.include\", \"navigation\"); // clicking forward\ncy.go(1);\ncy.location(\"pathname\").should(\"include\", \"navigation\");",
              "err": {},
              "uuid": "e97bc656-1928-45e3-bf26-47b122eab303",
              "parentUUID": "dbddd849-51c6-4001-ae25-5e2f678ff8ff",
              "isHook": false,
              "skipped": false
            },
            {
              "title": "cy.reload() - reload the page",
              "fullTitle": "Navigation cy.reload() - reload the page",
              "timedOut": null,
              "duration": 454,
              "state": "passed",
              "speed": "slow",
              "pass": true,
              "fail": false,
              "pending": false,
              "context": null,
              "code": "// https://on.cypress.io/reload\ncy.reload(); // reload the page without using the cache\ncy.reload(true);",
              "err": {},
              "uuid": "c488c875-6eca-42ed-a211-d5dc4897b00a",
              "parentUUID": "dbddd849-51c6-4001-ae25-5e2f678ff8ff",
              "isHook": false,
              "skipped": false
            },
            {
              "title": "cy.visit() - visit a remote url",
              "fullTitle": "Navigation cy.visit() - visit a remote url",
              "timedOut": null,
              "duration": 491,
              "state": "passed",
              "speed": "slow",
              "pass": true,
              "fail": false,
              "pending": false,
              "context": null,
              "code": "// https://on.cypress.io/visit\n// Visit any sub-domain of your current domain\n// Pass options to the visit\ncy.visit(\"https://example.cypress.io/commands/navigation\", {\n  timeout: 50000,\n  // increase total time for the visit to resolve\n  onBeforeLoad: function onBeforeLoad(contentWindow) {\n    // contentWindow is the remote page's window object\n    expect((0, _typeof2[\"default\"])(contentWindow) === \"object\").to.be[\"true\"];\n  },\n  onLoad: function onLoad(contentWindow) {\n    // contentWindow is the remote page's window object\n    expect((0, _typeof2[\"default\"])(contentWindow) === \"object\").to.be[\"true\"];\n  }\n});",
              "err": {},
              "uuid": "f3d60267-1aeb-41b1-8bb2-0357fd17fe19",
              "parentUUID": "dbddd849-51c6-4001-ae25-5e2f678ff8ff",
              "isHook": false,
              "skipped": false
            }
          ],
          "suites": [],
          "passes": [
            "e97bc656-1928-45e3-bf26-47b122eab303",
            "c488c875-6eca-42ed-a211-d5dc4897b00a",
            "f3d60267-1aeb-41b1-8bb2-0357fd17fe19"
          ],
          "failures": [],
          "pending": [],
          "skipped": [],
          "duration": 2526,
          "root": false,
          "rootEmpty": false,
          "_timeout": 2000
        }
      ],
      "passes": [],
      "failures": [],
      "pending": [],
      "skipped": [],
      "duration": 0,
      "root": true,
      "rootEmpty": true,
      "_timeout": 2000
    }
  ],
  "meta": {
    "mocha": {
      "version": "7.0.1"
    },
    "mochawesome": {
      "options": {
        "quiet": false,
        "reportFilename": "mochawesome",
        "saveHtml": false,
        "saveJson": true,
        "consoleReporter": "spec",
        "useInlineDiffs": false,
        "code": true
      },
      "version": "6.2.2"
    },
    "marge": {
      "options": {
        "id": "default",
        "reportDir": "cypress/reports/mocha",
        "quite": true,
        "overwrite": false,
        "html": false,
        "json": true
      },
      "version": "5.2.0"
    }
  }
}