{
  "stats": {
    "suites": 1,
    "tests": 3,
    "passes": 3,
    "pending": 0,
    "failures": 0,
    "start": "2021-03-23T07:54:47.182Z",
    "end": "2021-03-23T07:54:49.197Z",
    "duration": 2015,
    "testsRegistered": 3,
    "passPercent": 100,
    "pendingPercent": 0,
    "other": 0,
    "hasOther": false,
    "skipped": 0,
    "hasSkipped": false
  },
  "results": [
    {
      "uuid": "ed25a839-160c-4c5a-8f69-f9e886dece2c",
      "title": "",
      "fullFile": "cypress/integration/examples/location.spec.js",
      "file": "cypress/integration/examples/location.spec.js",
      "beforeHooks": [],
      "afterHooks": [],
      "tests": [],
      "suites": [
        {
          "uuid": "18424bcd-0526-4cb6-bbbc-fdc16c5b9864",
          "title": "Location",
          "fullFile": "",
          "file": "",
          "beforeHooks": [],
          "afterHooks": [],
          "tests": [
            {
              "title": "cy.hash() - get the current URL hash",
              "fullTitle": "Location cy.hash() - get the current URL hash",
              "timedOut": null,
              "duration": 500,
              "state": "passed",
              "speed": "slow",
              "pass": true,
              "fail": false,
              "pending": false,
              "context": null,
              "code": "// https://on.cypress.io/hash\ncy.hash().should(\"be.empty\");",
              "err": {},
              "uuid": "1dcc912b-31b4-4955-85c8-633b7ba41458",
              "parentUUID": "18424bcd-0526-4cb6-bbbc-fdc16c5b9864",
              "isHook": false,
              "skipped": false
            },
            {
              "title": "cy.location() - get window.location",
              "fullTitle": "Location cy.location() - get window.location",
              "timedOut": null,
              "duration": 182,
              "state": "passed",
              "speed": "slow",
              "pass": true,
              "fail": false,
              "pending": false,
              "context": null,
              "code": "// https://on.cypress.io/location\ncy.location().should(function (location) {\n  expect(location.hash).to.be.empty;\n  expect(location.href).to.eq(\"https://example.cypress.io/commands/location\");\n  expect(location.host).to.eq(\"example.cypress.io\");\n  expect(location.hostname).to.eq(\"example.cypress.io\");\n  expect(location.origin).to.eq(\"https://example.cypress.io\");\n  expect(location.pathname).to.eq(\"/commands/location\");\n  expect(location.port).to.eq(\"\");\n  expect(location.protocol).to.eq(\"https:\");\n  expect(location.search).to.be.empty;\n});",
              "err": {},
              "uuid": "6a7e3f53-e40d-4ffa-b97e-e7d696883c01",
              "parentUUID": "18424bcd-0526-4cb6-bbbc-fdc16c5b9864",
              "isHook": false,
              "skipped": false
            },
            {
              "title": "cy.url() - get the current URL",
              "fullTitle": "Location cy.url() - get the current URL",
              "timedOut": null,
              "duration": 180,
              "state": "passed",
              "speed": "slow",
              "pass": true,
              "fail": false,
              "pending": false,
              "context": null,
              "code": "// https://on.cypress.io/url\ncy.url().should(\"eq\", \"https://example.cypress.io/commands/location\");",
              "err": {},
              "uuid": "c60d9f87-65aa-49b5-8cca-ea2472d386dc",
              "parentUUID": "18424bcd-0526-4cb6-bbbc-fdc16c5b9864",
              "isHook": false,
              "skipped": false
            }
          ],
          "suites": [],
          "passes": [
            "1dcc912b-31b4-4955-85c8-633b7ba41458",
            "6a7e3f53-e40d-4ffa-b97e-e7d696883c01",
            "c60d9f87-65aa-49b5-8cca-ea2472d386dc"
          ],
          "failures": [],
          "pending": [],
          "skipped": [],
          "duration": 862,
          "root": false,
          "rootEmpty": false,
          "_timeout": 2000
        }
      ],
      "passes": [],
      "failures": [],
      "pending": [],
      "skipped": [],
      "duration": 0,
      "root": true,
      "rootEmpty": true,
      "_timeout": 2000
    }
  ],
  "meta": {
    "mocha": {
      "version": "7.2.0"
    },
    "mochawesome": {
      "options": {
        "quiet": false,
        "reportFilename": "mochawesome",
        "saveHtml": false,
        "saveJson": true,
        "consoleReporter": "spec",
        "useInlineDiffs": false,
        "code": true
      },
      "version": "6.2.2"
    },
    "marge": {
      "options": {
        "id": "default",
        "reportDir": "cypress/reports/mocha",
        "quite": true,
        "overwrite": false,
        "html": false,
        "json": true
      },
      "version": "5.2.0"
    }
  }
}