{
  "stats": {
    "suites": 1,
    "tests": 5,
    "passes": 5,
    "pending": 0,
    "failures": 0,
    "start": "2021-03-23T07:54:26.688Z",
    "end": "2021-03-23T07:54:29.275Z",
    "duration": 2587,
    "testsRegistered": 5,
    "passPercent": 100,
    "pendingPercent": 0,
    "other": 0,
    "hasOther": false,
    "skipped": 0,
    "hasSkipped": false
  },
  "results": [
    {
      "uuid": "673e2b48-7579-462a-8c93-1b51fadf8140",
      "title": "",
      "fullFile": "cypress/integration/examples/cookies.spec.js",
      "file": "cypress/integration/examples/cookies.spec.js",
      "beforeHooks": [],
      "afterHooks": [],
      "tests": [],
      "suites": [
        {
          "uuid": "91283d61-058c-4c96-b0cc-9e470eabe4b0",
          "title": "Cookies",
          "fullFile": "",
          "file": "",
          "beforeHooks": [],
          "afterHooks": [],
          "tests": [
            {
              "title": "cy.getCookie() - get a browser cookie",
              "fullTitle": "Cookies cy.getCookie() - get a browser cookie",
              "timedOut": null,
              "duration": 532,
              "state": "passed",
              "speed": "slow",
              "pass": true,
              "fail": false,
              "pending": false,
              "context": null,
              "code": "// https://on.cypress.io/getcookie\ncy.get(\"#getCookie .set-a-cookie\").click(); // cy.getCookie() yields a cookie object\ncy.getCookie(\"token\").should(\"have.property\", \"value\", \"123ABC\");",
              "err": {},
              "uuid": "80c10530-ccb2-4a94-87bf-039e558fc9bf",
              "parentUUID": "91283d61-058c-4c96-b0cc-9e470eabe4b0",
              "isHook": false,
              "skipped": false
            },
            {
              "title": "cy.getCookies() - get browser cookies",
              "fullTitle": "Cookies cy.getCookies() - get browser cookies",
              "timedOut": null,
              "duration": 296,
              "state": "passed",
              "speed": "slow",
              "pass": true,
              "fail": false,
              "pending": false,
              "context": null,
              "code": "// https://on.cypress.io/getcookies\ncy.getCookies().should(\"be.empty\");\ncy.get(\"#getCookies .set-a-cookie\").click(); // cy.getCookies() yields an array of cookies\ncy.getCookies().should(\"have.length\", 1).should(function (cookies) {\n  // each cookie has these properties\n  expect(cookies[0]).to.have.property(\"name\", \"token\");\n  expect(cookies[0]).to.have.property(\"value\", \"123ABC\");\n  expect(cookies[0]).to.have.property(\"httpOnly\", false);\n  expect(cookies[0]).to.have.property(\"secure\", false);\n  expect(cookies[0]).to.have.property(\"domain\");\n  expect(cookies[0]).to.have.property(\"path\");\n});",
              "err": {},
              "uuid": "2a995837-b386-4f58-97a3-fb4241936a94",
              "parentUUID": "91283d61-058c-4c96-b0cc-9e470eabe4b0",
              "isHook": false,
              "skipped": false
            },
            {
              "title": "cy.setCookie() - set a browser cookie",
              "fullTitle": "Cookies cy.setCookie() - set a browser cookie",
              "timedOut": null,
              "duration": 180,
              "state": "passed",
              "speed": "slow",
              "pass": true,
              "fail": false,
              "pending": false,
              "context": null,
              "code": "// https://on.cypress.io/setcookie\ncy.getCookies().should(\"be.empty\");\ncy.setCookie(\"foo\", \"bar\"); // cy.getCookie() yields a cookie object\ncy.getCookie(\"foo\").should(\"have.property\", \"value\", \"bar\");",
              "err": {},
              "uuid": "e5234ed5-6503-4fdf-b3ca-81774ad84a92",
              "parentUUID": "91283d61-058c-4c96-b0cc-9e470eabe4b0",
              "isHook": false,
              "skipped": false
            },
            {
              "title": "cy.clearCookie() - clear a browser cookie",
              "fullTitle": "Cookies cy.clearCookie() - clear a browser cookie",
              "timedOut": null,
              "duration": 242,
              "state": "passed",
              "speed": "slow",
              "pass": true,
              "fail": false,
              "pending": false,
              "context": null,
              "code": "// https://on.cypress.io/clearcookie\ncy.getCookie(\"token\").should(\"be.null\");\ncy.get(\"#clearCookie .set-a-cookie\").click();\ncy.getCookie(\"token\").should(\"have.property\", \"value\", \"123ABC\"); // cy.clearCookies() yields null\ncy.clearCookie(\"token\").should(\"be.null\");\ncy.getCookie(\"token\").should(\"be.null\");",
              "err": {},
              "uuid": "209e668f-7f90-4f8f-af01-680fe3b463b2",
              "parentUUID": "91283d61-058c-4c96-b0cc-9e470eabe4b0",
              "isHook": false,
              "skipped": false
            },
            {
              "title": "cy.clearCookies() - clear browser cookies",
              "fullTitle": "Cookies cy.clearCookies() - clear browser cookies",
              "timedOut": null,
              "duration": 295,
              "state": "passed",
              "speed": "slow",
              "pass": true,
              "fail": false,
              "pending": false,
              "context": null,
              "code": "// https://on.cypress.io/clearcookies\ncy.getCookies().should(\"be.empty\");\ncy.get(\"#clearCookies .set-a-cookie\").click();\ncy.getCookies().should(\"have.length\", 1); // cy.clearCookies() yields null\ncy.clearCookies();\ncy.getCookies().should(\"be.empty\");",
              "err": {},
              "uuid": "b6c04ca6-026e-4aa2-b318-815f44751cea",
              "parentUUID": "91283d61-058c-4c96-b0cc-9e470eabe4b0",
              "isHook": false,
              "skipped": false
            }
          ],
          "suites": [],
          "passes": [
            "80c10530-ccb2-4a94-87bf-039e558fc9bf",
            "2a995837-b386-4f58-97a3-fb4241936a94",
            "e5234ed5-6503-4fdf-b3ca-81774ad84a92",
            "209e668f-7f90-4f8f-af01-680fe3b463b2",
            "b6c04ca6-026e-4aa2-b318-815f44751cea"
          ],
          "failures": [],
          "pending": [],
          "skipped": [],
          "duration": 1545,
          "root": false,
          "rootEmpty": false,
          "_timeout": 2000
        }
      ],
      "passes": [],
      "failures": [],
      "pending": [],
      "skipped": [],
      "duration": 0,
      "root": true,
      "rootEmpty": true,
      "_timeout": 2000
    }
  ],
  "meta": {
    "mocha": {
      "version": "7.2.0"
    },
    "mochawesome": {
      "options": {
        "quiet": false,
        "reportFilename": "mochawesome",
        "saveHtml": false,
        "saveJson": true,
        "consoleReporter": "spec",
        "useInlineDiffs": false,
        "code": true
      },
      "version": "6.2.2"
    },
    "marge": {
      "options": {
        "id": "default",
        "reportDir": "cypress/reports/mocha",
        "quite": true,
        "overwrite": false,
        "html": false,
        "json": true
      },
      "version": "5.2.0"
    }
  }
}