{
  "stats": {
    "suites": 1,
    "tests": 1,
    "passes": 0,
    "pending": 0,
    "failures": 1,
    "start": "2021-03-23T08:43:17.909Z",
    "end": "2021-03-23T08:43:30.720Z",
    "duration": 12811,
    "testsRegistered": 2,
    "passPercent": 0,
    "pendingPercent": 0,
    "other": 0,
    "hasOther": false,
    "skipped": 1,
    "hasSkipped": true
  },
  "results": [
    {
      "uuid": "a9f1b6d6-ef78-49f8-bb62-1875396a1bdd",
      "title": "",
      "fullFile": "cypress/integration/tests/aliases.spec.js",
      "file": "cypress/integration/tests/aliases.spec.js",
      "beforeHooks": [],
      "afterHooks": [],
      "tests": [],
      "suites": [
        {
          "uuid": "9c06e14e-ee34-4314-9b64-993fe94c0a36",
          "title": "Create and mark-unmark as favorite",
          "fullFile": "",
          "file": "",
          "beforeHooks": [],
          "afterHooks": [],
          "tests": [
            {
              "title": "Create a post",
              "fullTitle": "Create and mark-unmark as favorite Create a post",
              "timedOut": null,
              "duration": 12544,
              "state": "failed",
              "speed": null,
              "pass": false,
              "fail": true,
              "pending": false,
              "context": null,
              "code": "// use of alias\ncy.get(\"ul.navbar-nav\").children().as(\"menu\");\ncy.get(\"@menu\").contains(\"New Post\").click();\ncy.hash().should(\"include\", \"#/editor\");\ncy.get(\"form\").within(function ($form) {\n  cy.get(\"input\").first().type(\"Test\");\n  cy.get(\"input\").eq(1).type(\"Test 1\");\n  cy.get(\"textarea\").last().type(\"Test 2\");\n  cy.contains(\"Publish Article\").click();\n});\ncy.url().should(\"include\", \"article\");",
              "err": {
                "message": "AssertionError: Timed out retrying after 10000ms: Expected to find content: 'Your Feed' but never did.\n\nBecause this error occurred during a `before all` hook we are skipping the remaining tests in the current suite: `Create and mark-unmark as f...`",
                "estack": "AssertionError: Timed out retrying after 10000ms: Expected to find content: 'Your Feed' but never did.\n\nBecause this error occurred during a `before all` hook we are skipping the remaining tests in the current suite: `Create and mark-unmark as f...`\n    at Context.eval (https://react-redux.realworld.io/__cypress/tests?p=cypress/support/index.js:18:6)",
                "diff": null
              },
              "uuid": "039141f3-9e25-45f7-877f-7215bd9a3603",
              "parentUUID": "9c06e14e-ee34-4314-9b64-993fe94c0a36",
              "isHook": false,
              "skipped": false
            },
            {
              "title": "Mark-unmark as favorite",
              "fullTitle": "Create and mark-unmark as favorite Mark-unmark as favorite",
              "timedOut": null,
              "duration": 0,
              "state": "skipped",
              "speed": null,
              "pass": false,
              "fail": false,
              "pending": false,
              "context": null,
              "code": "cy.get(\"ul.navbar-nav\").children().contains(\"Demo\").click();\ncy.contains(\"My Articles\").should(\"be.visible\");\ncy.get(\".ion-heart\").first().click();\ncy.contains(\"Favorited Articles\").click();\ncy.url().should(\"include\", \"favorites\"); // use of alias\ncy.get(\".btn-primary\").first().then(function ($fav) {\n  return $fav.text();\n}).as(\"favCount\");\ncy.get(\"@favCount\").then(function ($cnt) {\n  expect(parseInt($cnt)).to.eq(1);\n});\ncy.get(\".btn-primary\").first().click();\ncy.reload();\ncy.contains(\"No articles are here... yet.\").should(\"be.visible\");\ncy.go(\"back\");",
              "err": {},
              "uuid": "04e1d2d9-885e-46a7-a7b6-f9235aaa037f",
              "parentUUID": "9c06e14e-ee34-4314-9b64-993fe94c0a36",
              "isHook": false,
              "skipped": true
            }
          ],
          "suites": [],
          "passes": [],
          "failures": ["039141f3-9e25-45f7-877f-7215bd9a3603"],
          "pending": [],
          "skipped": ["04e1d2d9-885e-46a7-a7b6-f9235aaa037f"],
          "duration": 12544,
          "root": false,
          "rootEmpty": false,
          "_timeout": 2000
        }
      ],
      "passes": [],
      "failures": [],
      "pending": [],
      "skipped": [],
      "duration": 0,
      "root": true,
      "rootEmpty": true,
      "_timeout": 2000
    }
  ],
  "meta": {
    "mocha": {
      "version": "7.0.1"
    },
    "mochawesome": {
      "options": {
        "quiet": false,
        "reportFilename": "mochawesome",
        "saveHtml": false,
        "saveJson": true,
        "consoleReporter": "spec",
        "useInlineDiffs": false,
        "code": true
      },
      "version": "6.2.2"
    },
    "marge": {
      "options": {
        "id": "default",
        "reportDir": "cypress/reports/mocha",
        "quite": true,
        "overwrite": false,
        "html": false,
        "json": true
      },
      "version": "5.2.0"
    }
  }
}
