{
  "stats": {
    "suites": 1,
    "tests": 1,
    "passes": 0,
    "pending": 0,
    "failures": 1,
    "start": "2021-03-23T08:21:44.596Z",
    "end": "2021-03-23T08:21:57.641Z",
    "duration": 13045,
    "testsRegistered": 2,
    "passPercent": 0,
    "pendingPercent": 0,
    "other": 0,
    "hasOther": false,
    "skipped": 1,
    "hasSkipped": true
  },
  "results": [
    {
      "uuid": "64a1600d-1aa9-49e5-b09c-c51efaf44c69",
      "title": "",
      "fullFile": "cypress/integration/tests/customCommand.spec.js",
      "file": "cypress/integration/tests/customCommand.spec.js",
      "beforeHooks": [],
      "afterHooks": [],
      "tests": [],
      "suites": [
        {
          "uuid": "5ef3be80-17de-4498-a709-c636c38ac5c6",
          "title": "Create and mark-unmark as favorite",
          "fullFile": "",
          "file": "",
          "beforeHooks": [],
          "afterHooks": [],
          "tests": [
            {
              "title": "Create a post",
              "fullTitle": "Create and mark-unmark as favorite Create a post",
              "timedOut": null,
              "duration": 12790,
              "state": "failed",
              "speed": null,
              "pass": false,
              "fail": true,
              "pending": false,
              "context": null,
              "code": "cy.get(\"ul.navbar-nav\").children().contains(\"New Post\").click();\ncy.hash().should(\"include\", \"#/editor\");\ncy.get(\"form\").within(function ($form) {\n  cy.get(\"input\").first().type(\"Test\");\n  cy.get(\"input\").eq(1).type(\"Test 1\");\n  cy.get(\"textarea\").last().type(\"Test 2\");\n  cy.contains(\"Publish Article\").click();\n});\ncy.url().should(\"include\", \"article\");",
              "err": {
                "message": "AssertionError: Timed out retrying after 10000ms: Expected to find content: 'Your Feed' but never did.\n\nBecause this error occurred during a `before all` hook we are skipping the remaining tests in the current suite: `Create and mark-unmark as f...`",
                "estack": "AssertionError: Timed out retrying after 10000ms: Expected to find content: 'Your Feed' but never did.\n\nBecause this error occurred during a `before all` hook we are skipping the remaining tests in the current suite: `Create and mark-unmark as f...`\n    at Context.eval (https://react-redux.realworld.io/__cypress/tests?p=cypress/support/index.js:18:6)",
                "diff": null
              },
              "uuid": "6f910ba4-3883-4a16-8858-a1b66897e682",
              "parentUUID": "5ef3be80-17de-4498-a709-c636c38ac5c6",
              "isHook": false,
              "skipped": false
            },
            {
              "title": "Mark-unmark as favorite",
              "fullTitle": "Create and mark-unmark as favorite Mark-unmark as favorite",
              "timedOut": null,
              "duration": 0,
              "state": "skipped",
              "speed": null,
              "pass": false,
              "fail": false,
              "pending": false,
              "context": null,
              "code": "cy.get(\"ul.navbar-nav\").children().contains(\"QAMs\").click();\ncy.contains(\"My Articles\").should(\"be.visible\");\ncy.get(\".ion-heart\").first().click();\ncy.contains(\"Favorited Articles\").click();\ncy.url().should(\"include\", \"favorites\");\ncy.get(\".ion-heart\").first().click();\ncy.reload();\ncy.contains(\"No articles are here... yet.\").should(\"be.visible\");\ncy.go(\"back\");",
              "err": {},
              "uuid": "9fb8027d-b245-4e66-9fe1-2b8c761cf04f",
              "parentUUID": "5ef3be80-17de-4498-a709-c636c38ac5c6",
              "isHook": false,
              "skipped": true
            }
          ],
          "suites": [],
          "passes": [],
          "failures": [
            "6f910ba4-3883-4a16-8858-a1b66897e682"
          ],
          "pending": [],
          "skipped": [
            "9fb8027d-b245-4e66-9fe1-2b8c761cf04f"
          ],
          "duration": 12790,
          "root": false,
          "rootEmpty": false,
          "_timeout": 2000
        }
      ],
      "passes": [],
      "failures": [],
      "pending": [],
      "skipped": [],
      "duration": 0,
      "root": true,
      "rootEmpty": true,
      "_timeout": 2000
    }
  ],
  "meta": {
    "mocha": {
      "version": "7.0.1"
    },
    "mochawesome": {
      "options": {
        "quiet": false,
        "reportFilename": "mochawesome",
        "saveHtml": false,
        "saveJson": true,
        "consoleReporter": "spec",
        "useInlineDiffs": false,
        "code": true
      },
      "version": "6.2.2"
    },
    "marge": {
      "options": {
        "id": "default",
        "reportDir": "cypress/reports/mocha",
        "quite": true,
        "overwrite": false,
        "html": false,
        "json": true
      },
      "version": "5.2.0"
    }
  }
}