{
  "stats": {
    "suites": 1,
    "tests": 7,
    "passes": 7,
    "pending": 0,
    "failures": 0,
    "start": "2021-03-23T08:42:18.192Z",
    "end": "2021-03-23T08:42:23.316Z",
    "duration": 5124,
    "testsRegistered": 7,
    "passPercent": 100,
    "pendingPercent": 0,
    "other": 0,
    "hasOther": false,
    "skipped": 0,
    "hasSkipped": false
  },
  "results": [
    {
      "uuid": "0dc05d31-a6e1-4341-a920-a557533383c5",
      "title": "",
      "fullFile": "cypress/integration/examples/spies_stubs_clocks.spec.js",
      "file": "cypress/integration/examples/spies_stubs_clocks.spec.js",
      "beforeHooks": [],
      "afterHooks": [],
      "tests": [],
      "suites": [
        {
          "uuid": "74194f6b-971b-4985-8491-5a670d221a7e",
          "title": "Spies, Stubs, and Clock",
          "fullFile": "",
          "file": "",
          "beforeHooks": [],
          "afterHooks": [],
          "tests": [
            {
              "title": "cy.spy() - wrap a method in a spy",
              "fullTitle": "Spies, Stubs, and Clock cy.spy() - wrap a method in a spy",
              "timedOut": null,
              "duration": 391,
              "state": "passed",
              "speed": "slow",
              "pass": true,
              "fail": false,
              "pending": false,
              "context": null,
              "code": "// https://on.cypress.io/spy\ncy.visit(\"https://example.cypress.io/commands/spies-stubs-clocks\");\nvar obj = {\n  foo: function foo() {}\n};\nvar spy = cy.spy(obj, \"foo\").as(\"anyArgs\");\nobj.foo();\nexpect(spy).to.be.called;",
              "err": {},
              "uuid": "cf359c2e-3429-487e-890c-70c050852e34",
              "parentUUID": "74194f6b-971b-4985-8491-5a670d221a7e",
              "isHook": false,
              "skipped": false
            },
            {
              "title": "cy.spy() retries until assertions pass",
              "fullTitle": "Spies, Stubs, and Clock cy.spy() retries until assertions pass",
              "timedOut": null,
              "duration": 2537,
              "state": "passed",
              "speed": "slow",
              "pass": true,
              "fail": false,
              "pending": false,
              "context": null,
              "code": "cy.visit(\"https://example.cypress.io/commands/spies-stubs-clocks\");\nvar obj = {\n  /**\n   * Prints the argument passed\n   * @param x {any}\n   */\n  foo: function foo(x) {\n    console.log(\"obj.foo called with\", x);\n  }\n};\ncy.spy(obj, \"foo\").as(\"foo\");\nsetTimeout(function () {\n  obj.foo(\"first\");\n}, 500);\nsetTimeout(function () {\n  obj.foo(\"second\");\n}, 2500);\ncy.get(\"@foo\").should(\"have.been.calledTwice\");",
              "err": {},
              "uuid": "6a57cdf7-6e7b-4158-9cbf-1fbc3d1eba65",
              "parentUUID": "74194f6b-971b-4985-8491-5a670d221a7e",
              "isHook": false,
              "skipped": false
            },
            {
              "title": "cy.stub() - create a stub and/or replace a function with stub",
              "fullTitle": "Spies, Stubs, and Clock cy.stub() - create a stub and/or replace a function with stub",
              "timedOut": null,
              "duration": 114,
              "state": "passed",
              "speed": "slow",
              "pass": true,
              "fail": false,
              "pending": false,
              "context": null,
              "code": "// https://on.cypress.io/stub\ncy.visit(\"https://example.cypress.io/commands/spies-stubs-clocks\");\nvar obj = {\n  /**\n   * prints both arguments to the console\n   * @param a {string}\n   * @param b {string}\n   */\n  foo: function foo(a, b) {\n    console.log(\"a\", a, \"b\", b);\n  }\n};\nvar stub = cy.stub(obj, \"foo\").as(\"foo\");\nobj.foo(\"foo\", \"bar\");\nexpect(stub).to.be.called;",
              "err": {},
              "uuid": "0de273e1-bebf-461b-9475-98bd7602dd1c",
              "parentUUID": "74194f6b-971b-4985-8491-5a670d221a7e",
              "isHook": false,
              "skipped": false
            },
            {
              "title": "cy.clock() - control time in the browser",
              "fullTitle": "Spies, Stubs, and Clock cy.clock() - control time in the browser",
              "timedOut": null,
              "duration": 249,
              "state": "passed",
              "speed": "slow",
              "pass": true,
              "fail": false,
              "pending": false,
              "context": null,
              "code": "// https://on.cypress.io/clock\n// create the date in UTC so its always the same\n// no matter what local timezone the browser is running in\nvar now = new Date(Date.UTC(2017, 2, 14)).getTime();\ncy.clock(now);\ncy.visit(\"https://example.cypress.io/commands/spies-stubs-clocks\");\ncy.get(\"#clock-div\").click().should(\"have.text\", \"1489449600\");",
              "err": {},
              "uuid": "10524b41-8b43-4b60-9762-8476beee04cd",
              "parentUUID": "74194f6b-971b-4985-8491-5a670d221a7e",
              "isHook": false,
              "skipped": false
            },
            {
              "title": "cy.tick() - move time in the browser",
              "fullTitle": "Spies, Stubs, and Clock cy.tick() - move time in the browser",
              "timedOut": null,
              "duration": 345,
              "state": "passed",
              "speed": "slow",
              "pass": true,
              "fail": false,
              "pending": false,
              "context": null,
              "code": "// https://on.cypress.io/tick\n// create the date in UTC so its always the same\n// no matter what local timezone the browser is running in\nvar now = new Date(Date.UTC(2017, 2, 14)).getTime();\ncy.clock(now);\ncy.visit(\"https://example.cypress.io/commands/spies-stubs-clocks\");\ncy.get(\"#tick-div\").click().should(\"have.text\", \"1489449600\");\ncy.tick(10000); // 10 seconds passed\ncy.get(\"#tick-div\").click().should(\"have.text\", \"1489449610\");",
              "err": {},
              "uuid": "c1f539ba-e4dc-4d40-bec6-37f08ea671f1",
              "parentUUID": "74194f6b-971b-4985-8491-5a670d221a7e",
              "isHook": false,
              "skipped": false
            },
            {
              "title": "cy.stub() matches depending on arguments",
              "fullTitle": "Spies, Stubs, and Clock cy.stub() matches depending on arguments",
              "timedOut": null,
              "duration": 25,
              "state": "passed",
              "speed": "fast",
              "pass": true,
              "fail": false,
              "pending": false,
              "context": null,
              "code": "// see all possible matchers at\n// https://sinonjs.org/releases/latest/matchers/\nvar greeter = {\n  /**\n   * Greets a person\n   * @param {string} name\n   */\n  greet: function greet(name) {\n    return \"Hello, \".concat(name, \"!\");\n  }\n};\ncy.stub(greeter, \"greet\").callThrough() // if you want non-matched calls to call the real method\n.withArgs(Cypress.sinon.match.string).returns(\"Hi\").withArgs(Cypress.sinon.match.number)[\"throws\"](new Error(\"Invalid name\"));\nexpect(greeter.greet(\"World\")).to.equal(\"Hi\"); // @ts-ignore\nexpect(function () {\n  return greeter.greet(42);\n}).to[\"throw\"](\"Invalid name\");\nexpect(greeter.greet).to.have.been.calledTwice; // non-matched calls goes the actual method\n// @ts-ignore\nexpect(greeter.greet()).to.equal(\"Hello, undefined!\");",
              "err": {},
              "uuid": "2795ab8d-2e6e-4bf3-9e31-f44e364ed4ae",
              "parentUUID": "74194f6b-971b-4985-8491-5a670d221a7e",
              "isHook": false,
              "skipped": false
            },
            {
              "title": "matches call arguments using Sinon matchers",
              "fullTitle": "Spies, Stubs, and Clock matches call arguments using Sinon matchers",
              "timedOut": null,
              "duration": 29,
              "state": "passed",
              "speed": "fast",
              "pass": true,
              "fail": false,
              "pending": false,
              "context": null,
              "code": "// see all possible matchers at\n// https://sinonjs.org/releases/latest/matchers/\nvar calculator = {\n  /**\n   * returns the sum of two arguments\n   * @param a {number}\n   * @param b {number}\n   */\n  add: function add(a, b) {\n    return a + b;\n  }\n};\nvar spy = cy.spy(calculator, \"add\").as(\"add\");\nexpect(calculator.add(2, 3)).to.equal(5); // if we want to assert the exact values used during the call\nexpect(spy).to.be.calledWith(2, 3); // let's confirm \"add\" method was called with two numbers\nexpect(spy).to.be.calledWith(Cypress.sinon.match.number, Cypress.sinon.match.number); // alternatively, provide the value to match\nexpect(spy).to.be.calledWith(Cypress.sinon.match(2), Cypress.sinon.match(3)); // match any value\nexpect(spy).to.be.calledWith(Cypress.sinon.match.any, 3); // match any value from a list\nexpect(spy).to.be.calledWith(Cypress.sinon.match[\"in\"]([1, 2, 3]), 3);\n/**\n * Returns true if the given number is event\n * @param {number} x\n */\nvar isEven = function isEven(x) {\n  return x % 2 === 0;\n}; // expect the value to pass a custom predicate function\n// the second argument to \"sinon.match(predicate, message)\" is\n// shown if the predicate does not pass and assertion fails\n\nexpect(spy).to.be.calledWith(Cypress.sinon.match(isEven, \"isEven\"), 3);\n/**\n * Returns a function that checks if a given number is larger than the limit\n * @param {number} limit\n * @returns {(x: number) => boolean}\n */\nvar isGreaterThan = function isGreaterThan(limit) {\n  return function (x) {\n    return x > limit;\n  };\n};\n/**\n * Returns a function that checks if a given number is less than the limit\n * @param {number} limit\n * @returns {(x: number) => boolean}\n */\n\nvar isLessThan = function isLessThan(limit) {\n  return function (x) {\n    return x < limit;\n  };\n}; // you can combine several matchers using \"and\", \"or\"\n\nexpect(spy).to.be.calledWith(Cypress.sinon.match.number, Cypress.sinon.match(isGreaterThan(2), \"> 2\").and(Cypress.sinon.match(isLessThan(4), \"< 4\")));\nexpect(spy).to.be.calledWith(Cypress.sinon.match.number, Cypress.sinon.match(isGreaterThan(200), \"> 200\").or(Cypress.sinon.match(3))); // matchers can be used from BDD assertions\ncy.get(\"@add\").should(\"have.been.calledWith\", Cypress.sinon.match.number, Cypress.sinon.match(3)); // you can alias matchers for shorter test code\nvar M = Cypress.sinon.match;\ncy.get(\"@add\").should(\"have.been.calledWith\", M.number, M(3));",
              "err": {},
              "uuid": "1f14ef2d-9e51-402a-a7aa-78852b3b1ecc",
              "parentUUID": "74194f6b-971b-4985-8491-5a670d221a7e",
              "isHook": false,
              "skipped": false
            }
          ],
          "suites": [],
          "passes": [
            "cf359c2e-3429-487e-890c-70c050852e34",
            "6a57cdf7-6e7b-4158-9cbf-1fbc3d1eba65",
            "0de273e1-bebf-461b-9475-98bd7602dd1c",
            "10524b41-8b43-4b60-9762-8476beee04cd",
            "c1f539ba-e4dc-4d40-bec6-37f08ea671f1",
            "2795ab8d-2e6e-4bf3-9e31-f44e364ed4ae",
            "1f14ef2d-9e51-402a-a7aa-78852b3b1ecc"
          ],
          "failures": [],
          "pending": [],
          "skipped": [],
          "duration": 3690,
          "root": false,
          "rootEmpty": false,
          "_timeout": 2000
        }
      ],
      "passes": [],
      "failures": [],
      "pending": [],
      "skipped": [],
      "duration": 0,
      "root": true,
      "rootEmpty": true,
      "_timeout": 2000
    }
  ],
  "meta": {
    "mocha": {
      "version": "7.0.1"
    },
    "mochawesome": {
      "options": {
        "quiet": false,
        "reportFilename": "mochawesome",
        "saveHtml": false,
        "saveJson": true,
        "consoleReporter": "spec",
        "useInlineDiffs": false,
        "code": true
      },
      "version": "6.2.2"
    },
    "marge": {
      "options": {
        "id": "default",
        "reportDir": "cypress/reports/mocha",
        "quite": true,
        "overwrite": false,
        "html": false,
        "json": true
      },
      "version": "5.2.0"
    }
  }
}