{
  "stats": {
    "suites": 1,
    "tests": 5,
    "passes": 5,
    "pending": 0,
    "failures": 0,
    "start": "2021-03-23T08:42:34.944Z",
    "end": "2021-03-23T08:42:40.447Z",
    "duration": 5503,
    "testsRegistered": 5,
    "passPercent": 100,
    "pendingPercent": 0,
    "other": 0,
    "hasOther": false,
    "skipped": 0,
    "hasSkipped": false
  },
  "results": [
    {
      "uuid": "dda466b1-e63b-4e14-a077-ebdfae98646d",
      "title": "",
      "fullFile": "cypress/integration/examples/utilities.spec.js",
      "file": "cypress/integration/examples/utilities.spec.js",
      "beforeHooks": [],
      "afterHooks": [],
      "tests": [],
      "suites": [
        {
          "uuid": "546f367d-ad07-415f-a1d4-811cc8c65d46",
          "title": "Utilities",
          "fullFile": "",
          "file": "",
          "beforeHooks": [],
          "afterHooks": [],
          "tests": [
            {
              "title": "Cypress._ - call a lodash method",
              "fullTitle": "Utilities Cypress._ - call a lodash method",
              "timedOut": null,
              "duration": 1392,
              "state": "passed",
              "speed": "slow",
              "pass": true,
              "fail": false,
              "pending": false,
              "context": null,
              "code": "// https://on.cypress.io/_\ncy.request(\"https://jsonplaceholder.cypress.io/users\").then(function (response) {\n  var ids = Cypress._.chain(response.body).map(\"id\").take(3).value();\n  expect(ids).to.deep.eq([1, 2, 3]);\n});",
              "err": {},
              "uuid": "eb6c0f52-95b2-4997-8100-ee5e6b9c620a",
              "parentUUID": "546f367d-ad07-415f-a1d4-811cc8c65d46",
              "isHook": false,
              "skipped": false
            },
            {
              "title": "Cypress.$ - call a jQuery method",
              "fullTitle": "Utilities Cypress.$ - call a jQuery method",
              "timedOut": null,
              "duration": 359,
              "state": "passed",
              "speed": "slow",
              "pass": true,
              "fail": false,
              "pending": false,
              "context": null,
              "code": "// https://on.cypress.io/$\nvar $li = Cypress.$(\".utility-jquery li:first\");\ncy.wrap($li).should(\"not.have.class\", \"active\").click().should(\"have.class\", \"active\");",
              "err": {},
              "uuid": "12d0b1c5-586c-434a-8ab5-76c67081c954",
              "parentUUID": "546f367d-ad07-415f-a1d4-811cc8c65d46",
              "isHook": false,
              "skipped": false
            },
            {
              "title": "Cypress.Blob - blob utilities and base64 string conversion",
              "fullTitle": "Utilities Cypress.Blob - blob utilities and base64 string conversion",
              "timedOut": null,
              "duration": 1153,
              "state": "passed",
              "speed": "slow",
              "pass": true,
              "fail": false,
              "pending": false,
              "context": null,
              "code": "// https://on.cypress.io/blob\ncy.get(\".utility-blob\").then(function ($div) {\n  // https://github.com/nolanlawson/blob-util#imgSrcToDataURL\n  // get the dataUrl string for the javascript-logo\n  return Cypress.Blob.imgSrcToDataURL(\"https://example.cypress.io/assets/img/javascript-logo.png\", undefined, \"anonymous\").then(function (dataUrl) {\n    // create an <img> element and set its src to the dataUrl\n    var img = Cypress.$(\"<img />\", {\n      src: dataUrl\n    }); // need to explicitly return cy here since we are initially returning\n    // the Cypress.Blob.imgSrcToDataURL promise to our test\n    // append the image\n    $div.append(img);\n    cy.get(\".utility-blob img\").click().should(\"have.attr\", \"src\", dataUrl);\n  });\n});",
              "err": {},
              "uuid": "4350daac-e1cd-4db0-9283-4dfcedc9fd3f",
              "parentUUID": "546f367d-ad07-415f-a1d4-811cc8c65d46",
              "isHook": false,
              "skipped": false
            },
            {
              "title": "Cypress.minimatch - test out glob patterns against strings",
              "fullTitle": "Utilities Cypress.minimatch - test out glob patterns against strings",
              "timedOut": null,
              "duration": 173,
              "state": "passed",
              "speed": "slow",
              "pass": true,
              "fail": false,
              "pending": false,
              "context": null,
              "code": "// https://on.cypress.io/minimatch\nvar matching = Cypress.minimatch(\"/users/1/comments\", \"/users/*/comments\", {\n  matchBase: true\n});\nexpect(matching, \"matching wildcard\").to.be[\"true\"];\nmatching = Cypress.minimatch(\"/users/1/comments/2\", \"/users/*/comments\", {\n  matchBase: true\n});\nexpect(matching, \"comments\").to.be[\"false\"]; // ** matches against all downstream path segments\nmatching = Cypress.minimatch(\"/foo/bar/baz/123/quux?a=b&c=2\", \"/foo/**\", {\n  matchBase: true\n});\nexpect(matching, \"comments\").to.be[\"true\"]; // whereas * matches only the next path segment\nmatching = Cypress.minimatch(\"/foo/bar/baz/123/quux?a=b&c=2\", \"/foo/*\", {\n  matchBase: false\n});\nexpect(matching, \"comments\").to.be[\"false\"];",
              "err": {},
              "uuid": "6e8cad41-b716-4143-a98e-cefcbc7d2e25",
              "parentUUID": "546f367d-ad07-415f-a1d4-811cc8c65d46",
              "isHook": false,
              "skipped": false
            },
            {
              "title": "Cypress.Promise - instantiate a bluebird promise",
              "fullTitle": "Utilities Cypress.Promise - instantiate a bluebird promise",
              "timedOut": null,
              "duration": 1110,
              "state": "passed",
              "speed": "slow",
              "pass": true,
              "fail": false,
              "pending": false,
              "context": null,
              "code": "// https://on.cypress.io/promise\nvar waited = false;\n/**\n * @return Bluebird<string>\n */\nfunction waitOneSecond() {\n  // return a promise that resolves after 1 second\n  // @ts-ignore TS2351 (new Cypress.Promise)\n  return new Cypress.Promise(function (resolve, reject) {\n    setTimeout(function () {\n      // set waited to true\n      waited = true; // resolve with 'foo' string\n      resolve(\"foo\");\n    }, 1000);\n  });\n}\ncy.then(function () {\n  // return a promise to cy.then() that\n  // is awaited until it resolves\n  // @ts-ignore TS7006\n  return waitOneSecond().then(function (str) {\n    expect(str).to.eq(\"foo\");\n    expect(waited).to.be[\"true\"];\n  });\n});",
              "err": {},
              "uuid": "4208f22c-a1e1-4fbf-8f6b-387178d39d97",
              "parentUUID": "546f367d-ad07-415f-a1d4-811cc8c65d46",
              "isHook": false,
              "skipped": false
            }
          ],
          "suites": [],
          "passes": [
            "eb6c0f52-95b2-4997-8100-ee5e6b9c620a",
            "12d0b1c5-586c-434a-8ab5-76c67081c954",
            "4350daac-e1cd-4db0-9283-4dfcedc9fd3f",
            "6e8cad41-b716-4143-a98e-cefcbc7d2e25",
            "4208f22c-a1e1-4fbf-8f6b-387178d39d97"
          ],
          "failures": [],
          "pending": [],
          "skipped": [],
          "duration": 4187,
          "root": false,
          "rootEmpty": false,
          "_timeout": 2000
        }
      ],
      "passes": [],
      "failures": [],
      "pending": [],
      "skipped": [],
      "duration": 0,
      "root": true,
      "rootEmpty": true,
      "_timeout": 2000
    }
  ],
  "meta": {
    "mocha": {
      "version": "7.0.1"
    },
    "mochawesome": {
      "options": {
        "quiet": false,
        "reportFilename": "mochawesome",
        "saveHtml": false,
        "saveJson": true,
        "consoleReporter": "spec",
        "useInlineDiffs": false,
        "code": true
      },
      "version": "6.2.2"
    },
    "marge": {
      "options": {
        "id": "default",
        "reportDir": "cypress/reports/mocha",
        "quite": true,
        "overwrite": false,
        "html": false,
        "json": true
      },
      "version": "5.2.0"
    }
  }
}