{
  "stats": {
    "suites": 1,
    "tests": 4,
    "passes": 4,
    "pending": 0,
    "failures": 0,
    "start": "2021-03-23T08:19:10.622Z",
    "end": "2021-03-23T08:19:13.856Z",
    "duration": 3234,
    "testsRegistered": 4,
    "passPercent": 100,
    "pendingPercent": 0,
    "other": 0,
    "hasOther": false,
    "skipped": 0,
    "hasSkipped": false
  },
  "results": [
    {
      "uuid": "1d75dd6e-163b-4db4-93d8-217d5a6056c3",
      "title": "",
      "fullFile": "cypress/integration/examples/files.spec.js",
      "file": "cypress/integration/examples/files.spec.js",
      "beforeHooks": [],
      "afterHooks": [],
      "tests": [],
      "suites": [
        {
          "uuid": "092adee1-e69a-4ead-be8b-f52f603f1e54",
          "title": "Files",
          "fullFile": "",
          "file": "",
          "beforeHooks": [],
          "afterHooks": [],
          "tests": [
            {
              "title": "cy.fixture() - load a fixture",
              "fullTitle": "Files cy.fixture() - load a fixture",
              "timedOut": null,
              "duration": 812,
              "state": "passed",
              "speed": "slow",
              "pass": true,
              "fail": false,
              "pending": false,
              "context": null,
              "code": "// https://on.cypress.io/fixture\n// Instead of writing a response inline you can\n// use a fixture file's content.\n// when application makes an Ajax request matching \"GET **/comments/*\"\n// Cypress will intercept it and reply with the object in `example.json` fixture\ncy.intercept(\"GET\", \"**/comments/*\", {\n  fixture: \"example.json\"\n}).as(\"getComment\"); // we have code that gets a comment when\n// the button is clicked in scripts.js\ncy.get(\".fixture-btn\").click();\ncy.wait(\"@getComment\").its(\"response.body\").should(\"have.property\", \"name\").and(\"include\", \"Using fixtures to represent data\");",
              "err": {},
              "uuid": "c5f99113-68e6-406e-93e6-ffee6b26b79e",
              "parentUUID": "092adee1-e69a-4ead-be8b-f52f603f1e54",
              "isHook": false,
              "skipped": false
            },
            {
              "title": "cy.fixture() or require - load a fixture",
              "fullTitle": "Files cy.fixture() or require - load a fixture",
              "timedOut": null,
              "duration": 209,
              "state": "passed",
              "speed": "slow",
              "pass": true,
              "fail": false,
              "pending": false,
              "context": null,
              "code": "// we are inside the \"function () { ... }\"\n// callback and can use test context object \"this\"\n// \"this.example\" was loaded in \"beforeEach\" function callback\nexpect(this.example, \"fixture in the test context\").to.deep.equal(requiredExample); // or use \"cy.wrap\" and \"should('deep.equal', ...)\" assertion\n// @ts-ignore\ncy.wrap(this.example, \"fixture vs require\").should(\"deep.equal\", requiredExample);",
              "err": {},
              "uuid": "1cbe053b-5449-4014-be85-640ebe50731f",
              "parentUUID": "092adee1-e69a-4ead-be8b-f52f603f1e54",
              "isHook": false,
              "skipped": false
            },
            {
              "title": "cy.readFile() - read file contents",
              "fullTitle": "Files cy.readFile() - read file contents",
              "timedOut": null,
              "duration": 108,
              "state": "passed",
              "speed": "slow",
              "pass": true,
              "fail": false,
              "pending": false,
              "context": null,
              "code": "// https://on.cypress.io/readfile\n// You can read a file and yield its contents\n// The filePath is relative to your project's root.\ncy.readFile(\"cypress.json\").then(function (json) {\n  expect(json).to.be.an(\"object\");\n});",
              "err": {},
              "uuid": "64172da3-f5d3-4a81-a7ce-81b2aeb81097",
              "parentUUID": "092adee1-e69a-4ead-be8b-f52f603f1e54",
              "isHook": false,
              "skipped": false
            },
            {
              "title": "cy.writeFile() - write to a file",
              "fullTitle": "Files cy.writeFile() - write to a file",
              "timedOut": null,
              "duration": 928,
              "state": "passed",
              "speed": "slow",
              "pass": true,
              "fail": false,
              "pending": false,
              "context": null,
              "code": "// https://on.cypress.io/writefile\n// You can write to a file\n// Use a response from a request to automatically\n// generate a fixture file for use later\ncy.request(\"https://jsonplaceholder.cypress.io/users\").then(function (response) {\n  cy.writeFile(\"cypress/fixtures/users.json\", response.body);\n});\ncy.fixture(\"users\").should(function (users) {\n  expect(users[0].name).to.exist;\n}); // JavaScript arrays and objects are stringified\n// and formatted into text.\ncy.writeFile(\"cypress/fixtures/profile.json\", {\n  id: 8739,\n  name: \"Jane\",\n  email: \"jane@example.com\"\n});\ncy.fixture(\"profile\").should(function (profile) {\n  expect(profile.name).to.eq(\"Jane\");\n});",
              "err": {},
              "uuid": "26255ec8-fcff-4e21-a46c-7f328caf7c67",
              "parentUUID": "092adee1-e69a-4ead-be8b-f52f603f1e54",
              "isHook": false,
              "skipped": false
            }
          ],
          "suites": [],
          "passes": [
            "c5f99113-68e6-406e-93e6-ffee6b26b79e",
            "1cbe053b-5449-4014-be85-640ebe50731f",
            "64172da3-f5d3-4a81-a7ce-81b2aeb81097",
            "26255ec8-fcff-4e21-a46c-7f328caf7c67"
          ],
          "failures": [],
          "pending": [],
          "skipped": [],
          "duration": 2057,
          "root": false,
          "rootEmpty": false,
          "_timeout": 2000
        }
      ],
      "passes": [],
      "failures": [],
      "pending": [],
      "skipped": [],
      "duration": 0,
      "root": true,
      "rootEmpty": true,
      "_timeout": 2000
    }
  ],
  "meta": {
    "mocha": {
      "version": "7.0.1"
    },
    "mochawesome": {
      "options": {
        "quiet": false,
        "reportFilename": "mochawesome",
        "saveHtml": false,
        "saveJson": true,
        "consoleReporter": "spec",
        "useInlineDiffs": false,
        "code": true
      },
      "version": "6.2.2"
    },
    "marge": {
      "options": {
        "id": "default",
        "reportDir": "cypress/reports/mocha",
        "quite": true,
        "overwrite": false,
        "html": false,
        "json": true
      },
      "version": "5.2.0"
    }
  }
}