{
  "stats": {
    "suites": 1,
    "tests": 1,
    "passes": 1,
    "pending": 0,
    "failures": 0,
    "start": "2021-03-23T08:20:56.963Z",
    "end": "2021-03-23T08:20:59.849Z",
    "duration": 2886,
    "testsRegistered": 1,
    "passPercent": 100,
    "pendingPercent": 0,
    "other": 0,
    "hasOther": false,
    "skipped": 0,
    "hasSkipped": false
  },
  "results": [
    {
      "uuid": "aaad21b6-af2c-4e2b-bd59-814163a1ec1a",
      "title": "",
      "fullFile": "cypress/integration/tests/abcTest.spec.js",
      "file": "cypress/integration/tests/abcTest.spec.js",
      "beforeHooks": [],
      "afterHooks": [],
      "tests": [],
      "suites": [
        {
          "uuid": "b34e4b4d-9f45-47fc-85b3-669c5d724636",
          "title": "Login",
          "fullFile": "",
          "file": "",
          "beforeHooks": [],
          "afterHooks": [],
          "tests": [
            {
              "title": "Sign in",
              "fullTitle": "Login Sign in",
              "timedOut": null,
              "duration": 2857,
              "state": "passed",
              "speed": "slow",
              "pass": true,
              "fail": false,
              "pending": false,
              "context": null,
              "code": "cy.visit(\"https://react-redux.realworld.io/#/login\");\ncy.get('input[type=\"email\"]').type(\"cypress.demotests@gmail.com\");\ncy.get('input[type=\"password\"]').type(\"admin123\");\ncy.get(\".btn\").contains(\"Sign in\").should(\"be.visible\").click();",
              "err": {},
              "uuid": "f5dc7231-40fb-46e8-bdf3-933fac44960b",
              "parentUUID": "b34e4b4d-9f45-47fc-85b3-669c5d724636",
              "isHook": false,
              "skipped": false
            }
          ],
          "suites": [],
          "passes": [
            "f5dc7231-40fb-46e8-bdf3-933fac44960b"
          ],
          "failures": [],
          "pending": [],
          "skipped": [],
          "duration": 2857,
          "root": false,
          "rootEmpty": false,
          "_timeout": 2000
        }
      ],
      "passes": [],
      "failures": [],
      "pending": [],
      "skipped": [],
      "duration": 0,
      "root": true,
      "rootEmpty": true,
      "_timeout": 2000
    }
  ],
  "meta": {
    "mocha": {
      "version": "7.0.1"
    },
    "mochawesome": {
      "options": {
        "quiet": false,
        "reportFilename": "mochawesome",
        "saveHtml": false,
        "saveJson": true,
        "consoleReporter": "spec",
        "useInlineDiffs": false,
        "code": true
      },
      "version": "6.2.2"
    },
    "marge": {
      "options": {
        "id": "default",
        "reportDir": "cypress/reports/mocha",
        "quite": true,
        "overwrite": false,
        "html": false,
        "json": true
      },
      "version": "5.2.0"
    }
  }
}