{
  "stats": {
    "suites": 1,
    "tests": 2,
    "passes": 1,
    "pending": 0,
    "failures": 1,
    "start": "2021-03-23T08:23:04.530Z",
    "end": "2021-03-23T08:23:20.164Z",
    "duration": 15634,
    "testsRegistered": 2,
    "passPercent": 50,
    "pendingPercent": 0,
    "other": 0,
    "hasOther": false,
    "skipped": 0,
    "hasSkipped": false
  },
  "results": [
    {
      "uuid": "06a1d4f6-d9b8-475b-b91a-fd57c05b5ca0",
      "title": "",
      "fullFile": "cypress/integration/tests/readWriteFiles.spec.js",
      "file": "cypress/integration/tests/readWriteFiles.spec.js",
      "beforeHooks": [],
      "afterHooks": [],
      "tests": [],
      "suites": [
        {
          "uuid": "066e4364-2942-4caf-9c2b-c2a8b0a07aae",
          "title": "Read-Write files content",
          "fullFile": "",
          "file": "",
          "beforeHooks": [],
          "afterHooks": [],
          "tests": [
            {
              "title": "Write to a file",
              "fullTitle": "Read-Write files content Write to a file",
              "timedOut": null,
              "duration": 74,
              "state": "passed",
              "speed": "medium",
              "pass": true,
              "fail": false,
              "pending": false,
              "context": null,
              "code": "cy.writeFile(\"dummy.txt\", \"Hello World\\n\");\ncy.writeFile(\"dummy.txt\", \"I am Nishant\", {\n  flag: \"a+\"\n});",
              "err": {},
              "uuid": "de234231-68c3-4e95-bfb4-36a60b143070",
              "parentUUID": "066e4364-2942-4caf-9c2b-c2a8b0a07aae",
              "isHook": false,
              "skipped": false
            },
            {
              "title": "Read from a file",
              "fullTitle": "Read-Write files content Read from a file",
              "timedOut": null,
              "duration": 15309,
              "state": "failed",
              "speed": null,
              "pass": false,
              "fail": true,
              "pending": false,
              "context": null,
              "code": "cy.readFile(\"dummy\").should(\"contains\", \"Hello World\");",
              "err": {
                "message": "AssertionError: Timed out retrying after 15000ms: `cy.readFile(\"dummy\")` failed because the file does not exist at the following path:\n\n`/Users/macbook/Desktop/Repositories/cypress-demo/dummy`\n\nhttps://on.cypress.io/readfile",
                "estack": "AssertionError: Timed out retrying after 15000ms: `cy.readFile(\"dummy\")` failed because the file does not exist at the following path:\n\n`/Users/macbook/Desktop/Repositories/cypress-demo/dummy`\n\nhttps://on.cypress.io/readfile\n    at Context.eval (https://react-redux.realworld.io/__cypress/tests?p=cypress/integration/tests/readWriteFiles.spec.js:13:26)",
                "diff": null
              },
              "uuid": "b08fd8bb-af63-44e3-b238-cd572c5e8c58",
              "parentUUID": "066e4364-2942-4caf-9c2b-c2a8b0a07aae",
              "isHook": false,
              "skipped": false
            }
          ],
          "suites": [],
          "passes": [
            "de234231-68c3-4e95-bfb4-36a60b143070"
          ],
          "failures": [
            "b08fd8bb-af63-44e3-b238-cd572c5e8c58"
          ],
          "pending": [],
          "skipped": [],
          "duration": 15383,
          "root": false,
          "rootEmpty": false,
          "_timeout": 2000
        }
      ],
      "passes": [],
      "failures": [],
      "pending": [],
      "skipped": [],
      "duration": 0,
      "root": true,
      "rootEmpty": true,
      "_timeout": 2000
    }
  ],
  "meta": {
    "mocha": {
      "version": "7.0.1"
    },
    "mochawesome": {
      "options": {
        "quiet": false,
        "reportFilename": "mochawesome",
        "saveHtml": false,
        "saveJson": true,
        "consoleReporter": "spec",
        "useInlineDiffs": false,
        "code": true
      },
      "version": "6.2.2"
    },
    "marge": {
      "options": {
        "id": "default",
        "reportDir": "cypress/reports/mocha",
        "quite": true,
        "overwrite": false,
        "html": false,
        "json": true
      },
      "version": "5.2.0"
    }
  }
}