{
  "stats": {
    "suites": 1,
    "tests": 1,
    "passes": 1,
    "pending": 0,
    "failures": 0,
    "start": "2021-03-23T07:55:42.368Z",
    "end": "2021-03-23T07:55:46.747Z",
    "duration": 4379,
    "testsRegistered": 1,
    "passPercent": 100,
    "pendingPercent": 0,
    "other": 0,
    "hasOther": false,
    "skipped": 0,
    "hasSkipped": false
  },
  "results": [
    {
      "uuid": "43864c52-f4ac-49b3-b610-28c643ca30ff",
      "title": "",
      "fullFile": "cypress/integration/examples/viewport.spec.js",
      "file": "cypress/integration/examples/viewport.spec.js",
      "beforeHooks": [],
      "afterHooks": [],
      "tests": [],
      "suites": [
        {
          "uuid": "b0a056c6-ab91-453b-bce6-db5819b09a56",
          "title": "Viewport",
          "fullFile": "",
          "file": "",
          "beforeHooks": [],
          "afterHooks": [],
          "tests": [
            {
              "title": "cy.viewport() - set the viewport size and dimension",
              "fullTitle": "Viewport cy.viewport() - set the viewport size and dimension",
              "timedOut": null,
              "duration": 3220,
              "state": "passed",
              "speed": "slow",
              "pass": true,
              "fail": false,
              "pending": false,
              "context": null,
              "code": "// https://on.cypress.io/viewport\ncy.get(\"#navbar\").should(\"be.visible\");\ncy.viewport(320, 480); // the navbar should have collapse since our screen is smaller\ncy.get(\"#navbar\").should(\"not.be.visible\");\ncy.get(\".navbar-toggle\").should(\"be.visible\").click();\ncy.get(\".nav\").find(\"a\").should(\"be.visible\"); // lets see what our app looks like on a super large screen\ncy.viewport(2999, 2999); // cy.viewport() accepts a set of preset sizes\n// to easily set the screen to a device's width and height\n// We added a cy.wait() between each viewport change so you can see\n// the change otherwise it is a little too fast to see :)\ncy.viewport(\"macbook-15\");\ncy.wait(200);\ncy.viewport(\"macbook-13\");\ncy.wait(200);\ncy.viewport(\"macbook-11\");\ncy.wait(200);\ncy.viewport(\"ipad-2\");\ncy.wait(200);\ncy.viewport(\"ipad-mini\");\ncy.wait(200);\ncy.viewport(\"iphone-6+\");\ncy.wait(200);\ncy.viewport(\"iphone-6\");\ncy.wait(200);\ncy.viewport(\"iphone-5\");\ncy.wait(200);\ncy.viewport(\"iphone-4\");\ncy.wait(200);\ncy.viewport(\"iphone-3\");\ncy.wait(200); // cy.viewport() accepts an orientation for all presets\n// the default orientation is 'portrait'\ncy.viewport(\"ipad-2\", \"portrait\");\ncy.wait(200);\ncy.viewport(\"iphone-4\", \"landscape\");\ncy.wait(200); // The viewport will be reset back to the default dimensions\n// in between tests (the  default can be set in cypress.json)",
              "err": {},
              "uuid": "5a73ca32-9b7e-487e-b0e8-329a98158a08",
              "parentUUID": "b0a056c6-ab91-453b-bce6-db5819b09a56",
              "isHook": false,
              "skipped": false
            }
          ],
          "suites": [],
          "passes": [
            "5a73ca32-9b7e-487e-b0e8-329a98158a08"
          ],
          "failures": [],
          "pending": [],
          "skipped": [],
          "duration": 3220,
          "root": false,
          "rootEmpty": false,
          "_timeout": 2000
        }
      ],
      "passes": [],
      "failures": [],
      "pending": [],
      "skipped": [],
      "duration": 0,
      "root": true,
      "rootEmpty": true,
      "_timeout": 2000
    }
  ],
  "meta": {
    "mocha": {
      "version": "7.2.0"
    },
    "mochawesome": {
      "options": {
        "quiet": false,
        "reportFilename": "mochawesome",
        "saveHtml": false,
        "saveJson": true,
        "consoleReporter": "spec",
        "useInlineDiffs": false,
        "code": true
      },
      "version": "6.2.2"
    },
    "marge": {
      "options": {
        "id": "default",
        "reportDir": "cypress/reports/mocha",
        "quite": true,
        "overwrite": false,
        "html": false,
        "json": true
      },
      "version": "5.2.0"
    }
  }
}