{
  "stats": {
    "suites": 1,
    "tests": 2,
    "passes": 2,
    "pending": 0,
    "failures": 0,
    "start": "2021-03-23T08:20:37.896Z",
    "end": "2021-03-23T08:20:45.480Z",
    "duration": 7584,
    "testsRegistered": 2,
    "passPercent": 100,
    "pendingPercent": 0,
    "other": 0,
    "hasOther": false,
    "skipped": 0,
    "hasSkipped": false
  },
  "results": [
    {
      "uuid": "9dc81deb-8692-4e67-afb6-c89d01d06be8",
      "title": "",
      "fullFile": "cypress/integration/examples/waiting.spec.js",
      "file": "cypress/integration/examples/waiting.spec.js",
      "beforeHooks": [],
      "afterHooks": [],
      "tests": [],
      "suites": [
        {
          "uuid": "8b22946c-d757-461d-97f1-777ad51eb60b",
          "title": "Waiting",
          "fullFile": "",
          "file": "",
          "beforeHooks": [],
          "afterHooks": [],
          "tests": [
            {
              "title": "cy.wait() - wait for a specific amount of time",
              "fullTitle": "Waiting cy.wait() - wait for a specific amount of time",
              "timedOut": null,
              "duration": 5540,
              "state": "passed",
              "speed": "slow",
              "pass": true,
              "fail": false,
              "pending": false,
              "context": null,
              "code": "cy.get(\".wait-input1\").type(\"Wait 1000ms after typing\");\ncy.wait(1000);\ncy.get(\".wait-input2\").type(\"Wait 1000ms after typing\");\ncy.wait(1000);\ncy.get(\".wait-input3\").type(\"Wait 1000ms after typing\");\ncy.wait(1000);",
              "err": {},
              "uuid": "84e128d5-a7de-4eb5-b6da-bc9b5624cbc6",
              "parentUUID": "8b22946c-d757-461d-97f1-777ad51eb60b",
              "isHook": false,
              "skipped": false
            },
            {
              "title": "cy.wait() - wait for a specific route",
              "fullTitle": "Waiting cy.wait() - wait for a specific route",
              "timedOut": null,
              "duration": 804,
              "state": "passed",
              "speed": "slow",
              "pass": true,
              "fail": false,
              "pending": false,
              "context": null,
              "code": "// Listen to GET to comments/1\ncy.intercept(\"GET\", \"**/comments/*\").as(\"getComment\"); // we have code that gets a comment when\n// the button is clicked in scripts.js\ncy.get(\".network-btn\").click(); // wait for GET comments/1\ncy.wait(\"@getComment\").its(\"response.statusCode\").should(\"be.oneOf\", [200, 304]);",
              "err": {},
              "uuid": "ee3a330f-83fd-4dd4-b0f7-4435706581e9",
              "parentUUID": "8b22946c-d757-461d-97f1-777ad51eb60b",
              "isHook": false,
              "skipped": false
            }
          ],
          "suites": [],
          "passes": [
            "84e128d5-a7de-4eb5-b6da-bc9b5624cbc6",
            "ee3a330f-83fd-4dd4-b0f7-4435706581e9"
          ],
          "failures": [],
          "pending": [],
          "skipped": [],
          "duration": 6344,
          "root": false,
          "rootEmpty": false,
          "_timeout": 2000
        }
      ],
      "passes": [],
      "failures": [],
      "pending": [],
      "skipped": [],
      "duration": 0,
      "root": true,
      "rootEmpty": true,
      "_timeout": 2000
    }
  ],
  "meta": {
    "mocha": {
      "version": "7.0.1"
    },
    "mochawesome": {
      "options": {
        "quiet": false,
        "reportFilename": "mochawesome",
        "saveHtml": false,
        "saveJson": true,
        "consoleReporter": "spec",
        "useInlineDiffs": false,
        "code": true
      },
      "version": "6.2.2"
    },
    "marge": {
      "options": {
        "id": "default",
        "reportDir": "cypress/reports/mocha",
        "quite": true,
        "overwrite": false,
        "html": false,
        "json": true
      },
      "version": "5.2.0"
    }
  }
}