{
  "stats": {
    "suites": 1,
    "tests": 1,
    "passes": 1,
    "pending": 0,
    "failures": 0,
    "start": "2021-03-23T08:22:58.720Z",
    "end": "2021-03-23T08:23:01.339Z",
    "duration": 2619,
    "testsRegistered": 1,
    "passPercent": 100,
    "pendingPercent": 0,
    "other": 0,
    "hasOther": false,
    "skipped": 0,
    "hasSkipped": false
  },
  "results": [
    {
      "uuid": "c02e643b-2e8f-4518-b13b-638c43307ddc",
      "title": "",
      "fullFile": "cypress/integration/tests/pom.spec.js",
      "file": "cypress/integration/tests/pom.spec.js",
      "beforeHooks": [],
      "afterHooks": [],
      "tests": [],
      "suites": [
        {
          "uuid": "14d5181b-2b22-4cb4-a1e2-02781c7292cd",
          "title": "Login",
          "fullFile": "",
          "file": "",
          "beforeHooks": [],
          "afterHooks": [],
          "tests": [
            {
              "title": "Sign in",
              "fullTitle": "Login Sign in",
              "timedOut": null,
              "duration": 2592,
              "state": "passed",
              "speed": "slow",
              "pass": true,
              "fail": false,
              "pending": false,
              "context": null,
              "code": "cy.visit(\"https://react-redux.realworld.io/#/login\");\nlogin.email().type(\"cypress.demotests@gmail.com\");\nlogin.password().type(\"admin123\");\nlogin.signInButton().should(\"be.visible\").click();",
              "err": {},
              "uuid": "c9c0e439-33ce-4b1b-acc6-5ad5d09be643",
              "parentUUID": "14d5181b-2b22-4cb4-a1e2-02781c7292cd",
              "isHook": false,
              "skipped": false
            }
          ],
          "suites": [],
          "passes": [
            "c9c0e439-33ce-4b1b-acc6-5ad5d09be643"
          ],
          "failures": [],
          "pending": [],
          "skipped": [],
          "duration": 2592,
          "root": false,
          "rootEmpty": false,
          "_timeout": 2000
        }
      ],
      "passes": [],
      "failures": [],
      "pending": [],
      "skipped": [],
      "duration": 0,
      "root": true,
      "rootEmpty": true,
      "_timeout": 2000
    }
  ],
  "meta": {
    "mocha": {
      "version": "7.0.1"
    },
    "mochawesome": {
      "options": {
        "quiet": false,
        "reportFilename": "mochawesome",
        "saveHtml": false,
        "saveJson": true,
        "consoleReporter": "spec",
        "useInlineDiffs": false,
        "code": true
      },
      "version": "6.2.2"
    },
    "marge": {
      "options": {
        "id": "default",
        "reportDir": "cypress/reports/mocha",
        "quite": true,
        "overwrite": false,
        "html": false,
        "json": true
      },
      "version": "5.2.0"
    }
  }
}