{
  "stats": {
    "suites": 1,
    "tests": 3,
    "passes": 0,
    "pending": 0,
    "failures": 3,
    "start": "2021-03-23T08:44:21.931Z",
    "end": "2021-03-23T08:45:05.046Z",
    "duration": 43115,
    "testsRegistered": 3,
    "passPercent": 0,
    "pendingPercent": 0,
    "other": 0,
    "hasOther": false,
    "skipped": 0,
    "hasSkipped": false
  },
  "results": [
    {
      "uuid": "19a84ce7-0101-4368-9883-4799768a2834",
      "title": "",
      "fullFile": "cypress/integration/tests/identifyElements.spec.js",
      "file": "cypress/integration/tests/identifyElements.spec.js",
      "beforeHooks": [],
      "afterHooks": [],
      "tests": [],
      "suites": [
        {
          "uuid": "6fd0f6e2-7455-458a-8d1a-9ec7082656bb",
          "title": "Create and mark-unmark as favorite",
          "fullFile": "",
          "file": "",
          "beforeHooks": [],
          "afterHooks": [],
          "tests": [
            {
              "title": "Sign in",
              "fullTitle": "Create and mark-unmark as favorite Sign in",
              "timedOut": null,
              "duration": 12266,
              "state": "failed",
              "speed": null,
              "pass": false,
              "fail": true,
              "pending": false,
              "context": null,
              "code": "cy.visit(\"https://react-redux.realworld.io/#/login\");\ncy.title().should(\"eq\", \"Conduit\");\ncy.location(\"protocol\").should(\"eq\", \"https:\");\ncy.get(\"form\").within(function ($form) {\n  // cy.get() will only search for elements within form, not within the entire document\n  cy.get('input[type = \"email\"]').type(\"cypress.demotests@gmail.com\");\n  cy.get('input[type = \"password\"]').type(\"admin123\");\n  cy.root().submit(); // submits the form yielded from 'within'\n});\ncy.contains(\"Your Feed\", {\n  timeout: 10000\n}).should(\"be.visible\");",
              "err": {
                "message": "AssertionError: Timed out retrying after 10000ms: Expected to find content: 'Your Feed' but never did.",
                "estack": "AssertionError: Timed out retrying after 10000ms: Expected to find content: 'Your Feed' but never did.\n    at Context.eval (https://react-redux.realworld.io/__cypress/tests?p=cypress/integration/tests/identifyElements.spec.js:18:8)",
                "diff": null
              },
              "uuid": "f195121a-bc67-4cf2-b87a-ea99b59b1d1d",
              "parentUUID": "6fd0f6e2-7455-458a-8d1a-9ec7082656bb",
              "isHook": false,
              "skipped": false
            },
            {
              "title": "Create a post",
              "fullTitle": "Create and mark-unmark as favorite Create a post",
              "timedOut": null,
              "duration": 15393,
              "state": "failed",
              "speed": null,
              "pass": false,
              "fail": true,
              "pending": false,
              "context": null,
              "code": "cy.get(\"ul.navbar-nav\").children().contains(\"New Post\").click();\ncy.hash().should(\"include\", \"#/editor\");\ncy.get(\"form\").within(function ($form) {\n  cy.get(\"input\").first().type(\"Test\");\n  cy.get(\"input\").eq(1).type(\"Test 1\");\n  cy.get(\"textarea\").last().type(\"Test 2\");\n  cy.contains(\"Publish Article\").click();\n});\ncy.url().should(\"include\", \"article\");",
              "err": {
                "message": "AssertionError: Timed out retrying after 15000ms: Expected to find content: 'New Post' within the element: [ <li.nav-item>, 2 more... ] but never did.",
                "estack": "AssertionError: Timed out retrying after 15000ms: Expected to find content: 'New Post' within the element: [ <li.nav-item>, 2 more... ] but never did.\n    at Context.eval (https://react-redux.realworld.io/__cypress/tests?p=cypress/integration/tests/identifyElements.spec.js:21:40)",
                "diff": null
              },
              "uuid": "0e8ab123-d731-4182-a5d6-dfcbfad32046",
              "parentUUID": "6fd0f6e2-7455-458a-8d1a-9ec7082656bb",
              "isHook": false,
              "skipped": false
            },
            {
              "title": "Mark-unmark as favorite",
              "fullTitle": "Create and mark-unmark as favorite Mark-unmark as favorite",
              "timedOut": null,
              "duration": 15320,
              "state": "failed",
              "speed": null,
              "pass": false,
              "fail": true,
              "pending": false,
              "context": null,
              "code": "cy.get(\"ul.navbar-nav\").children().contains(\"Demo\").click();\ncy.contains(\"My Articles\").should(\"be.visible\");\ncy.get(\".ion-heart\").first().click();\ncy.contains(\"Favorited Articles\").click();\ncy.url().should(\"include\", \"favorites\");\ncy.get(\".ion-heart\").first().click();\ncy.reload();\ncy.contains(\"No articles are here... yet.\").should(\"be.visible\");\ncy.go(\"back\");",
              "err": {
                "message": "AssertionError: Timed out retrying after 15000ms: Expected to find content: 'Demo' within the element: [ <li.nav-item>, 2 more... ] but never did.",
                "estack": "AssertionError: Timed out retrying after 15000ms: Expected to find content: 'Demo' within the element: [ <li.nav-item>, 2 more... ] but never did.\n    at Context.eval (https://react-redux.realworld.io/__cypress/tests?p=cypress/integration/tests/identifyElements.spec.js:32:40)",
                "diff": null
              },
              "uuid": "a3ed6aec-5386-46e5-b1a4-7f8bb8ff17e6",
              "parentUUID": "6fd0f6e2-7455-458a-8d1a-9ec7082656bb",
              "isHook": false,
              "skipped": false
            }
          ],
          "suites": [],
          "passes": [],
          "failures": [
            "f195121a-bc67-4cf2-b87a-ea99b59b1d1d",
            "0e8ab123-d731-4182-a5d6-dfcbfad32046",
            "a3ed6aec-5386-46e5-b1a4-7f8bb8ff17e6"
          ],
          "pending": [],
          "skipped": [],
          "duration": 42979,
          "root": false,
          "rootEmpty": false,
          "_timeout": 2000
        }
      ],
      "passes": [],
      "failures": [],
      "pending": [],
      "skipped": [],
      "duration": 0,
      "root": true,
      "rootEmpty": true,
      "_timeout": 2000
    }
  ],
  "meta": {
    "mocha": {
      "version": "7.0.1"
    },
    "mochawesome": {
      "options": {
        "quiet": false,
        "reportFilename": "mochawesome",
        "saveHtml": false,
        "saveJson": true,
        "consoleReporter": "spec",
        "useInlineDiffs": false,
        "code": true
      },
      "version": "6.2.2"
    },
    "marge": {
      "options": {
        "id": "default",
        "reportDir": "cypress/reports/mocha",
        "quite": true,
        "overwrite": false,
        "html": false,
        "json": true
      },
      "version": "5.2.0"
    }
  }
}
