{
  "stats": {
    "suites": 3,
    "tests": 9,
    "passes": 9,
    "pending": 0,
    "failures": 0,
    "start": "2021-03-23T08:18:40.324Z",
    "end": "2021-03-23T08:18:46.424Z",
    "duration": 6100,
    "testsRegistered": 9,
    "passPercent": 100,
    "pendingPercent": 0,
    "other": 0,
    "hasOther": false,
    "skipped": 0,
    "hasSkipped": false
  },
  "results": [
    {
      "uuid": "e1a07599-2e6b-4b6d-8816-77a8f6576eed",
      "title": "",
      "fullFile": "cypress/integration/examples/assertions.spec.js",
      "file": "cypress/integration/examples/assertions.spec.js",
      "beforeHooks": [],
      "afterHooks": [],
      "tests": [],
      "suites": [
        {
          "uuid": "5e609e72-e7cc-40ed-87da-70b051486659",
          "title": "Assertions",
          "fullFile": "",
          "file": "",
          "beforeHooks": [],
          "afterHooks": [],
          "tests": [],
          "suites": [
            {
              "uuid": "fcc2d557-5ee6-4c32-b466-fc6180c3a8d2",
              "title": "Implicit Assertions",
              "fullFile": "",
              "file": "",
              "beforeHooks": [],
              "afterHooks": [],
              "tests": [
                {
                  "title": ".should() - make an assertion about the current subject",
                  "fullTitle": "Assertions Implicit Assertions .should() - make an assertion about the current subject",
                  "timedOut": null,
                  "duration": 1987,
                  "state": "passed",
                  "speed": "slow",
                  "pass": true,
                  "fail": false,
                  "pending": false,
                  "context": null,
                  "code": "// https://on.cypress.io/should\ncy.get(\".assertion-table\").find(\"tbody tr:last\").should(\"have.class\", \"success\").find(\"td\").first() // checking the text of the <td> element in various ways\n.should(\"have.text\", \"Column content\").should(\"contain\", \"Column content\").should(\"have.html\", \"Column content\") // chai-jquery uses \"is()\" to check if element matches selector\n.should(\"match\", \"td\") // to match text content against a regular expression\n// first need to invoke jQuery method text()\n// and then match using regular expression\n.invoke(\"text\").should(\"match\", /column content/i); // a better way to check element's text content against a regular expression\n// is to use \"cy.contains\"\n// https://on.cypress.io/contains\ncy.get(\".assertion-table\").find(\"tbody tr:last\") // finds first <td> element with text content matching regular expression\n.contains(\"td\", /column content/i).should(\"be.visible\"); // for more information about asserting element's text\n// see https://on.cypress.io/using-cypress-faq#How-do-I-get-an-element’s-text-contents",
                  "err": {},
                  "uuid": "cd419790-9460-4bbb-b4ce-565938480058",
                  "parentUUID": "fcc2d557-5ee6-4c32-b466-fc6180c3a8d2",
                  "isHook": false,
                  "skipped": false
                },
                {
                  "title": ".and() - chain multiple assertions together",
                  "fullTitle": "Assertions Implicit Assertions .and() - chain multiple assertions together",
                  "timedOut": null,
                  "duration": 246,
                  "state": "passed",
                  "speed": "slow",
                  "pass": true,
                  "fail": false,
                  "pending": false,
                  "context": null,
                  "code": "// https://on.cypress.io/and\ncy.get(\".assertions-link\").should(\"have.class\", \"active\").and(\"have.attr\", \"href\").and(\"include\", \"cypress.io\");",
                  "err": {},
                  "uuid": "8e7f00e2-8d1f-4346-8226-433aee6ba047",
                  "parentUUID": "fcc2d557-5ee6-4c32-b466-fc6180c3a8d2",
                  "isHook": false,
                  "skipped": false
                }
              ],
              "suites": [],
              "passes": [
                "cd419790-9460-4bbb-b4ce-565938480058",
                "8e7f00e2-8d1f-4346-8226-433aee6ba047"
              ],
              "failures": [],
              "pending": [],
              "skipped": [],
              "duration": 2233,
              "root": false,
              "rootEmpty": false,
              "_timeout": 2000
            },
            {
              "uuid": "774a55b0-90a0-4c8a-9959-d2080d649d5f",
              "title": "Explicit Assertions",
              "fullFile": "",
              "file": "",
              "beforeHooks": [],
              "afterHooks": [],
              "tests": [
                {
                  "title": "expect - make an assertion about a specified subject",
                  "fullTitle": "Assertions Explicit Assertions expect - make an assertion about a specified subject",
                  "timedOut": null,
                  "duration": 148,
                  "state": "passed",
                  "speed": "slow",
                  "pass": true,
                  "fail": false,
                  "pending": false,
                  "context": null,
                  "code": "// We can use Chai's BDD style assertions\nexpect(true).to.be[\"true\"];\nvar o = {\n  foo: \"bar\"\n};\nexpect(o).to.equal(o);\nexpect(o).to.deep.equal({\n  foo: \"bar\"\n}); // matching text using regular expression\nexpect(\"FooBar\").to.match(/bar$/i);",
                  "err": {},
                  "uuid": "cd77f260-f5e1-4aa4-9d6c-fde52b09c667",
                  "parentUUID": "774a55b0-90a0-4c8a-9959-d2080d649d5f",
                  "isHook": false,
                  "skipped": false
                },
                {
                  "title": "pass your own callback function to should()",
                  "fullTitle": "Assertions Explicit Assertions pass your own callback function to should()",
                  "timedOut": null,
                  "duration": 113,
                  "state": "passed",
                  "speed": "slow",
                  "pass": true,
                  "fail": false,
                  "pending": false,
                  "context": null,
                  "code": "// Pass a function to should that can have any number\n// of explicit assertions within it.\n// The \".should(cb)\" function will be retried\n// automatically until it passes all your explicit assertions or times out.\ncy.get(\".assertions-p\").find(\"p\").should(function ($p) {\n  // https://on.cypress.io/$\n  // return an array of texts from all of the p's\n  // @ts-ignore TS6133 unused variable\n  var texts = $p.map(function (i, el) {\n    return Cypress.$(el).text();\n  }); // jquery map returns jquery object\n  // and .get() convert this to simple array\n  var paragraphs = texts.get(); // array should have length of 3\n  expect(paragraphs, \"has 3 paragraphs\").to.have.length(3); // use second argument to expect(...) to provide clear\n  // message with each assertion\n  expect(paragraphs, \"has expected text in each paragraph\").to.deep.eq([\"Some text from first p\", \"More text from second p\", \"And even more text from third p\"]);\n});",
                  "err": {},
                  "uuid": "104d1ded-9132-49ad-9d70-df4112ff5cbe",
                  "parentUUID": "774a55b0-90a0-4c8a-9959-d2080d649d5f",
                  "isHook": false,
                  "skipped": false
                },
                {
                  "title": "finds element by class name regex",
                  "fullTitle": "Assertions Explicit Assertions finds element by class name regex",
                  "timedOut": null,
                  "duration": 124,
                  "state": "passed",
                  "speed": "slow",
                  "pass": true,
                  "fail": false,
                  "pending": false,
                  "context": null,
                  "code": "cy.get(\".docs-header\").find(\"div\") // .should(cb) callback function will be retried\n.should(function ($div) {\n  expect($div).to.have.length(1);\n  var className = $div[0].className;\n  expect(className).to.match(/heading-/);\n}) // .then(cb) callback is not retried,\n// it either passes or fails\n.then(function ($div) {\n  expect($div, \"text content\").to.have.text(\"Introduction\");\n});",
                  "err": {},
                  "uuid": "2ad278cd-c9ae-451c-a0b1-faa18b05185b",
                  "parentUUID": "774a55b0-90a0-4c8a-9959-d2080d649d5f",
                  "isHook": false,
                  "skipped": false
                },
                {
                  "title": "can throw any error",
                  "fullTitle": "Assertions Explicit Assertions can throw any error",
                  "timedOut": null,
                  "duration": 194,
                  "state": "passed",
                  "speed": "slow",
                  "pass": true,
                  "fail": false,
                  "pending": false,
                  "context": null,
                  "code": "cy.get(\".docs-header\").find(\"div\").should(function ($div) {\n  if ($div.length !== 1) {\n    // you can throw your own errors\n    throw new Error(\"Did not find 1 element\");\n  }\n  var className = $div[0].className;\n  if (!className.match(/heading-/)) {\n    throw new Error(\"Could not find class \\\"heading-\\\" in \".concat(className));\n  }\n});",
                  "err": {},
                  "uuid": "bc5d2831-2947-4cd2-98e0-25f108998989",
                  "parentUUID": "774a55b0-90a0-4c8a-9959-d2080d649d5f",
                  "isHook": false,
                  "skipped": false
                },
                {
                  "title": "matches unknown text between two elements",
                  "fullTitle": "Assertions Explicit Assertions matches unknown text between two elements",
                  "timedOut": null,
                  "duration": 198,
                  "state": "passed",
                  "speed": "slow",
                  "pass": true,
                  "fail": false,
                  "pending": false,
                  "context": null,
                  "code": "/**\n * Text from the first element.\n * @type {string}\n */\nvar text;\n/**\n * Normalizes passed text,\n * useful before comparing text with spaces and different capitalization.\n * @param {string} s Text to normalize\n */\nvar normalizeText = function normalizeText(s) {\n  return s.replace(/\\s/g, \"\").toLowerCase();\n};\ncy.get(\".two-elements\").find(\".first\").then(function ($first) {\n  // save text from the first element\n  text = normalizeText($first.text());\n});\ncy.get(\".two-elements\").find(\".second\").should(function ($div) {\n  // we can massage text before comparing\n  var secondText = normalizeText($div.text());\n  expect(secondText, \"second text\").to.equal(text);\n});",
                  "err": {},
                  "uuid": "862bbee9-afc2-42a5-9240-d367d2df0179",
                  "parentUUID": "774a55b0-90a0-4c8a-9959-d2080d649d5f",
                  "isHook": false,
                  "skipped": false
                },
                {
                  "title": "assert - assert shape of an object",
                  "fullTitle": "Assertions Explicit Assertions assert - assert shape of an object",
                  "timedOut": null,
                  "duration": 155,
                  "state": "passed",
                  "speed": "slow",
                  "pass": true,
                  "fail": false,
                  "pending": false,
                  "context": null,
                  "code": "var person = {\n  name: \"Joe\",\n  age: 20\n};\nassert.isObject(person, \"value is object\");",
                  "err": {},
                  "uuid": "21e1084a-e2d6-49f9-afef-126286f53339",
                  "parentUUID": "774a55b0-90a0-4c8a-9959-d2080d649d5f",
                  "isHook": false,
                  "skipped": false
                },
                {
                  "title": "retries the should callback until assertions pass",
                  "fullTitle": "Assertions Explicit Assertions retries the should callback until assertions pass",
                  "timedOut": null,
                  "duration": 1615,
                  "state": "passed",
                  "speed": "slow",
                  "pass": true,
                  "fail": false,
                  "pending": false,
                  "context": null,
                  "code": "cy.get(\"#random-number\").should(function ($div) {\n  var n = parseFloat($div.text());\n  expect(n).to.be.gte(1).and.be.lte(10);\n});",
                  "err": {},
                  "uuid": "0fcb8ffb-477d-4be6-ab74-67ab78cfc96b",
                  "parentUUID": "774a55b0-90a0-4c8a-9959-d2080d649d5f",
                  "isHook": false,
                  "skipped": false
                }
              ],
              "suites": [],
              "passes": [
                "cd77f260-f5e1-4aa4-9d6c-fde52b09c667",
                "104d1ded-9132-49ad-9d70-df4112ff5cbe",
                "2ad278cd-c9ae-451c-a0b1-faa18b05185b",
                "bc5d2831-2947-4cd2-98e0-25f108998989",
                "862bbee9-afc2-42a5-9240-d367d2df0179",
                "21e1084a-e2d6-49f9-afef-126286f53339",
                "0fcb8ffb-477d-4be6-ab74-67ab78cfc96b"
              ],
              "failures": [],
              "pending": [],
              "skipped": [],
              "duration": 2547,
              "root": false,
              "rootEmpty": false,
              "_timeout": 2000
            }
          ],
          "passes": [],
          "failures": [],
          "pending": [],
          "skipped": [],
          "duration": 0,
          "root": false,
          "rootEmpty": false,
          "_timeout": 2000
        }
      ],
      "passes": [],
      "failures": [],
      "pending": [],
      "skipped": [],
      "duration": 0,
      "root": true,
      "rootEmpty": true,
      "_timeout": 2000
    }
  ],
  "meta": {
    "mocha": {
      "version": "7.0.1"
    },
    "mochawesome": {
      "options": {
        "quiet": false,
        "reportFilename": "mochawesome",
        "saveHtml": false,
        "saveJson": true,
        "consoleReporter": "spec",
        "useInlineDiffs": false,
        "code": true
      },
      "version": "6.2.2"
    },
    "marge": {
      "options": {
        "id": "default",
        "reportDir": "cypress/reports/mocha",
        "quite": true,
        "overwrite": false,
        "html": false,
        "json": true
      },
      "version": "5.2.0"
    }
  }
}