{
  "stats": {
    "suites": 1,
    "tests": 5,
    "passes": 5,
    "pending": 0,
    "failures": 0,
    "start": "2021-03-23T08:42:10.999Z",
    "end": "2021-03-23T08:42:14.730Z",
    "duration": 3731,
    "testsRegistered": 5,
    "passPercent": 100,
    "pendingPercent": 0,
    "other": 0,
    "hasOther": false,
    "skipped": 0,
    "hasSkipped": false
  },
  "results": [
    {
      "uuid": "4558e144-abfa-4d33-bf05-a2ca6ef530cc",
      "title": "",
      "fullFile": "cypress/integration/examples/querying.spec.js",
      "file": "cypress/integration/examples/querying.spec.js",
      "beforeHooks": [],
      "afterHooks": [],
      "tests": [],
      "suites": [
        {
          "uuid": "5cd74eec-42f5-4faa-a423-db4485483ad6",
          "title": "Querying",
          "fullFile": "",
          "file": "",
          "beforeHooks": [],
          "afterHooks": [],
          "tests": [
            {
              "title": "cy.get() - query DOM elements",
              "fullTitle": "Querying cy.get() - query DOM elements",
              "timedOut": null,
              "duration": 577,
              "state": "passed",
              "speed": "slow",
              "pass": true,
              "fail": false,
              "pending": false,
              "context": null,
              "code": "// https://on.cypress.io/get\ncy.get(\"#query-btn\").should(\"contain\", \"Button\");\ncy.get(\".query-btn\").should(\"contain\", \"Button\");\ncy.get(\"#querying .well>button:first\").should(\"contain\", \"Button\"); //              ↲\n// Use CSS selectors just like jQuery\ncy.get('[data-test-id=\"test-example\"]').should(\"have.class\", \"example\"); // 'cy.get()' yields jQuery object, you can get its attribute\n// by invoking `.attr()` method\ncy.get('[data-test-id=\"test-example\"]').invoke(\"attr\", \"data-test-id\").should(\"equal\", \"test-example\"); // or you can get element's CSS property\ncy.get('[data-test-id=\"test-example\"]').invoke(\"css\", \"position\").should(\"equal\", \"static\"); // or use assertions directly during 'cy.get()'\n// https://on.cypress.io/assertions\ncy.get('[data-test-id=\"test-example\"]').should(\"have.attr\", \"data-test-id\", \"test-example\").and(\"have.css\", \"position\", \"static\");",
              "err": {},
              "uuid": "70611d16-e477-4a09-8c4d-bcf9fb05091a",
              "parentUUID": "5cd74eec-42f5-4faa-a423-db4485483ad6",
              "isHook": false,
              "skipped": false
            },
            {
              "title": "cy.contains() - query DOM elements with matching content",
              "fullTitle": "Querying cy.contains() - query DOM elements with matching content",
              "timedOut": null,
              "duration": 247,
              "state": "passed",
              "speed": "slow",
              "pass": true,
              "fail": false,
              "pending": false,
              "context": null,
              "code": "// https://on.cypress.io/contains\ncy.get(\".query-list\").contains(\"bananas\").should(\"have.class\", \"third\"); // we can pass a regexp to `.contains()`\ncy.get(\".query-list\").contains(/^b\\w+/).should(\"have.class\", \"third\");\ncy.get(\".query-list\").contains(\"apples\").should(\"have.class\", \"first\"); // passing a selector to contains will\n// yield the selector containing the text\ncy.get(\"#querying\").contains(\"ul\", \"oranges\").should(\"have.class\", \"query-list\");\ncy.get(\".query-button\").contains(\"Save Form\").should(\"have.class\", \"btn\");",
              "err": {},
              "uuid": "a5adffaa-ee64-4974-8f5f-ee7e3bd8b85c",
              "parentUUID": "5cd74eec-42f5-4faa-a423-db4485483ad6",
              "isHook": false,
              "skipped": false
            },
            {
              "title": ".within() - query DOM elements within a specific element",
              "fullTitle": "Querying .within() - query DOM elements within a specific element",
              "timedOut": null,
              "duration": 144,
              "state": "passed",
              "speed": "slow",
              "pass": true,
              "fail": false,
              "pending": false,
              "context": null,
              "code": "// https://on.cypress.io/within\ncy.get(\".query-form\").within(function () {\n  cy.get(\"input:first\").should(\"have.attr\", \"placeholder\", \"Email\");\n  cy.get(\"input:last\").should(\"have.attr\", \"placeholder\", \"Password\");\n});",
              "err": {},
              "uuid": "37e5c060-01b2-4e6a-aadc-745d48d47a76",
              "parentUUID": "5cd74eec-42f5-4faa-a423-db4485483ad6",
              "isHook": false,
              "skipped": false
            },
            {
              "title": "cy.root() - query the root DOM element",
              "fullTitle": "Querying cy.root() - query the root DOM element",
              "timedOut": null,
              "duration": 178,
              "state": "passed",
              "speed": "slow",
              "pass": true,
              "fail": false,
              "pending": false,
              "context": null,
              "code": "// https://on.cypress.io/root\n// By default, root is the document\ncy.root().should(\"match\", \"html\");\ncy.get(\".query-ul\").within(function () {\n  // In this within, the root is now the ul DOM element\n  cy.root().should(\"have.class\", \"query-ul\");\n});",
              "err": {},
              "uuid": "8b04cd93-a053-4c3d-9784-7be209bb2de3",
              "parentUUID": "5cd74eec-42f5-4faa-a423-db4485483ad6",
              "isHook": false,
              "skipped": false
            },
            {
              "title": "best practices - selecting elements",
              "fullTitle": "Querying best practices - selecting elements",
              "timedOut": null,
              "duration": 886,
              "state": "passed",
              "speed": "slow",
              "pass": true,
              "fail": false,
              "pending": false,
              "context": null,
              "code": "// https://on.cypress.io/best-practices#Selecting-Elements\ncy.get(\"[data-cy=best-practices-selecting-elements]\").within(function () {\n  // Worst - too generic, no context\n  cy.get(\"button\").click(); // Bad. Coupled to styling. Highly subject to change.\n  cy.get(\".btn.btn-large\").click(); // Average. Coupled to the `name` attribute which has HTML semantics.\n  cy.get(\"[name=submission]\").click(); // Better. But still coupled to styling or JS event listeners.\n  cy.get(\"#main\").click(); // Slightly better. Uses an ID but also ensures the element\n  // has an ARIA role attribute\n  cy.get(\"#main[role=button]\").click(); // Much better. But still coupled to text content that may change.\n  cy.contains(\"Submit\").click(); // Best. Insulated from all changes.\n  cy.get(\"[data-cy=submit]\").click();\n});",
              "err": {},
              "uuid": "06083f8f-180b-4cb0-9284-52b4b9e18ee2",
              "parentUUID": "5cd74eec-42f5-4faa-a423-db4485483ad6",
              "isHook": false,
              "skipped": false
            }
          ],
          "suites": [],
          "passes": [
            "70611d16-e477-4a09-8c4d-bcf9fb05091a",
            "a5adffaa-ee64-4974-8f5f-ee7e3bd8b85c",
            "37e5c060-01b2-4e6a-aadc-745d48d47a76",
            "8b04cd93-a053-4c3d-9784-7be209bb2de3",
            "06083f8f-180b-4cb0-9284-52b4b9e18ee2"
          ],
          "failures": [],
          "pending": [],
          "skipped": [],
          "duration": 2032,
          "root": false,
          "rootEmpty": false,
          "_timeout": 2000
        }
      ],
      "passes": [],
      "failures": [],
      "pending": [],
      "skipped": [],
      "duration": 0,
      "root": true,
      "rootEmpty": true,
      "_timeout": 2000
    }
  ],
  "meta": {
    "mocha": {
      "version": "7.0.1"
    },
    "mochawesome": {
      "options": {
        "quiet": false,
        "reportFilename": "mochawesome",
        "saveHtml": false,
        "saveJson": true,
        "consoleReporter": "spec",
        "useInlineDiffs": false,
        "code": true
      },
      "version": "6.2.2"
    },
    "marge": {
      "options": {
        "id": "default",
        "reportDir": "cypress/reports/mocha",
        "quite": true,
        "overwrite": false,
        "html": false,
        "json": true
      },
      "version": "5.2.0"
    }
  }
}