{
  "stats": {
    "suites": 1,
    "tests": 3,
    "passes": 0,
    "pending": 0,
    "failures": 3,
    "start": "2021-03-23T08:24:06.426Z",
    "end": "2021-03-23T08:24:50.287Z",
    "duration": 43861,
    "testsRegistered": 3,
    "passPercent": 0,
    "pendingPercent": 0,
    "other": 0,
    "hasOther": false,
    "skipped": 0,
    "hasSkipped": false
  },
  "results": [
    {
      "uuid": "b4ed53f6-5929-4e9d-b38f-8a67efaa2da6",
      "title": "",
      "fullFile": "cypress/integration/tests/url.spec.js",
      "file": "cypress/integration/tests/url.spec.js",
      "beforeHooks": [],
      "afterHooks": [],
      "tests": [],
      "suites": [
        {
          "uuid": "4cffadaa-472c-485a-8ab6-8210dd21d2fd",
          "title": "Create and mark-unmark as favorite",
          "fullFile": "",
          "file": "",
          "beforeHooks": [],
          "afterHooks": [],
          "tests": [
            {
              "title": "Sign in",
              "fullTitle": "Create and mark-unmark as favorite Sign in",
              "timedOut": null,
              "duration": 13007,
              "state": "failed",
              "speed": null,
              "pass": false,
              "fail": true,
              "pending": false,
              "context": null,
              "code": "cy.visit(\"https://react-redux.realworld.io/#/login\");\ncy.title().should(\"eq\", \"Conduit\");\ncy.location(\"protocol\").should(\"eq\", \"https:\");\ncy.get('input[type=\"email\"]').type(\"cypress.demotests@gmail.com\");\ncy.get('input[type=\"password\"]').type(\"admin123\");\ncy.get(\".btn\").contains(\"Sign in\").should(\"be.visible\").click();\ncy.contains(\"Your Feed\", {\n  timeout: 10000\n}).should(\"be.visible\");",
              "err": {
                "message": "AssertionError: Timed out retrying after 10000ms: Expected to find content: 'Your Feed' but never did.",
                "estack": "AssertionError: Timed out retrying after 10000ms: Expected to find content: 'Your Feed' but never did.\n    at Context.eval (https://react-redux.realworld.io/__cypress/tests?p=cypress/integration/tests/url.spec.js:15:8)",
                "diff": null
              },
              "uuid": "6a1a3690-6a64-44d2-8ec9-0e84414e677d",
              "parentUUID": "4cffadaa-472c-485a-8ab6-8210dd21d2fd",
              "isHook": false,
              "skipped": false
            },
            {
              "title": "Create a post",
              "fullTitle": "Create and mark-unmark as favorite Create a post",
              "timedOut": null,
              "duration": 15331,
              "state": "failed",
              "speed": null,
              "pass": false,
              "fail": true,
              "pending": false,
              "context": null,
              "code": "cy.contains(\"New Post\").click(); //cy.location('hash').should('include','#/editor')\ncy.hash().should(\"include\", \"#/editor\");\ncy.get('input[placeholder=\"Article Title\"]').type(\"Test\");\ncy.get('input[placeholder=\"What\\'s this article about?\"]').type(\"Test 1\");\ncy.get('textarea[placeholder=\"Write your article (in markdown)\"]').type(\"Test 2\");\ncy.contains(\"Publish Article\").click();\ncy.url().should(\"include\", \"article\");",
              "err": {
                "message": "AssertionError: Timed out retrying after 15000ms: Expected to find content: 'New Post' but never did.",
                "estack": "AssertionError: Timed out retrying after 15000ms: Expected to find content: 'New Post' but never did.\n    at Context.eval (https://react-redux.realworld.io/__cypress/tests?p=cypress/integration/tests/url.spec.js:18:8)",
                "diff": null
              },
              "uuid": "1701adc3-773c-47d1-841f-cedb59a48308",
              "parentUUID": "4cffadaa-472c-485a-8ab6-8210dd21d2fd",
              "isHook": false,
              "skipped": false
            },
            {
              "title": "Mark-unmark as favorite",
              "fullTitle": "Create and mark-unmark as favorite Mark-unmark as favorite",
              "timedOut": null,
              "duration": 15347,
              "state": "failed",
              "speed": null,
              "pass": false,
              "fail": true,
              "pending": false,
              "context": null,
              "code": "cy.get(\".nav-link\").contains(\"QAMs\").click();\ncy.contains(\"My Articles\").should(\"be.visible\");\ncy.get(\".ion-heart\").click();\ncy.contains(\"Favorited Articles\").click();\ncy.url().should(\"include\", \"favorites\");\ncy.get(\".ion-heart\").click();\ncy.reload();\ncy.contains(\"No articles are here... yet.\").should(\"be.visible\");\ncy.go(\"back\"); //cy.go(-1)\n//cy.go('forward')\n//cy.go(1)",
              "err": {
                "message": "AssertionError: Timed out retrying after 15000ms: Expected to find content: 'QAMs' within the element: [ <a.nav-link>, 2 more... ] but never did.",
                "estack": "AssertionError: Timed out retrying after 15000ms: Expected to find content: 'QAMs' within the element: [ <a.nav-link>, 2 more... ] but never did.\n    at Context.eval (https://react-redux.realworld.io/__cypress/tests?p=cypress/integration/tests/url.spec.js:28:25)",
                "diff": null
              },
              "uuid": "c451289f-e2b8-42a1-b366-e31573d1ff52",
              "parentUUID": "4cffadaa-472c-485a-8ab6-8210dd21d2fd",
              "isHook": false,
              "skipped": false
            }
          ],
          "suites": [],
          "passes": [],
          "failures": [
            "6a1a3690-6a64-44d2-8ec9-0e84414e677d",
            "1701adc3-773c-47d1-841f-cedb59a48308",
            "c451289f-e2b8-42a1-b366-e31573d1ff52"
          ],
          "pending": [],
          "skipped": [],
          "duration": 43685,
          "root": false,
          "rootEmpty": false,
          "_timeout": 2000
        }
      ],
      "passes": [],
      "failures": [],
      "pending": [],
      "skipped": [],
      "duration": 0,
      "root": true,
      "rootEmpty": true,
      "_timeout": 2000
    }
  ],
  "meta": {
    "mocha": {
      "version": "7.0.1"
    },
    "mochawesome": {
      "options": {
        "quiet": false,
        "reportFilename": "mochawesome",
        "saveHtml": false,
        "saveJson": true,
        "consoleReporter": "spec",
        "useInlineDiffs": false,
        "code": true
      },
      "version": "6.2.2"
    },
    "marge": {
      "options": {
        "id": "default",
        "reportDir": "cypress/reports/mocha",
        "quite": true,
        "overwrite": false,
        "html": false,
        "json": true
      },
      "version": "5.2.0"
    }
  }
}