{
  "stats": {
    "suites": 1,
    "tests": 2,
    "passes": 2,
    "pending": 0,
    "failures": 0,
    "start": "2021-03-23T08:42:52.492Z",
    "end": "2021-03-23T08:43:00.584Z",
    "duration": 8092,
    "testsRegistered": 2,
    "passPercent": 100,
    "pendingPercent": 0,
    "other": 0,
    "hasOther": false,
    "skipped": 0,
    "hasSkipped": false
  },
  "results": [
    {
      "uuid": "413de3f2-96a7-4b66-9b03-75c75891a62e",
      "title": "",
      "fullFile": "cypress/integration/examples/waiting.spec.js",
      "file": "cypress/integration/examples/waiting.spec.js",
      "beforeHooks": [],
      "afterHooks": [],
      "tests": [],
      "suites": [
        {
          "uuid": "87e84c2f-b610-42f0-b852-5f6e18763848",
          "title": "Waiting",
          "fullFile": "",
          "file": "",
          "beforeHooks": [],
          "afterHooks": [],
          "tests": [
            {
              "title": "cy.wait() - wait for a specific amount of time",
              "fullTitle": "Waiting cy.wait() - wait for a specific amount of time",
              "timedOut": null,
              "duration": 5563,
              "state": "passed",
              "speed": "slow",
              "pass": true,
              "fail": false,
              "pending": false,
              "context": null,
              "code": "cy.get(\".wait-input1\").type(\"Wait 1000ms after typing\");\ncy.wait(1000);\ncy.get(\".wait-input2\").type(\"Wait 1000ms after typing\");\ncy.wait(1000);\ncy.get(\".wait-input3\").type(\"Wait 1000ms after typing\");\ncy.wait(1000);",
              "err": {},
              "uuid": "ad7cf073-0c80-48c9-9fc5-d7f47558f38c",
              "parentUUID": "87e84c2f-b610-42f0-b852-5f6e18763848",
              "isHook": false,
              "skipped": false
            },
            {
              "title": "cy.wait() - wait for a specific route",
              "fullTitle": "Waiting cy.wait() - wait for a specific route",
              "timedOut": null,
              "duration": 1229,
              "state": "passed",
              "speed": "slow",
              "pass": true,
              "fail": false,
              "pending": false,
              "context": null,
              "code": "// Listen to GET to comments/1\ncy.intercept(\"GET\", \"**/comments/*\").as(\"getComment\"); // we have code that gets a comment when\n// the button is clicked in scripts.js\ncy.get(\".network-btn\").click(); // wait for GET comments/1\ncy.wait(\"@getComment\").its(\"response.statusCode\").should(\"be.oneOf\", [200, 304]);",
              "err": {},
              "uuid": "072fb32e-d0c4-429c-b4b2-33bd2a0dd8f8",
              "parentUUID": "87e84c2f-b610-42f0-b852-5f6e18763848",
              "isHook": false,
              "skipped": false
            }
          ],
          "suites": [],
          "passes": [
            "ad7cf073-0c80-48c9-9fc5-d7f47558f38c",
            "072fb32e-d0c4-429c-b4b2-33bd2a0dd8f8"
          ],
          "failures": [],
          "pending": [],
          "skipped": [],
          "duration": 6792,
          "root": false,
          "rootEmpty": false,
          "_timeout": 2000
        }
      ],
      "passes": [],
      "failures": [],
      "pending": [],
      "skipped": [],
      "duration": 0,
      "root": true,
      "rootEmpty": true,
      "_timeout": 2000
    }
  ],
  "meta": {
    "mocha": {
      "version": "7.0.1"
    },
    "mochawesome": {
      "options": {
        "quiet": false,
        "reportFilename": "mochawesome",
        "saveHtml": false,
        "saveJson": true,
        "consoleReporter": "spec",
        "useInlineDiffs": false,
        "code": true
      },
      "version": "6.2.2"
    },
    "marge": {
      "options": {
        "id": "default",
        "reportDir": "cypress/reports/mocha",
        "quite": true,
        "overwrite": false,
        "html": false,
        "json": true
      },
      "version": "5.2.0"
    }
  }
}