{
  "stats": {
    "suites": 2,
    "tests": 6,
    "passes": 6,
    "pending": 0,
    "failures": 0,
    "start": "2021-03-23T08:19:28.038Z",
    "end": "2021-03-23T08:19:34.985Z",
    "duration": 6947,
    "testsRegistered": 6,
    "passPercent": 100,
    "pendingPercent": 0,
    "other": 0,
    "hasOther": false,
    "skipped": 0,
    "hasSkipped": false
  },
  "results": [
    {
      "uuid": "a1836fa3-f779-45a8-a338-06bf9f4836f1",
      "title": "",
      "fullFile": "cypress/integration/examples/misc.spec.js",
      "file": "cypress/integration/examples/misc.spec.js",
      "beforeHooks": [],
      "afterHooks": [],
      "tests": [],
      "suites": [
        {
          "uuid": "f6bd328e-f35a-4735-a9e8-a54dd90ad7e2",
          "title": "Misc",
          "fullFile": "",
          "file": "",
          "beforeHooks": [],
          "afterHooks": [],
          "tests": [
            {
              "title": ".end() - end the command chain",
              "fullTitle": "Misc .end() - end the command chain",
              "timedOut": null,
              "duration": 701,
              "state": "passed",
              "speed": "slow",
              "pass": true,
              "fail": false,
              "pending": false,
              "context": null,
              "code": "// https://on.cypress.io/end\n// cy.end is useful when you want to end a chain of commands\n// and force Cypress to re-query from the root element\ncy.get(\".misc-table\").within(function () {\n  // ends the current chain and yields null\n  cy.contains(\"Cheryl\").click().end(); // queries the entire table again\n  cy.contains(\"Charles\").click();\n});",
              "err": {},
              "uuid": "ecb58324-6cd4-4539-aaa3-169581ee4654",
              "parentUUID": "f6bd328e-f35a-4735-a9e8-a54dd90ad7e2",
              "isHook": false,
              "skipped": false
            },
            {
              "title": "cy.exec() - execute a system command",
              "fullTitle": "Misc cy.exec() - execute a system command",
              "timedOut": null,
              "duration": 841,
              "state": "passed",
              "speed": "slow",
              "pass": true,
              "fail": false,
              "pending": false,
              "context": null,
              "code": "// execute a system command.\n// so you can take actions necessary for\n// your test outside the scope of Cypress.\n// https://on.cypress.io/exec\n// we can use Cypress.platform string to\n// select appropriate command\n// https://on.cypress/io/platform\ncy.log(\"Platform \".concat(Cypress.platform, \" architecture \").concat(Cypress.arch)); // on CircleCI Windows build machines we have a failure to run bash shell\n// https://github.com/cypress-io/cypress/issues/5169\n// so skip some of the tests by passing flag \"--env circle=true\"\nvar isCircleOnWindows = Cypress.platform === \"win32\" && Cypress.env(\"circle\");\nif (isCircleOnWindows) {\n  cy.log(\"Skipping test on CircleCI\");\n  return;\n} // cy.exec problem on Shippable CI\n// https://github.com/cypress-io/cypress/issues/6718\n\nvar isShippable = Cypress.platform === \"linux\" && Cypress.env(\"shippable\");\nif (isShippable) {\n  cy.log(\"Skipping test on ShippableCI\");\n  return;\n}\ncy.exec(\"echo Jane Lane\").its(\"stdout\").should(\"contain\", \"Jane Lane\");\nif (Cypress.platform === \"win32\") {\n  cy.exec(\"print cypress.json\").its(\"stderr\").should(\"be.empty\");\n} else {\n  cy.exec(\"cat cypress.json\").its(\"stderr\").should(\"be.empty\");\n  cy.exec(\"pwd\").its(\"code\").should(\"eq\", 0);\n}",
              "err": {},
              "uuid": "edc2b910-7289-4a7d-92f0-a2a300881b79",
              "parentUUID": "f6bd328e-f35a-4735-a9e8-a54dd90ad7e2",
              "isHook": false,
              "skipped": false
            },
            {
              "title": "cy.focused() - get the DOM element that has focus",
              "fullTitle": "Misc cy.focused() - get the DOM element that has focus",
              "timedOut": null,
              "duration": 446,
              "state": "passed",
              "speed": "slow",
              "pass": true,
              "fail": false,
              "pending": false,
              "context": null,
              "code": "// https://on.cypress.io/focused\ncy.get(\".misc-form\").find(\"#name\").click();\ncy.focused().should(\"have.id\", \"name\");\ncy.get(\".misc-form\").find(\"#description\").click();\ncy.focused().should(\"have.id\", \"description\");",
              "err": {},
              "uuid": "26619a03-db00-40af-b399-721b9494519a",
              "parentUUID": "f6bd328e-f35a-4735-a9e8-a54dd90ad7e2",
              "isHook": false,
              "skipped": false
            },
            {
              "title": "cy.wrap() - wrap an object",
              "fullTitle": "Misc cy.wrap() - wrap an object",
              "timedOut": null,
              "duration": 336,
              "state": "passed",
              "speed": "slow",
              "pass": true,
              "fail": false,
              "pending": false,
              "context": null,
              "code": "// https://on.cypress.io/wrap\ncy.wrap({\n  foo: \"bar\"\n}).should(\"have.property\", \"foo\").and(\"include\", \"bar\");",
              "err": {},
              "uuid": "56c880af-e706-4a5f-9741-d5de21eff2b3",
              "parentUUID": "f6bd328e-f35a-4735-a9e8-a54dd90ad7e2",
              "isHook": false,
              "skipped": false
            }
          ],
          "suites": [
            {
              "uuid": "5d6f3523-cf40-4e84-8464-5571ba220d6f",
              "title": "Cypress.Screenshot",
              "fullFile": "",
              "file": "",
              "beforeHooks": [],
              "afterHooks": [],
              "tests": [
                {
                  "title": "cy.screenshot() - take a screenshot",
                  "fullTitle": "Misc Cypress.Screenshot cy.screenshot() - take a screenshot",
                  "timedOut": null,
                  "duration": 1706,
                  "state": "passed",
                  "speed": "slow",
                  "pass": true,
                  "fail": false,
                  "pending": false,
                  "context": null,
                  "code": "// https://on.cypress.io/screenshot\ncy.screenshot(\"my-image\");",
                  "err": {},
                  "uuid": "49fd3c2a-b11e-48a2-976c-096100ff0bbd",
                  "parentUUID": "5d6f3523-cf40-4e84-8464-5571ba220d6f",
                  "isHook": false,
                  "skipped": false
                },
                {
                  "title": "Cypress.Screenshot.defaults() - change default config of screenshots",
                  "fullTitle": "Misc Cypress.Screenshot Cypress.Screenshot.defaults() - change default config of screenshots",
                  "timedOut": null,
                  "duration": 262,
                  "state": "passed",
                  "speed": "slow",
                  "pass": true,
                  "fail": false,
                  "pending": false,
                  "context": null,
                  "code": "Cypress.Screenshot.defaults({\n  blackout: [\".foo\"],\n  capture: \"viewport\",\n  clip: {\n    x: 0,\n    y: 0,\n    width: 200,\n    height: 200\n  },\n  scale: false,\n  disableTimersAndAnimations: true,\n  screenshotOnRunFailure: true,\n  onBeforeScreenshot: function onBeforeScreenshot() {},\n  onAfterScreenshot: function onAfterScreenshot() {}\n});",
                  "err": {},
                  "uuid": "7ee39f0a-3a78-4f1b-9290-8b9886baf677",
                  "parentUUID": "5d6f3523-cf40-4e84-8464-5571ba220d6f",
                  "isHook": false,
                  "skipped": false
                }
              ],
              "suites": [],
              "passes": [
                "49fd3c2a-b11e-48a2-976c-096100ff0bbd",
                "7ee39f0a-3a78-4f1b-9290-8b9886baf677"
              ],
              "failures": [],
              "pending": [],
              "skipped": [],
              "duration": 1968,
              "root": false,
              "rootEmpty": false,
              "_timeout": 2000
            }
          ],
          "passes": [
            "ecb58324-6cd4-4539-aaa3-169581ee4654",
            "edc2b910-7289-4a7d-92f0-a2a300881b79",
            "26619a03-db00-40af-b399-721b9494519a",
            "56c880af-e706-4a5f-9741-d5de21eff2b3"
          ],
          "failures": [],
          "pending": [],
          "skipped": [],
          "duration": 2324,
          "root": false,
          "rootEmpty": false,
          "_timeout": 2000
        }
      ],
      "passes": [],
      "failures": [],
      "pending": [],
      "skipped": [],
      "duration": 0,
      "root": true,
      "rootEmpty": true,
      "_timeout": 2000
    }
  ],
  "meta": {
    "mocha": {
      "version": "7.0.1"
    },
    "mochawesome": {
      "options": {
        "quiet": false,
        "reportFilename": "mochawesome",
        "saveHtml": false,
        "saveJson": true,
        "consoleReporter": "spec",
        "useInlineDiffs": false,
        "code": true
      },
      "version": "6.2.2"
    },
    "marge": {
      "options": {
        "id": "default",
        "reportDir": "cypress/reports/mocha",
        "quite": true,
        "overwrite": false,
        "html": false,
        "json": true
      },
      "version": "5.2.0"
    }
  }
}