{
  "stats": {
    "suites": 1,
    "tests": 18,
    "passes": 18,
    "pending": 0,
    "failures": 0,
    "start": "2021-03-23T08:42:26.579Z",
    "end": "2021-03-23T08:42:31.583Z",
    "duration": 5004,
    "testsRegistered": 18,
    "passPercent": 100,
    "pendingPercent": 0,
    "other": 0,
    "hasOther": false,
    "skipped": 0,
    "hasSkipped": false
  },
  "results": [
    {
      "uuid": "2485f3e7-f521-4fd0-8332-b7b5b968494d",
      "title": "",
      "fullFile": "cypress/integration/examples/traversal.spec.js",
      "file": "cypress/integration/examples/traversal.spec.js",
      "beforeHooks": [],
      "afterHooks": [],
      "tests": [],
      "suites": [
        {
          "uuid": "c731fbf4-6ea7-49ee-b869-f745f4af16cb",
          "title": "Traversal",
          "fullFile": "",
          "file": "",
          "beforeHooks": [],
          "afterHooks": [],
          "tests": [
            {
              "title": ".children() - get child DOM elements",
              "fullTitle": "Traversal .children() - get child DOM elements",
              "timedOut": null,
              "duration": 489,
              "state": "passed",
              "speed": "slow",
              "pass": true,
              "fail": false,
              "pending": false,
              "context": null,
              "code": "// https://on.cypress.io/children\ncy.get(\".traversal-breadcrumb\").children(\".active\").should(\"contain\", \"Data\");",
              "err": {},
              "uuid": "2b43485e-611b-4daa-9725-7d186004edc2",
              "parentUUID": "c731fbf4-6ea7-49ee-b869-f745f4af16cb",
              "isHook": false,
              "skipped": false
            },
            {
              "title": ".closest() - get closest ancestor DOM element",
              "fullTitle": "Traversal .closest() - get closest ancestor DOM element",
              "timedOut": null,
              "duration": 230,
              "state": "passed",
              "speed": "slow",
              "pass": true,
              "fail": false,
              "pending": false,
              "context": null,
              "code": "// https://on.cypress.io/closest\ncy.get(\".traversal-badge\").closest(\"ul\").should(\"have.class\", \"list-group\");",
              "err": {},
              "uuid": "5561a4c7-3702-46fe-8480-a77d002da3b0",
              "parentUUID": "c731fbf4-6ea7-49ee-b869-f745f4af16cb",
              "isHook": false,
              "skipped": false
            },
            {
              "title": ".eq() - get a DOM element at a specific index",
              "fullTitle": "Traversal .eq() - get a DOM element at a specific index",
              "timedOut": null,
              "duration": 131,
              "state": "passed",
              "speed": "slow",
              "pass": true,
              "fail": false,
              "pending": false,
              "context": null,
              "code": "// https://on.cypress.io/eq\ncy.get(\".traversal-list>li\").eq(1).should(\"contain\", \"siamese\");",
              "err": {},
              "uuid": "28e83dc7-d9ea-4acd-ae39-9f4687f1975a",
              "parentUUID": "c731fbf4-6ea7-49ee-b869-f745f4af16cb",
              "isHook": false,
              "skipped": false
            },
            {
              "title": ".filter() - get DOM elements that match the selector",
              "fullTitle": "Traversal .filter() - get DOM elements that match the selector",
              "timedOut": null,
              "duration": 105,
              "state": "passed",
              "speed": "slow",
              "pass": true,
              "fail": false,
              "pending": false,
              "context": null,
              "code": "// https://on.cypress.io/filter\ncy.get(\".traversal-nav>li\").filter(\".active\").should(\"contain\", \"About\");",
              "err": {},
              "uuid": "68c98713-d49b-40fd-a40e-0e684235e067",
              "parentUUID": "c731fbf4-6ea7-49ee-b869-f745f4af16cb",
              "isHook": false,
              "skipped": false
            },
            {
              "title": ".find() - get descendant DOM elements of the selector",
              "fullTitle": "Traversal .find() - get descendant DOM elements of the selector",
              "timedOut": null,
              "duration": 176,
              "state": "passed",
              "speed": "slow",
              "pass": true,
              "fail": false,
              "pending": false,
              "context": null,
              "code": "// https://on.cypress.io/find\ncy.get(\".traversal-pagination\").find(\"li\").find(\"a\").should(\"have.length\", 7);",
              "err": {},
              "uuid": "c705b6d3-9d93-4767-9a04-64f95b7db4ae",
              "parentUUID": "c731fbf4-6ea7-49ee-b869-f745f4af16cb",
              "isHook": false,
              "skipped": false
            },
            {
              "title": ".first() - get first DOM element",
              "fullTitle": "Traversal .first() - get first DOM element",
              "timedOut": null,
              "duration": 115,
              "state": "passed",
              "speed": "slow",
              "pass": true,
              "fail": false,
              "pending": false,
              "context": null,
              "code": "// https://on.cypress.io/first\ncy.get(\".traversal-table td\").first().should(\"contain\", \"1\");",
              "err": {},
              "uuid": "e2fbe07d-688b-401a-9cbf-052227426ac1",
              "parentUUID": "c731fbf4-6ea7-49ee-b869-f745f4af16cb",
              "isHook": false,
              "skipped": false
            },
            {
              "title": ".last() - get last DOM element",
              "fullTitle": "Traversal .last() - get last DOM element",
              "timedOut": null,
              "duration": 186,
              "state": "passed",
              "speed": "slow",
              "pass": true,
              "fail": false,
              "pending": false,
              "context": null,
              "code": "// https://on.cypress.io/last\ncy.get(\".traversal-buttons .btn\").last().should(\"contain\", \"Submit\");",
              "err": {},
              "uuid": "5df55974-1bd1-4870-9803-eafe74019f05",
              "parentUUID": "c731fbf4-6ea7-49ee-b869-f745f4af16cb",
              "isHook": false,
              "skipped": false
            },
            {
              "title": ".next() - get next sibling DOM element",
              "fullTitle": "Traversal .next() - get next sibling DOM element",
              "timedOut": null,
              "duration": 193,
              "state": "passed",
              "speed": "slow",
              "pass": true,
              "fail": false,
              "pending": false,
              "context": null,
              "code": "// https://on.cypress.io/next\ncy.get(\".traversal-ul\").contains(\"apples\").next().should(\"contain\", \"oranges\");",
              "err": {},
              "uuid": "9c9cfddb-4f61-41e1-94e6-5906e6f96a0a",
              "parentUUID": "c731fbf4-6ea7-49ee-b869-f745f4af16cb",
              "isHook": false,
              "skipped": false
            },
            {
              "title": ".nextAll() - get all next sibling DOM elements",
              "fullTitle": "Traversal .nextAll() - get all next sibling DOM elements",
              "timedOut": null,
              "duration": 128,
              "state": "passed",
              "speed": "slow",
              "pass": true,
              "fail": false,
              "pending": false,
              "context": null,
              "code": "// https://on.cypress.io/nextall\ncy.get(\".traversal-next-all\").contains(\"oranges\").nextAll().should(\"have.length\", 3);",
              "err": {},
              "uuid": "b7aaa450-b468-4df9-98b4-3c8055d700fc",
              "parentUUID": "c731fbf4-6ea7-49ee-b869-f745f4af16cb",
              "isHook": false,
              "skipped": false
            },
            {
              "title": ".nextUntil() - get next sibling DOM elements until next el",
              "fullTitle": "Traversal .nextUntil() - get next sibling DOM elements until next el",
              "timedOut": null,
              "duration": 128,
              "state": "passed",
              "speed": "slow",
              "pass": true,
              "fail": false,
              "pending": false,
              "context": null,
              "code": "// https://on.cypress.io/nextuntil\ncy.get(\"#veggies\").nextUntil(\"#nuts\").should(\"have.length\", 3);",
              "err": {},
              "uuid": "ff00c445-c84e-41a5-b728-5bb6f95b1062",
              "parentUUID": "c731fbf4-6ea7-49ee-b869-f745f4af16cb",
              "isHook": false,
              "skipped": false
            },
            {
              "title": ".not() - remove DOM elements from set of DOM elements",
              "fullTitle": "Traversal .not() - remove DOM elements from set of DOM elements",
              "timedOut": null,
              "duration": 207,
              "state": "passed",
              "speed": "slow",
              "pass": true,
              "fail": false,
              "pending": false,
              "context": null,
              "code": "// https://on.cypress.io/not\ncy.get(\".traversal-disabled .btn\").not(\"[disabled]\").should(\"not.contain\", \"Disabled\");",
              "err": {},
              "uuid": "a50e1236-5258-4cce-8479-66f62952a780",
              "parentUUID": "c731fbf4-6ea7-49ee-b869-f745f4af16cb",
              "isHook": false,
              "skipped": false
            },
            {
              "title": ".parent() - get parent DOM element from DOM elements",
              "fullTitle": "Traversal .parent() - get parent DOM element from DOM elements",
              "timedOut": null,
              "duration": 132,
              "state": "passed",
              "speed": "slow",
              "pass": true,
              "fail": false,
              "pending": false,
              "context": null,
              "code": "// https://on.cypress.io/parent\ncy.get(\".traversal-mark\").parent().should(\"contain\", \"Morbi leo risus\");",
              "err": {},
              "uuid": "242af712-945a-4d2b-9c1b-1aeb8ec9f5f4",
              "parentUUID": "c731fbf4-6ea7-49ee-b869-f745f4af16cb",
              "isHook": false,
              "skipped": false
            },
            {
              "title": ".parents() - get parent DOM elements from DOM elements",
              "fullTitle": "Traversal .parents() - get parent DOM elements from DOM elements",
              "timedOut": null,
              "duration": 148,
              "state": "passed",
              "speed": "slow",
              "pass": true,
              "fail": false,
              "pending": false,
              "context": null,
              "code": "// https://on.cypress.io/parents\ncy.get(\".traversal-cite\").parents().should(\"match\", \"blockquote\");",
              "err": {},
              "uuid": "ed906eaa-bed0-40e0-89ff-04b44a37b708",
              "parentUUID": "c731fbf4-6ea7-49ee-b869-f745f4af16cb",
              "isHook": false,
              "skipped": false
            },
            {
              "title": ".parentsUntil() - get parent DOM elements from DOM elements until el",
              "fullTitle": "Traversal .parentsUntil() - get parent DOM elements from DOM elements until el",
              "timedOut": null,
              "duration": 147,
              "state": "passed",
              "speed": "slow",
              "pass": true,
              "fail": false,
              "pending": false,
              "context": null,
              "code": "// https://on.cypress.io/parentsuntil\ncy.get(\".clothes-nav\").find(\".active\").parentsUntil(\".clothes-nav\").should(\"have.length\", 2);",
              "err": {},
              "uuid": "c25906af-f097-4367-8cb3-03582a866bf3",
              "parentUUID": "c731fbf4-6ea7-49ee-b869-f745f4af16cb",
              "isHook": false,
              "skipped": false
            },
            {
              "title": ".prev() - get previous sibling DOM element",
              "fullTitle": "Traversal .prev() - get previous sibling DOM element",
              "timedOut": null,
              "duration": 126,
              "state": "passed",
              "speed": "slow",
              "pass": true,
              "fail": false,
              "pending": false,
              "context": null,
              "code": "// https://on.cypress.io/prev\ncy.get(\".birds\").find(\".active\").prev().should(\"contain\", \"Lorikeets\");",
              "err": {},
              "uuid": "97eba538-0647-40ce-a8d6-bf10caac0058",
              "parentUUID": "c731fbf4-6ea7-49ee-b869-f745f4af16cb",
              "isHook": false,
              "skipped": false
            },
            {
              "title": ".prevAll() - get all previous sibling DOM elements",
              "fullTitle": "Traversal .prevAll() - get all previous sibling DOM elements",
              "timedOut": null,
              "duration": 137,
              "state": "passed",
              "speed": "slow",
              "pass": true,
              "fail": false,
              "pending": false,
              "context": null,
              "code": "// https://on.cypress.io/prevall\ncy.get(\".fruits-list\").find(\".third\").prevAll().should(\"have.length\", 2);",
              "err": {},
              "uuid": "13ad1431-de11-474a-abdf-b793ba9c7529",
              "parentUUID": "c731fbf4-6ea7-49ee-b869-f745f4af16cb",
              "isHook": false,
              "skipped": false
            },
            {
              "title": ".prevUntil() - get all previous sibling DOM elements until el",
              "fullTitle": "Traversal .prevUntil() - get all previous sibling DOM elements until el",
              "timedOut": null,
              "duration": 223,
              "state": "passed",
              "speed": "slow",
              "pass": true,
              "fail": false,
              "pending": false,
              "context": null,
              "code": "// https://on.cypress.io/prevuntil\ncy.get(\".foods-list\").find(\"#nuts\").prevUntil(\"#veggies\").should(\"have.length\", 3);",
              "err": {},
              "uuid": "fbfdcc39-1ed5-48eb-a6b1-48726da84145",
              "parentUUID": "c731fbf4-6ea7-49ee-b869-f745f4af16cb",
              "isHook": false,
              "skipped": false
            },
            {
              "title": ".siblings() - get all sibling DOM elements",
              "fullTitle": "Traversal .siblings() - get all sibling DOM elements",
              "timedOut": null,
              "duration": 177,
              "state": "passed",
              "speed": "slow",
              "pass": true,
              "fail": false,
              "pending": false,
              "context": null,
              "code": "// https://on.cypress.io/siblings\ncy.get(\".traversal-pills .active\").siblings().should(\"have.length\", 2);",
              "err": {},
              "uuid": "66474a31-e091-46c6-bb62-30edbd178049",
              "parentUUID": "c731fbf4-6ea7-49ee-b869-f745f4af16cb",
              "isHook": false,
              "skipped": false
            }
          ],
          "suites": [],
          "passes": [
            "2b43485e-611b-4daa-9725-7d186004edc2",
            "5561a4c7-3702-46fe-8480-a77d002da3b0",
            "28e83dc7-d9ea-4acd-ae39-9f4687f1975a",
            "68c98713-d49b-40fd-a40e-0e684235e067",
            "c705b6d3-9d93-4767-9a04-64f95b7db4ae",
            "e2fbe07d-688b-401a-9cbf-052227426ac1",
            "5df55974-1bd1-4870-9803-eafe74019f05",
            "9c9cfddb-4f61-41e1-94e6-5906e6f96a0a",
            "b7aaa450-b468-4df9-98b4-3c8055d700fc",
            "ff00c445-c84e-41a5-b728-5bb6f95b1062",
            "a50e1236-5258-4cce-8479-66f62952a780",
            "242af712-945a-4d2b-9c1b-1aeb8ec9f5f4",
            "ed906eaa-bed0-40e0-89ff-04b44a37b708",
            "c25906af-f097-4367-8cb3-03582a866bf3",
            "97eba538-0647-40ce-a8d6-bf10caac0058",
            "13ad1431-de11-474a-abdf-b793ba9c7529",
            "fbfdcc39-1ed5-48eb-a6b1-48726da84145",
            "66474a31-e091-46c6-bb62-30edbd178049"
          ],
          "failures": [],
          "pending": [],
          "skipped": [],
          "duration": 3178,
          "root": false,
          "rootEmpty": false,
          "_timeout": 2000
        }
      ],
      "passes": [],
      "failures": [],
      "pending": [],
      "skipped": [],
      "duration": 0,
      "root": true,
      "rootEmpty": true,
      "_timeout": 2000
    }
  ],
  "meta": {
    "mocha": {
      "version": "7.0.1"
    },
    "mochawesome": {
      "options": {
        "quiet": false,
        "reportFilename": "mochawesome",
        "saveHtml": false,
        "saveJson": true,
        "consoleReporter": "spec",
        "useInlineDiffs": false,
        "code": true
      },
      "version": "6.2.2"
    },
    "marge": {
      "options": {
        "id": "default",
        "reportDir": "cypress/reports/mocha",
        "quite": true,
        "overwrite": false,
        "html": false,
        "json": true
      },
      "version": "5.2.0"
    }
  }
}