{
  "stats": {
    "suites": 1,
    "tests": 3,
    "passes": 3,
    "pending": 0,
    "failures": 0,
    "start": "2021-03-23T07:55:57.864Z",
    "end": "2021-03-23T07:55:59.893Z",
    "duration": 2029,
    "testsRegistered": 3,
    "passPercent": 100,
    "pendingPercent": 0,
    "other": 0,
    "hasOther": false,
    "skipped": 0,
    "hasSkipped": false
  },
  "results": [
    {
      "uuid": "2d5ffc96-90e4-448e-a999-59ce866288af",
      "title": "",
      "fullFile": "cypress/integration/examples/window.spec.js",
      "file": "cypress/integration/examples/window.spec.js",
      "beforeHooks": [],
      "afterHooks": [],
      "tests": [],
      "suites": [
        {
          "uuid": "0eebfbbd-8a1f-4a68-acd2-7e23d913dee7",
          "title": "Window",
          "fullFile": "",
          "file": "",
          "beforeHooks": [],
          "afterHooks": [],
          "tests": [
            {
              "title": "cy.window() - get the global window object",
              "fullTitle": "Window cy.window() - get the global window object",
              "timedOut": null,
              "duration": 498,
              "state": "passed",
              "speed": "slow",
              "pass": true,
              "fail": false,
              "pending": false,
              "context": null,
              "code": "// https://on.cypress.io/window\ncy.window().should(\"have.property\", \"top\");",
              "err": {},
              "uuid": "6a2cb4f6-d4bf-41f7-8544-aafc3bb8112f",
              "parentUUID": "0eebfbbd-8a1f-4a68-acd2-7e23d913dee7",
              "isHook": false,
              "skipped": false
            },
            {
              "title": "cy.document() - get the document object",
              "fullTitle": "Window cy.document() - get the document object",
              "timedOut": null,
              "duration": 213,
              "state": "passed",
              "speed": "slow",
              "pass": true,
              "fail": false,
              "pending": false,
              "context": null,
              "code": "// https://on.cypress.io/document\ncy.document().should(\"have.property\", \"charset\").and(\"eq\", \"UTF-8\");",
              "err": {},
              "uuid": "475af9d5-9ab5-48a3-a223-b5e94ac6565d",
              "parentUUID": "0eebfbbd-8a1f-4a68-acd2-7e23d913dee7",
              "isHook": false,
              "skipped": false
            },
            {
              "title": "cy.title() - get the title",
              "fullTitle": "Window cy.title() - get the title",
              "timedOut": null,
              "duration": 181,
              "state": "passed",
              "speed": "slow",
              "pass": true,
              "fail": false,
              "pending": false,
              "context": null,
              "code": "// https://on.cypress.io/title\ncy.title().should(\"include\", \"Kitchen Sink\");",
              "err": {},
              "uuid": "4a689a81-f805-4883-b54e-046f0200f844",
              "parentUUID": "0eebfbbd-8a1f-4a68-acd2-7e23d913dee7",
              "isHook": false,
              "skipped": false
            }
          ],
          "suites": [],
          "passes": [
            "6a2cb4f6-d4bf-41f7-8544-aafc3bb8112f",
            "475af9d5-9ab5-48a3-a223-b5e94ac6565d",
            "4a689a81-f805-4883-b54e-046f0200f844"
          ],
          "failures": [],
          "pending": [],
          "skipped": [],
          "duration": 892,
          "root": false,
          "rootEmpty": false,
          "_timeout": 2000
        }
      ],
      "passes": [],
      "failures": [],
      "pending": [],
      "skipped": [],
      "duration": 0,
      "root": true,
      "rootEmpty": true,
      "_timeout": 2000
    }
  ],
  "meta": {
    "mocha": {
      "version": "7.2.0"
    },
    "mochawesome": {
      "options": {
        "quiet": false,
        "reportFilename": "mochawesome",
        "saveHtml": false,
        "saveJson": true,
        "consoleReporter": "spec",
        "useInlineDiffs": false,
        "code": true
      },
      "version": "6.2.2"
    },
    "marge": {
      "options": {
        "id": "default",
        "reportDir": "cypress/reports/mocha",
        "quite": true,
        "overwrite": false,
        "html": false,
        "json": true
      },
      "version": "5.2.0"
    }
  }
}