{
  "stats": {
    "suites": 2,
    "tests": 8,
    "passes": 8,
    "pending": 0,
    "failures": 0,
    "start": "2021-03-23T08:40:54.018Z",
    "end": "2021-03-23T08:40:57.259Z",
    "duration": 3241,
    "testsRegistered": 8,
    "passPercent": 100,
    "pendingPercent": 0,
    "other": 0,
    "hasOther": false,
    "skipped": 0,
    "hasSkipped": false
  },
  "results": [
    {
      "uuid": "ac561532-74d2-4e45-92b0-611977728c13",
      "title": "",
      "fullFile": "cypress/integration/examples/connectors.spec.js",
      "file": "cypress/integration/examples/connectors.spec.js",
      "beforeHooks": [],
      "afterHooks": [],
      "tests": [],
      "suites": [
        {
          "uuid": "a68e8d52-9dae-4c46-93c2-259a2b7dec58",
          "title": "Connectors",
          "fullFile": "",
          "file": "",
          "beforeHooks": [],
          "afterHooks": [],
          "tests": [
            {
              "title": ".each() - iterate over an array of elements",
              "fullTitle": "Connectors .each() - iterate over an array of elements",
              "timedOut": null,
              "duration": 743,
              "state": "passed",
              "speed": "slow",
              "pass": true,
              "fail": false,
              "pending": false,
              "context": null,
              "code": "// https://on.cypress.io/each\ncy.get(\".connectors-each-ul>li\").each(function ($el, index, $list) {\n  console.log($el, index, $list);\n});",
              "err": {},
              "uuid": "3747ac08-177c-4f0f-99b7-e68cc9c7dce7",
              "parentUUID": "a68e8d52-9dae-4c46-93c2-259a2b7dec58",
              "isHook": false,
              "skipped": false
            },
            {
              "title": ".its() - get properties on the current subject",
              "fullTitle": "Connectors .its() - get properties on the current subject",
              "timedOut": null,
              "duration": 198,
              "state": "passed",
              "speed": "slow",
              "pass": true,
              "fail": false,
              "pending": false,
              "context": null,
              "code": "// https://on.cypress.io/its\ncy.get(\".connectors-its-ul>li\") // calls the 'length' property yielding that value\n.its(\"length\").should(\"be.gt\", 2);",
              "err": {},
              "uuid": "8191991f-e9e0-4c7c-93fc-6ea17a3f0d6c",
              "parentUUID": "a68e8d52-9dae-4c46-93c2-259a2b7dec58",
              "isHook": false,
              "skipped": false
            },
            {
              "title": ".invoke() - invoke a function on the current subject",
              "fullTitle": "Connectors .invoke() - invoke a function on the current subject",
              "timedOut": null,
              "duration": 181,
              "state": "passed",
              "speed": "slow",
              "pass": true,
              "fail": false,
              "pending": false,
              "context": null,
              "code": "// our div is hidden in our script.js\n// $('.connectors-div').hide()\n// https://on.cypress.io/invoke\ncy.get(\".connectors-div\").should(\"be.hidden\") // call the jquery method 'show' on the 'div.container'\n.invoke(\"show\").should(\"be.visible\");",
              "err": {},
              "uuid": "83e150b9-a139-44cd-a497-d065c484eb55",
              "parentUUID": "a68e8d52-9dae-4c46-93c2-259a2b7dec58",
              "isHook": false,
              "skipped": false
            },
            {
              "title": ".spread() - spread an array as individual args to callback function",
              "fullTitle": "Connectors .spread() - spread an array as individual args to callback function",
              "timedOut": null,
              "duration": 95,
              "state": "passed",
              "speed": "slow",
              "pass": true,
              "fail": false,
              "pending": false,
              "context": null,
              "code": "// https://on.cypress.io/spread\nvar arr = [\"foo\", \"bar\", \"baz\"];\ncy.wrap(arr).spread(function (foo, bar, baz) {\n  expect(foo).to.eq(\"foo\");\n  expect(bar).to.eq(\"bar\");\n  expect(baz).to.eq(\"baz\");\n});",
              "err": {},
              "uuid": "6e270148-c00e-4bc4-b1e4-a99fcfb3af13",
              "parentUUID": "a68e8d52-9dae-4c46-93c2-259a2b7dec58",
              "isHook": false,
              "skipped": false
            }
          ],
          "suites": [
            {
              "uuid": "25685b6c-9754-4baf-82c6-5c81f08a78ea",
              "title": ".then()",
              "fullFile": "",
              "file": "",
              "beforeHooks": [],
              "afterHooks": [],
              "tests": [
                {
                  "title": "invokes a callback function with the current subject",
                  "fullTitle": "Connectors .then() invokes a callback function with the current subject",
                  "timedOut": null,
                  "duration": 147,
                  "state": "passed",
                  "speed": "slow",
                  "pass": true,
                  "fail": false,
                  "pending": false,
                  "context": null,
                  "code": "// https://on.cypress.io/then\ncy.get(\".connectors-list > li\").then(function ($lis) {\n  expect($lis, \"3 items\").to.have.length(3);\n  expect($lis.eq(0), \"first item\").to.contain(\"Walk the dog\");\n  expect($lis.eq(1), \"second item\").to.contain(\"Feed the cat\");\n  expect($lis.eq(2), \"third item\").to.contain(\"Write JavaScript\");\n});",
                  "err": {},
                  "uuid": "6f994be3-bfa4-4bc8-afbe-79a8575eb9c8",
                  "parentUUID": "25685b6c-9754-4baf-82c6-5c81f08a78ea",
                  "isHook": false,
                  "skipped": false
                },
                {
                  "title": "yields the returned value to the next command",
                  "fullTitle": "Connectors .then() yields the returned value to the next command",
                  "timedOut": null,
                  "duration": 174,
                  "state": "passed",
                  "speed": "slow",
                  "pass": true,
                  "fail": false,
                  "pending": false,
                  "context": null,
                  "code": "cy.wrap(1).then(function (num) {\n  expect(num).to.equal(1);\n  return 2;\n}).then(function (num) {\n  expect(num).to.equal(2);\n});",
                  "err": {},
                  "uuid": "e08024f4-40c0-4a75-9ab0-25d499c8c002",
                  "parentUUID": "25685b6c-9754-4baf-82c6-5c81f08a78ea",
                  "isHook": false,
                  "skipped": false
                },
                {
                  "title": "yields the original subject without return",
                  "fullTitle": "Connectors .then() yields the original subject without return",
                  "timedOut": null,
                  "duration": 255,
                  "state": "passed",
                  "speed": "slow",
                  "pass": true,
                  "fail": false,
                  "pending": false,
                  "context": null,
                  "code": "cy.wrap(1).then(function (num) {\n  expect(num).to.equal(1); // note that nothing is returned from this callback\n}).then(function (num) {\n  // this callback receives the original unchanged value 1\n  expect(num).to.equal(1);\n});",
                  "err": {},
                  "uuid": "82e94525-dfbd-458c-90f4-2754e51e984b",
                  "parentUUID": "25685b6c-9754-4baf-82c6-5c81f08a78ea",
                  "isHook": false,
                  "skipped": false
                },
                {
                  "title": "yields the value yielded by the last Cypress command inside",
                  "fullTitle": "Connectors .then() yields the value yielded by the last Cypress command inside",
                  "timedOut": null,
                  "duration": 140,
                  "state": "passed",
                  "speed": "slow",
                  "pass": true,
                  "fail": false,
                  "pending": false,
                  "context": null,
                  "code": "cy.wrap(1).then(function (num) {\n  expect(num).to.equal(1); // note how we run a Cypress command\n  // the result yielded by this Cypress command\n  // will be passed to the second \".then\"\n  cy.wrap(2);\n}).then(function (num) {\n  // this callback receives the value yielded by \"cy.wrap(2)\"\n  expect(num).to.equal(2);\n});",
                  "err": {},
                  "uuid": "587b687d-fbd6-485e-abed-6553130a2774",
                  "parentUUID": "25685b6c-9754-4baf-82c6-5c81f08a78ea",
                  "isHook": false,
                  "skipped": false
                }
              ],
              "suites": [],
              "passes": [
                "6f994be3-bfa4-4bc8-afbe-79a8575eb9c8",
                "e08024f4-40c0-4a75-9ab0-25d499c8c002",
                "82e94525-dfbd-458c-90f4-2754e51e984b",
                "587b687d-fbd6-485e-abed-6553130a2774"
              ],
              "failures": [],
              "pending": [],
              "skipped": [],
              "duration": 716,
              "root": false,
              "rootEmpty": false,
              "_timeout": 2000
            }
          ],
          "passes": [
            "3747ac08-177c-4f0f-99b7-e68cc9c7dce7",
            "8191991f-e9e0-4c7c-93fc-6ea17a3f0d6c",
            "83e150b9-a139-44cd-a497-d065c484eb55",
            "6e270148-c00e-4bc4-b1e4-a99fcfb3af13"
          ],
          "failures": [],
          "pending": [],
          "skipped": [],
          "duration": 1217,
          "root": false,
          "rootEmpty": false,
          "_timeout": 2000
        }
      ],
      "passes": [],
      "failures": [],
      "pending": [],
      "skipped": [],
      "duration": 0,
      "root": true,
      "rootEmpty": true,
      "_timeout": 2000
    }
  ],
  "meta": {
    "mocha": {
      "version": "7.0.1"
    },
    "mochawesome": {
      "options": {
        "quiet": false,
        "reportFilename": "mochawesome",
        "saveHtml": false,
        "saveJson": true,
        "consoleReporter": "spec",
        "useInlineDiffs": false,
        "code": true
      },
      "version": "6.2.2"
    },
    "marge": {
      "options": {
        "id": "default",
        "reportDir": "cypress/reports/mocha",
        "quite": true,
        "overwrite": false,
        "html": false,
        "json": true
      },
      "version": "5.2.0"
    }
  }
}