{
  "stats": {
    "suites": 1,
    "tests": 3,
    "passes": 3,
    "pending": 0,
    "failures": 0,
    "start": "2021-03-23T08:19:22.789Z",
    "end": "2021-03-23T08:19:24.847Z",
    "duration": 2058,
    "testsRegistered": 3,
    "passPercent": 100,
    "pendingPercent": 0,
    "other": 0,
    "hasOther": false,
    "skipped": 0,
    "hasSkipped": false
  },
  "results": [
    {
      "uuid": "4cc37b01-cf72-4286-824b-d2303f71e7ce",
      "title": "",
      "fullFile": "cypress/integration/examples/location.spec.js",
      "file": "cypress/integration/examples/location.spec.js",
      "beforeHooks": [],
      "afterHooks": [],
      "tests": [],
      "suites": [
        {
          "uuid": "05c06de9-4236-45a6-ae3b-88dd931a3865",
          "title": "Location",
          "fullFile": "",
          "file": "",
          "beforeHooks": [],
          "afterHooks": [],
          "tests": [
            {
              "title": "cy.hash() - get the current URL hash",
              "fullTitle": "Location cy.hash() - get the current URL hash",
              "timedOut": null,
              "duration": 463,
              "state": "passed",
              "speed": "slow",
              "pass": true,
              "fail": false,
              "pending": false,
              "context": null,
              "code": "// https://on.cypress.io/hash\ncy.hash().should(\"be.empty\");",
              "err": {},
              "uuid": "f631f407-ebf5-41c2-807b-8940ed1012ca",
              "parentUUID": "05c06de9-4236-45a6-ae3b-88dd931a3865",
              "isHook": false,
              "skipped": false
            },
            {
              "title": "cy.location() - get window.location",
              "fullTitle": "Location cy.location() - get window.location",
              "timedOut": null,
              "duration": 191,
              "state": "passed",
              "speed": "slow",
              "pass": true,
              "fail": false,
              "pending": false,
              "context": null,
              "code": "// https://on.cypress.io/location\ncy.location().should(function (location) {\n  expect(location.hash).to.be.empty;\n  expect(location.href).to.eq(\"https://example.cypress.io/commands/location\");\n  expect(location.host).to.eq(\"example.cypress.io\");\n  expect(location.hostname).to.eq(\"example.cypress.io\");\n  expect(location.origin).to.eq(\"https://example.cypress.io\");\n  expect(location.pathname).to.eq(\"/commands/location\");\n  expect(location.port).to.eq(\"\");\n  expect(location.protocol).to.eq(\"https:\");\n  expect(location.search).to.be.empty;\n});",
              "err": {},
              "uuid": "e4aec41f-0a3f-4738-b777-90ffb72f9fbf",
              "parentUUID": "05c06de9-4236-45a6-ae3b-88dd931a3865",
              "isHook": false,
              "skipped": false
            },
            {
              "title": "cy.url() - get the current URL",
              "fullTitle": "Location cy.url() - get the current URL",
              "timedOut": null,
              "duration": 95,
              "state": "passed",
              "speed": "slow",
              "pass": true,
              "fail": false,
              "pending": false,
              "context": null,
              "code": "// https://on.cypress.io/url\ncy.url().should(\"eq\", \"https://example.cypress.io/commands/location\");",
              "err": {},
              "uuid": "ca11d79b-6ac0-43c8-894d-104efd3a06cd",
              "parentUUID": "05c06de9-4236-45a6-ae3b-88dd931a3865",
              "isHook": false,
              "skipped": false
            }
          ],
          "suites": [],
          "passes": [
            "f631f407-ebf5-41c2-807b-8940ed1012ca",
            "e4aec41f-0a3f-4738-b777-90ffb72f9fbf",
            "ca11d79b-6ac0-43c8-894d-104efd3a06cd"
          ],
          "failures": [],
          "pending": [],
          "skipped": [],
          "duration": 749,
          "root": false,
          "rootEmpty": false,
          "_timeout": 2000
        }
      ],
      "passes": [],
      "failures": [],
      "pending": [],
      "skipped": [],
      "duration": 0,
      "root": true,
      "rootEmpty": true,
      "_timeout": 2000
    }
  ],
  "meta": {
    "mocha": {
      "version": "7.0.1"
    },
    "mochawesome": {
      "options": {
        "quiet": false,
        "reportFilename": "mochawesome",
        "saveHtml": false,
        "saveJson": true,
        "consoleReporter": "spec",
        "useInlineDiffs": false,
        "code": true
      },
      "version": "6.2.2"
    },
    "marge": {
      "options": {
        "id": "default",
        "reportDir": "cypress/reports/mocha",
        "quite": true,
        "overwrite": false,
        "html": false,
        "json": true
      },
      "version": "5.2.0"
    }
  }
}