{
  "stats": {
    "suites": 32,
    "tests": 137,
    "passes": 118,
    "pending": 0,
    "failures": 16,
    "start": "2021-03-23T08:39:57.503Z",
    "end": "2021-03-23T08:47:09.627Z",
    "duration": 272936,
    "testsRegistered": 137,
    "passPercent": 86.13138686131387,
    "pendingPercent": 0,
    "other": 0,
    "hasOther": false,
    "skipped": 3,
    "hasSkipped": true
  },
  "results": [
    {
      "uuid": "9a00802a-73ab-4d72-bdf2-1b9ac4ed4b1d",
      "title": "",
      "fullFile": "cypress/integration/zeroTest.feature",
      "file": "cypress/integration/zeroTest.feature",
      "beforeHooks": [],
      "afterHooks": [],
      "tests": [],
      "suites": [
        {
          "uuid": "5bdf2ce0-6b02-4834-bc65-6aa4a4a8d1c8",
          "title": "Login",
          "fullFile": "",
          "file": "",
          "beforeHooks": [],
          "afterHooks": [],
          "tests": [
            {
              "title": "Conduit Login",
              "fullTitle": "Login Conduit Login",
              "timedOut": null,
              "duration": 14398,
              "state": "failed",
              "speed": null,
              "pass": false,
              "fail": true,
              "pending": false,
              "context": null,
              "code": "const state = window.testState;\nreturn cy\n  .then(() => state.onStartScenario(scenario, indexedSteps))\n  .then(() =>\n    resolveAndRunBeforeHooks.call(this, scenario.tags, state.feature.name)\n  )\n  .then(() =>\n    indexedSteps.forEach((step) =>\n      stepTest.call(this, state, step, rowData)\n    )\n  )\n  .then(() =>\n    resolveAndRunAfterHooks.call(this, scenario.tags, state.feature.name)\n  )\n  .then(() => state.onFinishScenario(scenario));",
              "err": {
                "message": "AssertionError: Timed out retrying after 10000ms: Expected to find content: 'Your Feed' but never did.",
                "estack": "AssertionError: Timed out retrying after 10000ms: Expected to find content: 'Your Feed' but never did.\n    at Context.eval (https://react-redux.realworld.io/__cypress/tests?p=cypress/integration/zeroTest.feature:52:6)\n    at Context.resolveAndRunStepDefinition (https://react-redux.realworld.io/__cypress/tests?p=cypress/integration/zeroTest.feature:10439:9)\n    at Context.eval (https://react-redux.realworld.io/__cypress/tests?p=cypress/integration/zeroTest.feature:9780:35)",
                "diff": null
              },
              "uuid": "0b106e4e-5c50-438a-a721-eff9a1fbbb0c",
              "parentUUID": "5bdf2ce0-6b02-4834-bc65-6aa4a4a8d1c8",
              "isHook": false,
              "skipped": false
            }
          ],
          "suites": [],
          "passes": [],
          "failures": ["0b106e4e-5c50-438a-a721-eff9a1fbbb0c"],
          "pending": [],
          "skipped": [],
          "duration": 14398,
          "root": false,
          "rootEmpty": false,
          "_timeout": 2000
        }
      ],
      "passes": [],
      "failures": [],
      "pending": [],
      "skipped": [],
      "duration": 0,
      "root": true,
      "rootEmpty": true,
      "_timeout": 2000
    },
    {
      "uuid": "67c248a2-5d03-43c8-b986-774e485792eb",
      "title": "",
      "fullFile": "cypress/integration/examples/actions.spec.js",
      "file": "cypress/integration/examples/actions.spec.js",
      "beforeHooks": [],
      "afterHooks": [],
      "tests": [],
      "suites": [
        {
          "uuid": "90d7aa48-2933-43db-88ce-b2a676180d3b",
          "title": "Actions",
          "fullFile": "",
          "file": "",
          "beforeHooks": [],
          "afterHooks": [],
          "tests": [
            {
              "title": ".type() - type into a DOM element",
              "fullTitle": "Actions .type() - type into a DOM element",
              "timedOut": null,
              "duration": 5568,
              "state": "passed",
              "speed": "slow",
              "pass": true,
              "fail": false,
              "pending": false,
              "context": null,
              "code": "// https://on.cypress.io/type\ncy.get(\".action-email\").type(\"fake@email.com\").should(\"have.value\", \"fake@email.com\") // .type() with special character sequences\n.type(\"{leftarrow}{rightarrow}{uparrow}{downarrow}\").type(\"{del}{selectall}{backspace}\") // .type() with key modifiers\n.type(\"{alt}{option}\") //these are equivalent\n.type(\"{ctrl}{control}\") //these are equivalent\n.type(\"{meta}{command}{cmd}\") //these are equivalent\n.type(\"{shift}\") // Delay each keypress by 0.1 sec\n.type(\"slow.typing@email.com\", {\n  delay: 100\n}).should(\"have.value\", \"slow.typing@email.com\");\ncy.get(\".action-disabled\") // Ignore error checking prior to type\n// like whether the input is visible or disabled\n.type(\"disabled error checking\", {\n  force: true\n}).should(\"have.value\", \"disabled error checking\");",
              "err": {},
              "uuid": "242d3b10-fc91-432c-b5a9-bb7fea9be108",
              "parentUUID": "90d7aa48-2933-43db-88ce-b2a676180d3b",
              "isHook": false,
              "skipped": false
            },
            {
              "title": ".focus() - focus on a DOM element",
              "fullTitle": "Actions .focus() - focus on a DOM element",
              "timedOut": null,
              "duration": 783,
              "state": "passed",
              "speed": "slow",
              "pass": true,
              "fail": false,
              "pending": false,
              "context": null,
              "code": "// https://on.cypress.io/focus\ncy.get(\".action-focus\").focus().should(\"have.class\", \"focus\").prev().should(\"have.attr\", \"style\", \"color: orange;\");",
              "err": {},
              "uuid": "89c47fb2-0631-47cc-a605-3ab7a68753c1",
              "parentUUID": "90d7aa48-2933-43db-88ce-b2a676180d3b",
              "isHook": false,
              "skipped": false
            },
            {
              "title": ".blur() - blur off a DOM element",
              "fullTitle": "Actions .blur() - blur off a DOM element",
              "timedOut": null,
              "duration": 532,
              "state": "passed",
              "speed": "slow",
              "pass": true,
              "fail": false,
              "pending": false,
              "context": null,
              "code": "// https://on.cypress.io/blur\ncy.get(\".action-blur\").type(\"About to blur\").blur().should(\"have.class\", \"error\").prev().should(\"have.attr\", \"style\", \"color: red;\");",
              "err": {},
              "uuid": "d60f60bc-e602-4c63-acce-8d89e11e1b52",
              "parentUUID": "90d7aa48-2933-43db-88ce-b2a676180d3b",
              "isHook": false,
              "skipped": false
            },
            {
              "title": ".clear() - clears an input or textarea element",
              "fullTitle": "Actions .clear() - clears an input or textarea element",
              "timedOut": null,
              "duration": 566,
              "state": "passed",
              "speed": "slow",
              "pass": true,
              "fail": false,
              "pending": false,
              "context": null,
              "code": "// https://on.cypress.io/clear\ncy.get(\".action-clear\").type(\"Clear this text\").should(\"have.value\", \"Clear this text\").clear().should(\"have.value\", \"\");",
              "err": {},
              "uuid": "059eba14-33a1-4efd-9f56-729ee83d3079",
              "parentUUID": "90d7aa48-2933-43db-88ce-b2a676180d3b",
              "isHook": false,
              "skipped": false
            },
            {
              "title": ".submit() - submit a form",
              "fullTitle": "Actions .submit() - submit a form",
              "timedOut": null,
              "duration": 473,
              "state": "passed",
              "speed": "slow",
              "pass": true,
              "fail": false,
              "pending": false,
              "context": null,
              "code": "// https://on.cypress.io/submit\ncy.get(\".action-form\").find('[type=\"text\"]').type(\"HALFOFF\");\ncy.get(\".action-form\").submit().next().should(\"contain\", \"Your form has been submitted!\");",
              "err": {},
              "uuid": "59ea11ea-4197-426f-8217-e35e99a069a3",
              "parentUUID": "90d7aa48-2933-43db-88ce-b2a676180d3b",
              "isHook": false,
              "skipped": false
            },
            {
              "title": ".click() - click on a DOM element",
              "fullTitle": "Actions .click() - click on a DOM element",
              "timedOut": null,
              "duration": 2714,
              "state": "passed",
              "speed": "slow",
              "pass": true,
              "fail": false,
              "pending": false,
              "context": null,
              "code": "// https://on.cypress.io/click\ncy.get(\".action-btn\").click(); // You can click on 9 specific positions of an element:\n//  -----------------------------------\n// | topLeft        top       topRight |\n// |                                   |\n// |                                   |\n// |                                   |\n// | left          center        right |\n// |                                   |\n// |                                   |\n// |                                   |\n// | bottomLeft   bottom   bottomRight |\n//  -----------------------------------\n// clicking in the center of the element is the default\ncy.get(\"#action-canvas\").click();\ncy.get(\"#action-canvas\").click(\"topLeft\");\ncy.get(\"#action-canvas\").click(\"top\");\ncy.get(\"#action-canvas\").click(\"topRight\");\ncy.get(\"#action-canvas\").click(\"left\");\ncy.get(\"#action-canvas\").click(\"right\");\ncy.get(\"#action-canvas\").click(\"bottomLeft\");\ncy.get(\"#action-canvas\").click(\"bottom\");\ncy.get(\"#action-canvas\").click(\"bottomRight\"); // .click() accepts an x and y coordinate\n// that controls where the click occurs :)\ncy.get(\"#action-canvas\").click(80, 75) // click 80px on x coord and 75px on y coord\n.click(170, 75).click(80, 165).click(100, 185).click(125, 190).click(150, 185).click(170, 165); // click multiple elements by passing multiple: true\ncy.get(\".action-labels>.label\").click({\n  multiple: true\n}); // Ignore error checking prior to clicking\ncy.get(\".action-opacity>.btn\").click({\n  force: true\n});",
              "err": {},
              "uuid": "c0370f2a-2c4f-4453-9247-69fa35ace852",
              "parentUUID": "90d7aa48-2933-43db-88ce-b2a676180d3b",
              "isHook": false,
              "skipped": false
            },
            {
              "title": ".dblclick() - double click on a DOM element",
              "fullTitle": "Actions .dblclick() - double click on a DOM element",
              "timedOut": null,
              "duration": 224,
              "state": "passed",
              "speed": "slow",
              "pass": true,
              "fail": false,
              "pending": false,
              "context": null,
              "code": "// https://on.cypress.io/dblclick\n// Our app has a listener on 'dblclick' event in our 'scripts.js'\n// that hides the div and shows an input on double click\ncy.get(\".action-div\").dblclick().should(\"not.be.visible\");\ncy.get(\".action-input-hidden\").should(\"be.visible\");",
              "err": {},
              "uuid": "c3a73e53-436b-4a9d-8189-bf889eec75aa",
              "parentUUID": "90d7aa48-2933-43db-88ce-b2a676180d3b",
              "isHook": false,
              "skipped": false
            },
            {
              "title": ".rightclick() - right click on a DOM element",
              "fullTitle": "Actions .rightclick() - right click on a DOM element",
              "timedOut": null,
              "duration": 331,
              "state": "passed",
              "speed": "slow",
              "pass": true,
              "fail": false,
              "pending": false,
              "context": null,
              "code": "// https://on.cypress.io/rightclick\n// Our app has a listener on 'contextmenu' event in our 'scripts.js'\n// that hides the div and shows an input on right click\ncy.get(\".rightclick-action-div\").rightclick().should(\"not.be.visible\");\ncy.get(\".rightclick-action-input-hidden\").should(\"be.visible\");",
              "err": {},
              "uuid": "7a90a91d-f4a9-4b8b-9276-55220f40433b",
              "parentUUID": "90d7aa48-2933-43db-88ce-b2a676180d3b",
              "isHook": false,
              "skipped": false
            },
            {
              "title": ".check() - check a checkbox or radio element",
              "fullTitle": "Actions .check() - check a checkbox or radio element",
              "timedOut": null,
              "duration": 1038,
              "state": "passed",
              "speed": "slow",
              "pass": true,
              "fail": false,
              "pending": false,
              "context": null,
              "code": "// https://on.cypress.io/check\n// By default, .check() will check all\n// matching checkbox or radio elements in succession, one after another\ncy.get('.action-checkboxes [type=\"checkbox\"]').not(\"[disabled]\").check().should(\"be.checked\");\ncy.get('.action-radios [type=\"radio\"]').not(\"[disabled]\").check().should(\"be.checked\"); // .check() accepts a value argument\ncy.get('.action-radios [type=\"radio\"]').check(\"radio1\").should(\"be.checked\"); // .check() accepts an array of values\ncy.get('.action-multiple-checkboxes [type=\"checkbox\"]').check([\"checkbox1\", \"checkbox2\"]).should(\"be.checked\"); // Ignore error checking prior to checking\ncy.get(\".action-checkboxes [disabled]\").check({\n  force: true\n}).should(\"be.checked\");\ncy.get('.action-radios [type=\"radio\"]').check(\"radio3\", {\n  force: true\n}).should(\"be.checked\");",
              "err": {},
              "uuid": "069e80f8-8539-49b1-b366-c9652738fcea",
              "parentUUID": "90d7aa48-2933-43db-88ce-b2a676180d3b",
              "isHook": false,
              "skipped": false
            },
            {
              "title": ".uncheck() - uncheck a checkbox element",
              "fullTitle": "Actions .uncheck() - uncheck a checkbox element",
              "timedOut": null,
              "duration": 1013,
              "state": "passed",
              "speed": "slow",
              "pass": true,
              "fail": false,
              "pending": false,
              "context": null,
              "code": "// https://on.cypress.io/uncheck\n// By default, .uncheck() will uncheck all matching\n// checkbox elements in succession, one after another\ncy.get('.action-check [type=\"checkbox\"]').not(\"[disabled]\").uncheck().should(\"not.be.checked\"); // .uncheck() accepts a value argument\ncy.get('.action-check [type=\"checkbox\"]').check(\"checkbox1\").uncheck(\"checkbox1\").should(\"not.be.checked\"); // .uncheck() accepts an array of values\ncy.get('.action-check [type=\"checkbox\"]').check([\"checkbox1\", \"checkbox3\"]).uncheck([\"checkbox1\", \"checkbox3\"]).should(\"not.be.checked\"); // Ignore error checking prior to unchecking\ncy.get(\".action-check [disabled]\").uncheck({\n  force: true\n}).should(\"not.be.checked\");",
              "err": {},
              "uuid": "2484de79-af82-4ae1-af16-1e657fe7aaf4",
              "parentUUID": "90d7aa48-2933-43db-88ce-b2a676180d3b",
              "isHook": false,
              "skipped": false
            },
            {
              "title": ".select() - select an option in a <select> element",
              "fullTitle": "Actions .select() - select an option in a <select> element",
              "timedOut": null,
              "duration": 1082,
              "state": "passed",
              "speed": "slow",
              "pass": true,
              "fail": false,
              "pending": false,
              "context": null,
              "code": "// https://on.cypress.io/select\n// at first, no option should be selected\ncy.get(\".action-select\").should(\"have.value\", \"--Select a fruit--\"); // Select option(s) with matching text content\ncy.get(\".action-select\").select(\"apples\"); // confirm the apples were selected\n// note that each value starts with \"fr-\" in our HTML\ncy.get(\".action-select\").should(\"have.value\", \"fr-apples\");\ncy.get(\".action-select-multiple\").select([\"apples\", \"oranges\", \"bananas\"]) // when getting multiple values, invoke \"val\" method first\n.invoke(\"val\").should(\"deep.equal\", [\"fr-apples\", \"fr-oranges\", \"fr-bananas\"]); // Select option(s) with matching value\ncy.get(\".action-select\").select(\"fr-bananas\") // can attach an assertion right away to the element\n.should(\"have.value\", \"fr-bananas\");\ncy.get(\".action-select-multiple\").select([\"fr-apples\", \"fr-oranges\", \"fr-bananas\"]).invoke(\"val\").should(\"deep.equal\", [\"fr-apples\", \"fr-oranges\", \"fr-bananas\"]); // assert the selected values include oranges\ncy.get(\".action-select-multiple\").invoke(\"val\").should(\"include\", \"fr-oranges\");",
              "err": {},
              "uuid": "5f510570-cf1e-43e3-b3cf-2333ed3f6560",
              "parentUUID": "90d7aa48-2933-43db-88ce-b2a676180d3b",
              "isHook": false,
              "skipped": false
            },
            {
              "title": ".scrollIntoView() - scroll an element into view",
              "fullTitle": "Actions .scrollIntoView() - scroll an element into view",
              "timedOut": null,
              "duration": 169,
              "state": "passed",
              "speed": "slow",
              "pass": true,
              "fail": false,
              "pending": false,
              "context": null,
              "code": "// https://on.cypress.io/scrollintoview\n// normally all of these buttons are hidden,\n// because they're not within\n// the viewable area of their parent\n// (we need to scroll to see them)\ncy.get(\"#scroll-horizontal button\").should(\"not.be.visible\"); // scroll the button into view, as if the user had scrolled\ncy.get(\"#scroll-horizontal button\").scrollIntoView().should(\"be.visible\");\ncy.get(\"#scroll-vertical button\").should(\"not.be.visible\"); // Cypress handles the scroll direction needed\ncy.get(\"#scroll-vertical button\").scrollIntoView().should(\"be.visible\");\ncy.get(\"#scroll-both button\").should(\"not.be.visible\"); // Cypress knows to scroll to the right and down\ncy.get(\"#scroll-both button\").scrollIntoView().should(\"be.visible\");",
              "err": {},
              "uuid": "a760a454-2fdd-45ef-97b7-4e07f518789c",
              "parentUUID": "90d7aa48-2933-43db-88ce-b2a676180d3b",
              "isHook": false,
              "skipped": false
            },
            {
              "title": ".trigger() - trigger an event on a DOM element",
              "fullTitle": "Actions .trigger() - trigger an event on a DOM element",
              "timedOut": null,
              "duration": 205,
              "state": "passed",
              "speed": "slow",
              "pass": true,
              "fail": false,
              "pending": false,
              "context": null,
              "code": "// https://on.cypress.io/trigger\n// To interact with a range input (slider)\n// we need to set its value & trigger the\n// event to signal it changed\n// Here, we invoke jQuery's val() method to set\n// the value and trigger the 'change' event\ncy.get(\".trigger-input-range\").invoke(\"val\", 25).trigger(\"change\").get(\"input[type=range]\").siblings(\"p\").should(\"have.text\", \"25\");",
              "err": {},
              "uuid": "e3e28626-51ac-4513-bd6c-effe561cf9ad",
              "parentUUID": "90d7aa48-2933-43db-88ce-b2a676180d3b",
              "isHook": false,
              "skipped": false
            },
            {
              "title": "cy.scrollTo() - scroll the window or element to a position",
              "fullTitle": "Actions cy.scrollTo() - scroll the window or element to a position",
              "timedOut": null,
              "duration": 2232,
              "state": "passed",
              "speed": "slow",
              "pass": true,
              "fail": false,
              "pending": false,
              "context": null,
              "code": "// https://on.cypress.io/scrollto\n// You can scroll to 9 specific positions of an element:\n//  -----------------------------------\n// | topLeft        top       topRight |\n// |                                   |\n// |                                   |\n// |                                   |\n// | left          center        right |\n// |                                   |\n// |                                   |\n// |                                   |\n// | bottomLeft   bottom   bottomRight |\n//  -----------------------------------\n// if you chain .scrollTo() off of cy, we will\n// scroll the entire window\ncy.scrollTo(\"bottom\");\ncy.get(\"#scrollable-horizontal\").scrollTo(\"right\"); // or you can scroll to a specific coordinate:\n// (x axis, y axis) in pixels\ncy.get(\"#scrollable-vertical\").scrollTo(250, 250); // or you can scroll to a specific percentage\n// of the (width, height) of the element\ncy.get(\"#scrollable-both\").scrollTo(\"75%\", \"25%\"); // control the easing of the scroll (default is 'swing')\ncy.get(\"#scrollable-vertical\").scrollTo(\"center\", {\n  easing: \"linear\"\n}); // control the duration of the scroll (in ms)\ncy.get(\"#scrollable-both\").scrollTo(\"center\", {\n  duration: 2000\n});",
              "err": {},
              "uuid": "80979417-b302-41ff-b40b-bd9cc3ea3dc1",
              "parentUUID": "90d7aa48-2933-43db-88ce-b2a676180d3b",
              "isHook": false,
              "skipped": false
            }
          ],
          "suites": [],
          "passes": [
            "242d3b10-fc91-432c-b5a9-bb7fea9be108",
            "89c47fb2-0631-47cc-a605-3ab7a68753c1",
            "d60f60bc-e602-4c63-acce-8d89e11e1b52",
            "059eba14-33a1-4efd-9f56-729ee83d3079",
            "59ea11ea-4197-426f-8217-e35e99a069a3",
            "c0370f2a-2c4f-4453-9247-69fa35ace852",
            "c3a73e53-436b-4a9d-8189-bf889eec75aa",
            "7a90a91d-f4a9-4b8b-9276-55220f40433b",
            "069e80f8-8539-49b1-b366-c9652738fcea",
            "2484de79-af82-4ae1-af16-1e657fe7aaf4",
            "5f510570-cf1e-43e3-b3cf-2333ed3f6560",
            "a760a454-2fdd-45ef-97b7-4e07f518789c",
            "e3e28626-51ac-4513-bd6c-effe561cf9ad",
            "80979417-b302-41ff-b40b-bd9cc3ea3dc1"
          ],
          "failures": [],
          "pending": [],
          "skipped": [],
          "duration": 16930,
          "root": false,
          "rootEmpty": false,
          "_timeout": 2000
        }
      ],
      "passes": [],
      "failures": [],
      "pending": [],
      "skipped": [],
      "duration": 0,
      "root": true,
      "rootEmpty": true,
      "_timeout": 2000
    },
    {
      "uuid": "63eeee7f-a8c1-4926-ab03-bf64a7d5b72a",
      "title": "",
      "fullFile": "cypress/integration/examples/aliasing.spec.js",
      "file": "cypress/integration/examples/aliasing.spec.js",
      "beforeHooks": [],
      "afterHooks": [],
      "tests": [],
      "suites": [
        {
          "uuid": "90f80d6d-4016-415d-a597-2a92e531862f",
          "title": "Aliasing",
          "fullFile": "",
          "file": "",
          "beforeHooks": [],
          "afterHooks": [],
          "tests": [
            {
              "title": ".as() - alias a DOM element for later use",
              "fullTitle": "Aliasing .as() - alias a DOM element for later use",
              "timedOut": null,
              "duration": 830,
              "state": "passed",
              "speed": "slow",
              "pass": true,
              "fail": false,
              "pending": false,
              "context": null,
              "code": "// https://on.cypress.io/as\n// Alias a DOM element for use later\n// We don't have to traverse to the element\n// later in our code, we reference it with @\ncy.get(\".as-table\").find(\"tbody>tr\").first().find(\"td\").first().find(\"button\").as(\"firstBtn\"); // when we reference the alias, we place an\n// @ in front of its name\ncy.get(\"@firstBtn\").click();\ncy.get(\"@firstBtn\").should(\"have.class\", \"btn-success\").and(\"contain\", \"Changed\");",
              "err": {},
              "uuid": "0c2d5805-6d94-4a13-95ad-4bff2bc7986f",
              "parentUUID": "90f80d6d-4016-415d-a597-2a92e531862f",
              "isHook": false,
              "skipped": false
            },
            {
              "title": ".as() - alias a route for later use",
              "fullTitle": "Aliasing .as() - alias a route for later use",
              "timedOut": null,
              "duration": 1217,
              "state": "passed",
              "speed": "slow",
              "pass": true,
              "fail": false,
              "pending": false,
              "context": null,
              "code": "// Alias the route to wait for its response\ncy.intercept(\"GET\", \"**/comments/*\").as(\"getComment\"); // we have code that gets a comment when\n// the button is clicked in scripts.js\ncy.get(\".network-btn\").click(); // https://on.cypress.io/wait\ncy.wait(\"@getComment\").its(\"response.statusCode\").should(\"eq\", 200);",
              "err": {},
              "uuid": "6eb470ad-6a0b-4609-adfc-95cef5560e71",
              "parentUUID": "90f80d6d-4016-415d-a597-2a92e531862f",
              "isHook": false,
              "skipped": false
            }
          ],
          "suites": [],
          "passes": [
            "0c2d5805-6d94-4a13-95ad-4bff2bc7986f",
            "6eb470ad-6a0b-4609-adfc-95cef5560e71"
          ],
          "failures": [],
          "pending": [],
          "skipped": [],
          "duration": 2047,
          "root": false,
          "rootEmpty": false,
          "_timeout": 2000
        }
      ],
      "passes": [],
      "failures": [],
      "pending": [],
      "skipped": [],
      "duration": 0,
      "root": true,
      "rootEmpty": true,
      "_timeout": 2000
    },
    {
      "uuid": "b94afd1b-e41b-4051-9732-0fe178638d60",
      "title": "",
      "fullFile": "cypress/integration/examples/assertions.spec.js",
      "file": "cypress/integration/examples/assertions.spec.js",
      "beforeHooks": [],
      "afterHooks": [],
      "tests": [],
      "suites": [
        {
          "uuid": "db34c91c-a2f3-4a5e-a008-4a13bf69c538",
          "title": "Assertions",
          "fullFile": "",
          "file": "",
          "beforeHooks": [],
          "afterHooks": [],
          "tests": [],
          "suites": [
            {
              "uuid": "a75b55fa-ec74-4d7a-abf4-0820e556dfda",
              "title": "Implicit Assertions",
              "fullFile": "",
              "file": "",
              "beforeHooks": [],
              "afterHooks": [],
              "tests": [
                {
                  "title": ".should() - make an assertion about the current subject",
                  "fullTitle": "Assertions Implicit Assertions .should() - make an assertion about the current subject",
                  "timedOut": null,
                  "duration": 935,
                  "state": "passed",
                  "speed": "slow",
                  "pass": true,
                  "fail": false,
                  "pending": false,
                  "context": null,
                  "code": "// https://on.cypress.io/should\ncy.get(\".assertion-table\").find(\"tbody tr:last\").should(\"have.class\", \"success\").find(\"td\").first() // checking the text of the <td> element in various ways\n.should(\"have.text\", \"Column content\").should(\"contain\", \"Column content\").should(\"have.html\", \"Column content\") // chai-jquery uses \"is()\" to check if element matches selector\n.should(\"match\", \"td\") // to match text content against a regular expression\n// first need to invoke jQuery method text()\n// and then match using regular expression\n.invoke(\"text\").should(\"match\", /column content/i); // a better way to check element's text content against a regular expression\n// is to use \"cy.contains\"\n// https://on.cypress.io/contains\ncy.get(\".assertion-table\").find(\"tbody tr:last\") // finds first <td> element with text content matching regular expression\n.contains(\"td\", /column content/i).should(\"be.visible\"); // for more information about asserting element's text\n// see https://on.cypress.io/using-cypress-faq#How-do-I-get-an-element’s-text-contents",
                  "err": {},
                  "uuid": "ab2a9028-ecdf-4ef0-b31d-e808e5920081",
                  "parentUUID": "a75b55fa-ec74-4d7a-abf4-0820e556dfda",
                  "isHook": false,
                  "skipped": false
                },
                {
                  "title": ".and() - chain multiple assertions together",
                  "fullTitle": "Assertions Implicit Assertions .and() - chain multiple assertions together",
                  "timedOut": null,
                  "duration": 236,
                  "state": "passed",
                  "speed": "slow",
                  "pass": true,
                  "fail": false,
                  "pending": false,
                  "context": null,
                  "code": "// https://on.cypress.io/and\ncy.get(\".assertions-link\").should(\"have.class\", \"active\").and(\"have.attr\", \"href\").and(\"include\", \"cypress.io\");",
                  "err": {},
                  "uuid": "9529ed5d-46f2-4092-a991-065ec6c45fb5",
                  "parentUUID": "a75b55fa-ec74-4d7a-abf4-0820e556dfda",
                  "isHook": false,
                  "skipped": false
                }
              ],
              "suites": [],
              "passes": [
                "ab2a9028-ecdf-4ef0-b31d-e808e5920081",
                "9529ed5d-46f2-4092-a991-065ec6c45fb5"
              ],
              "failures": [],
              "pending": [],
              "skipped": [],
              "duration": 1171,
              "root": false,
              "rootEmpty": false,
              "_timeout": 2000
            },
            {
              "uuid": "700c46ba-f763-43bf-a8a9-348c467770c7",
              "title": "Explicit Assertions",
              "fullFile": "",
              "file": "",
              "beforeHooks": [],
              "afterHooks": [],
              "tests": [
                {
                  "title": "expect - make an assertion about a specified subject",
                  "fullTitle": "Assertions Explicit Assertions expect - make an assertion about a specified subject",
                  "timedOut": null,
                  "duration": 195,
                  "state": "passed",
                  "speed": "slow",
                  "pass": true,
                  "fail": false,
                  "pending": false,
                  "context": null,
                  "code": "// We can use Chai's BDD style assertions\nexpect(true).to.be[\"true\"];\nvar o = {\n  foo: \"bar\"\n};\nexpect(o).to.equal(o);\nexpect(o).to.deep.equal({\n  foo: \"bar\"\n}); // matching text using regular expression\nexpect(\"FooBar\").to.match(/bar$/i);",
                  "err": {},
                  "uuid": "580411fc-2916-4309-8ab3-cfe166dafc43",
                  "parentUUID": "700c46ba-f763-43bf-a8a9-348c467770c7",
                  "isHook": false,
                  "skipped": false
                },
                {
                  "title": "pass your own callback function to should()",
                  "fullTitle": "Assertions Explicit Assertions pass your own callback function to should()",
                  "timedOut": null,
                  "duration": 118,
                  "state": "passed",
                  "speed": "slow",
                  "pass": true,
                  "fail": false,
                  "pending": false,
                  "context": null,
                  "code": "// Pass a function to should that can have any number\n// of explicit assertions within it.\n// The \".should(cb)\" function will be retried\n// automatically until it passes all your explicit assertions or times out.\ncy.get(\".assertions-p\").find(\"p\").should(function ($p) {\n  // https://on.cypress.io/$\n  // return an array of texts from all of the p's\n  // @ts-ignore TS6133 unused variable\n  var texts = $p.map(function (i, el) {\n    return Cypress.$(el).text();\n  }); // jquery map returns jquery object\n  // and .get() convert this to simple array\n  var paragraphs = texts.get(); // array should have length of 3\n  expect(paragraphs, \"has 3 paragraphs\").to.have.length(3); // use second argument to expect(...) to provide clear\n  // message with each assertion\n  expect(paragraphs, \"has expected text in each paragraph\").to.deep.eq([\"Some text from first p\", \"More text from second p\", \"And even more text from third p\"]);\n});",
                  "err": {},
                  "uuid": "3824fd71-6e50-4b22-b2a4-46d8ff3bcb0b",
                  "parentUUID": "700c46ba-f763-43bf-a8a9-348c467770c7",
                  "isHook": false,
                  "skipped": false
                },
                {
                  "title": "finds element by class name regex",
                  "fullTitle": "Assertions Explicit Assertions finds element by class name regex",
                  "timedOut": null,
                  "duration": 224,
                  "state": "passed",
                  "speed": "slow",
                  "pass": true,
                  "fail": false,
                  "pending": false,
                  "context": null,
                  "code": "cy.get(\".docs-header\").find(\"div\") // .should(cb) callback function will be retried\n.should(function ($div) {\n  expect($div).to.have.length(1);\n  var className = $div[0].className;\n  expect(className).to.match(/heading-/);\n}) // .then(cb) callback is not retried,\n// it either passes or fails\n.then(function ($div) {\n  expect($div, \"text content\").to.have.text(\"Introduction\");\n});",
                  "err": {},
                  "uuid": "454215cc-c395-4146-a18a-fe192ef498ed",
                  "parentUUID": "700c46ba-f763-43bf-a8a9-348c467770c7",
                  "isHook": false,
                  "skipped": false
                },
                {
                  "title": "can throw any error",
                  "fullTitle": "Assertions Explicit Assertions can throw any error",
                  "timedOut": null,
                  "duration": 199,
                  "state": "passed",
                  "speed": "slow",
                  "pass": true,
                  "fail": false,
                  "pending": false,
                  "context": null,
                  "code": "cy.get(\".docs-header\").find(\"div\").should(function ($div) {\n  if ($div.length !== 1) {\n    // you can throw your own errors\n    throw new Error(\"Did not find 1 element\");\n  }\n  var className = $div[0].className;\n  if (!className.match(/heading-/)) {\n    throw new Error(\"Could not find class \\\"heading-\\\" in \".concat(className));\n  }\n});",
                  "err": {},
                  "uuid": "a60f4a07-2a29-4aa5-8f57-580b98b6fa82",
                  "parentUUID": "700c46ba-f763-43bf-a8a9-348c467770c7",
                  "isHook": false,
                  "skipped": false
                },
                {
                  "title": "matches unknown text between two elements",
                  "fullTitle": "Assertions Explicit Assertions matches unknown text between two elements",
                  "timedOut": null,
                  "duration": 239,
                  "state": "passed",
                  "speed": "slow",
                  "pass": true,
                  "fail": false,
                  "pending": false,
                  "context": null,
                  "code": "/**\n * Text from the first element.\n * @type {string}\n */\nvar text;\n/**\n * Normalizes passed text,\n * useful before comparing text with spaces and different capitalization.\n * @param {string} s Text to normalize\n */\nvar normalizeText = function normalizeText(s) {\n  return s.replace(/\\s/g, \"\").toLowerCase();\n};\ncy.get(\".two-elements\").find(\".first\").then(function ($first) {\n  // save text from the first element\n  text = normalizeText($first.text());\n});\ncy.get(\".two-elements\").find(\".second\").should(function ($div) {\n  // we can massage text before comparing\n  var secondText = normalizeText($div.text());\n  expect(secondText, \"second text\").to.equal(text);\n});",
                  "err": {},
                  "uuid": "a8bc44f0-501b-4387-be47-edca8d673a73",
                  "parentUUID": "700c46ba-f763-43bf-a8a9-348c467770c7",
                  "isHook": false,
                  "skipped": false
                },
                {
                  "title": "assert - assert shape of an object",
                  "fullTitle": "Assertions Explicit Assertions assert - assert shape of an object",
                  "timedOut": null,
                  "duration": 170,
                  "state": "passed",
                  "speed": "slow",
                  "pass": true,
                  "fail": false,
                  "pending": false,
                  "context": null,
                  "code": "var person = {\n  name: \"Joe\",\n  age: 20\n};\nassert.isObject(person, \"value is object\");",
                  "err": {},
                  "uuid": "4c2b00a8-b213-4327-a6e2-b95267719ac8",
                  "parentUUID": "700c46ba-f763-43bf-a8a9-348c467770c7",
                  "isHook": false,
                  "skipped": false
                },
                {
                  "title": "retries the should callback until assertions pass",
                  "fullTitle": "Assertions Explicit Assertions retries the should callback until assertions pass",
                  "timedOut": null,
                  "duration": 1617,
                  "state": "passed",
                  "speed": "slow",
                  "pass": true,
                  "fail": false,
                  "pending": false,
                  "context": null,
                  "code": "cy.get(\"#random-number\").should(function ($div) {\n  var n = parseFloat($div.text());\n  expect(n).to.be.gte(1).and.be.lte(10);\n});",
                  "err": {},
                  "uuid": "2b89ea8d-9375-4992-8b56-4ceca5f10dd9",
                  "parentUUID": "700c46ba-f763-43bf-a8a9-348c467770c7",
                  "isHook": false,
                  "skipped": false
                }
              ],
              "suites": [],
              "passes": [
                "580411fc-2916-4309-8ab3-cfe166dafc43",
                "3824fd71-6e50-4b22-b2a4-46d8ff3bcb0b",
                "454215cc-c395-4146-a18a-fe192ef498ed",
                "a60f4a07-2a29-4aa5-8f57-580b98b6fa82",
                "a8bc44f0-501b-4387-be47-edca8d673a73",
                "4c2b00a8-b213-4327-a6e2-b95267719ac8",
                "2b89ea8d-9375-4992-8b56-4ceca5f10dd9"
              ],
              "failures": [],
              "pending": [],
              "skipped": [],
              "duration": 2762,
              "root": false,
              "rootEmpty": false,
              "_timeout": 2000
            }
          ],
          "passes": [],
          "failures": [],
          "pending": [],
          "skipped": [],
          "duration": 0,
          "root": false,
          "rootEmpty": false,
          "_timeout": 2000
        }
      ],
      "passes": [],
      "failures": [],
      "pending": [],
      "skipped": [],
      "duration": 0,
      "root": true,
      "rootEmpty": true,
      "_timeout": 2000
    },
    {
      "uuid": "ac561532-74d2-4e45-92b0-611977728c13",
      "title": "",
      "fullFile": "cypress/integration/examples/connectors.spec.js",
      "file": "cypress/integration/examples/connectors.spec.js",
      "beforeHooks": [],
      "afterHooks": [],
      "tests": [],
      "suites": [
        {
          "uuid": "a68e8d52-9dae-4c46-93c2-259a2b7dec58",
          "title": "Connectors",
          "fullFile": "",
          "file": "",
          "beforeHooks": [],
          "afterHooks": [],
          "tests": [
            {
              "title": ".each() - iterate over an array of elements",
              "fullTitle": "Connectors .each() - iterate over an array of elements",
              "timedOut": null,
              "duration": 743,
              "state": "passed",
              "speed": "slow",
              "pass": true,
              "fail": false,
              "pending": false,
              "context": null,
              "code": "// https://on.cypress.io/each\ncy.get(\".connectors-each-ul>li\").each(function ($el, index, $list) {\n  console.log($el, index, $list);\n});",
              "err": {},
              "uuid": "3747ac08-177c-4f0f-99b7-e68cc9c7dce7",
              "parentUUID": "a68e8d52-9dae-4c46-93c2-259a2b7dec58",
              "isHook": false,
              "skipped": false
            },
            {
              "title": ".its() - get properties on the current subject",
              "fullTitle": "Connectors .its() - get properties on the current subject",
              "timedOut": null,
              "duration": 198,
              "state": "passed",
              "speed": "slow",
              "pass": true,
              "fail": false,
              "pending": false,
              "context": null,
              "code": "// https://on.cypress.io/its\ncy.get(\".connectors-its-ul>li\") // calls the 'length' property yielding that value\n.its(\"length\").should(\"be.gt\", 2);",
              "err": {},
              "uuid": "8191991f-e9e0-4c7c-93fc-6ea17a3f0d6c",
              "parentUUID": "a68e8d52-9dae-4c46-93c2-259a2b7dec58",
              "isHook": false,
              "skipped": false
            },
            {
              "title": ".invoke() - invoke a function on the current subject",
              "fullTitle": "Connectors .invoke() - invoke a function on the current subject",
              "timedOut": null,
              "duration": 181,
              "state": "passed",
              "speed": "slow",
              "pass": true,
              "fail": false,
              "pending": false,
              "context": null,
              "code": "// our div is hidden in our script.js\n// $('.connectors-div').hide()\n// https://on.cypress.io/invoke\ncy.get(\".connectors-div\").should(\"be.hidden\") // call the jquery method 'show' on the 'div.container'\n.invoke(\"show\").should(\"be.visible\");",
              "err": {},
              "uuid": "83e150b9-a139-44cd-a497-d065c484eb55",
              "parentUUID": "a68e8d52-9dae-4c46-93c2-259a2b7dec58",
              "isHook": false,
              "skipped": false
            },
            {
              "title": ".spread() - spread an array as individual args to callback function",
              "fullTitle": "Connectors .spread() - spread an array as individual args to callback function",
              "timedOut": null,
              "duration": 95,
              "state": "passed",
              "speed": "slow",
              "pass": true,
              "fail": false,
              "pending": false,
              "context": null,
              "code": "// https://on.cypress.io/spread\nvar arr = [\"foo\", \"bar\", \"baz\"];\ncy.wrap(arr).spread(function (foo, bar, baz) {\n  expect(foo).to.eq(\"foo\");\n  expect(bar).to.eq(\"bar\");\n  expect(baz).to.eq(\"baz\");\n});",
              "err": {},
              "uuid": "6e270148-c00e-4bc4-b1e4-a99fcfb3af13",
              "parentUUID": "a68e8d52-9dae-4c46-93c2-259a2b7dec58",
              "isHook": false,
              "skipped": false
            }
          ],
          "suites": [
            {
              "uuid": "25685b6c-9754-4baf-82c6-5c81f08a78ea",
              "title": ".then()",
              "fullFile": "",
              "file": "",
              "beforeHooks": [],
              "afterHooks": [],
              "tests": [
                {
                  "title": "invokes a callback function with the current subject",
                  "fullTitle": "Connectors .then() invokes a callback function with the current subject",
                  "timedOut": null,
                  "duration": 147,
                  "state": "passed",
                  "speed": "slow",
                  "pass": true,
                  "fail": false,
                  "pending": false,
                  "context": null,
                  "code": "// https://on.cypress.io/then\ncy.get(\".connectors-list > li\").then(function ($lis) {\n  expect($lis, \"3 items\").to.have.length(3);\n  expect($lis.eq(0), \"first item\").to.contain(\"Walk the dog\");\n  expect($lis.eq(1), \"second item\").to.contain(\"Feed the cat\");\n  expect($lis.eq(2), \"third item\").to.contain(\"Write JavaScript\");\n});",
                  "err": {},
                  "uuid": "6f994be3-bfa4-4bc8-afbe-79a8575eb9c8",
                  "parentUUID": "25685b6c-9754-4baf-82c6-5c81f08a78ea",
                  "isHook": false,
                  "skipped": false
                },
                {
                  "title": "yields the returned value to the next command",
                  "fullTitle": "Connectors .then() yields the returned value to the next command",
                  "timedOut": null,
                  "duration": 174,
                  "state": "passed",
                  "speed": "slow",
                  "pass": true,
                  "fail": false,
                  "pending": false,
                  "context": null,
                  "code": "cy.wrap(1).then(function (num) {\n  expect(num).to.equal(1);\n  return 2;\n}).then(function (num) {\n  expect(num).to.equal(2);\n});",
                  "err": {},
                  "uuid": "e08024f4-40c0-4a75-9ab0-25d499c8c002",
                  "parentUUID": "25685b6c-9754-4baf-82c6-5c81f08a78ea",
                  "isHook": false,
                  "skipped": false
                },
                {
                  "title": "yields the original subject without return",
                  "fullTitle": "Connectors .then() yields the original subject without return",
                  "timedOut": null,
                  "duration": 255,
                  "state": "passed",
                  "speed": "slow",
                  "pass": true,
                  "fail": false,
                  "pending": false,
                  "context": null,
                  "code": "cy.wrap(1).then(function (num) {\n  expect(num).to.equal(1); // note that nothing is returned from this callback\n}).then(function (num) {\n  // this callback receives the original unchanged value 1\n  expect(num).to.equal(1);\n});",
                  "err": {},
                  "uuid": "82e94525-dfbd-458c-90f4-2754e51e984b",
                  "parentUUID": "25685b6c-9754-4baf-82c6-5c81f08a78ea",
                  "isHook": false,
                  "skipped": false
                },
                {
                  "title": "yields the value yielded by the last Cypress command inside",
                  "fullTitle": "Connectors .then() yields the value yielded by the last Cypress command inside",
                  "timedOut": null,
                  "duration": 140,
                  "state": "passed",
                  "speed": "slow",
                  "pass": true,
                  "fail": false,
                  "pending": false,
                  "context": null,
                  "code": "cy.wrap(1).then(function (num) {\n  expect(num).to.equal(1); // note how we run a Cypress command\n  // the result yielded by this Cypress command\n  // will be passed to the second \".then\"\n  cy.wrap(2);\n}).then(function (num) {\n  // this callback receives the value yielded by \"cy.wrap(2)\"\n  expect(num).to.equal(2);\n});",
                  "err": {},
                  "uuid": "587b687d-fbd6-485e-abed-6553130a2774",
                  "parentUUID": "25685b6c-9754-4baf-82c6-5c81f08a78ea",
                  "isHook": false,
                  "skipped": false
                }
              ],
              "suites": [],
              "passes": [
                "6f994be3-bfa4-4bc8-afbe-79a8575eb9c8",
                "e08024f4-40c0-4a75-9ab0-25d499c8c002",
                "82e94525-dfbd-458c-90f4-2754e51e984b",
                "587b687d-fbd6-485e-abed-6553130a2774"
              ],
              "failures": [],
              "pending": [],
              "skipped": [],
              "duration": 716,
              "root": false,
              "rootEmpty": false,
              "_timeout": 2000
            }
          ],
          "passes": [
            "3747ac08-177c-4f0f-99b7-e68cc9c7dce7",
            "8191991f-e9e0-4c7c-93fc-6ea17a3f0d6c",
            "83e150b9-a139-44cd-a497-d065c484eb55",
            "6e270148-c00e-4bc4-b1e4-a99fcfb3af13"
          ],
          "failures": [],
          "pending": [],
          "skipped": [],
          "duration": 1217,
          "root": false,
          "rootEmpty": false,
          "_timeout": 2000
        }
      ],
      "passes": [],
      "failures": [],
      "pending": [],
      "skipped": [],
      "duration": 0,
      "root": true,
      "rootEmpty": true,
      "_timeout": 2000
    },
    {
      "uuid": "4f67fb4f-4ff6-411f-80b2-899fc5640666",
      "title": "",
      "fullFile": "cypress/integration/examples/cookies.spec.js",
      "file": "cypress/integration/examples/cookies.spec.js",
      "beforeHooks": [],
      "afterHooks": [],
      "tests": [],
      "suites": [
        {
          "uuid": "0959bcce-f771-47b5-8df9-e2197a5aec0c",
          "title": "Cookies",
          "fullFile": "",
          "file": "",
          "beforeHooks": [],
          "afterHooks": [],
          "tests": [
            {
              "title": "cy.getCookie() - get a browser cookie",
              "fullTitle": "Cookies cy.getCookie() - get a browser cookie",
              "timedOut": null,
              "duration": 758,
              "state": "passed",
              "speed": "slow",
              "pass": true,
              "fail": false,
              "pending": false,
              "context": null,
              "code": "// https://on.cypress.io/getcookie\ncy.get(\"#getCookie .set-a-cookie\").click(); // cy.getCookie() yields a cookie object\ncy.getCookie(\"token\").should(\"have.property\", \"value\", \"123ABC\");",
              "err": {},
              "uuid": "cdbc4e8b-a2ba-4c5b-b60f-acbb630d0624",
              "parentUUID": "0959bcce-f771-47b5-8df9-e2197a5aec0c",
              "isHook": false,
              "skipped": false
            },
            {
              "title": "cy.getCookies() - get browser cookies",
              "fullTitle": "Cookies cy.getCookies() - get browser cookies",
              "timedOut": null,
              "duration": 324,
              "state": "passed",
              "speed": "slow",
              "pass": true,
              "fail": false,
              "pending": false,
              "context": null,
              "code": "// https://on.cypress.io/getcookies\ncy.getCookies().should(\"be.empty\");\ncy.get(\"#getCookies .set-a-cookie\").click(); // cy.getCookies() yields an array of cookies\ncy.getCookies().should(\"have.length\", 1).should(function (cookies) {\n  // each cookie has these properties\n  expect(cookies[0]).to.have.property(\"name\", \"token\");\n  expect(cookies[0]).to.have.property(\"value\", \"123ABC\");\n  expect(cookies[0]).to.have.property(\"httpOnly\", false);\n  expect(cookies[0]).to.have.property(\"secure\", false);\n  expect(cookies[0]).to.have.property(\"domain\");\n  expect(cookies[0]).to.have.property(\"path\");\n});",
              "err": {},
              "uuid": "dcaa794c-5bc8-45d4-8bf0-87fd38be2400",
              "parentUUID": "0959bcce-f771-47b5-8df9-e2197a5aec0c",
              "isHook": false,
              "skipped": false
            },
            {
              "title": "cy.setCookie() - set a browser cookie",
              "fullTitle": "Cookies cy.setCookie() - set a browser cookie",
              "timedOut": null,
              "duration": 149,
              "state": "passed",
              "speed": "slow",
              "pass": true,
              "fail": false,
              "pending": false,
              "context": null,
              "code": "// https://on.cypress.io/setcookie\ncy.getCookies().should(\"be.empty\");\ncy.setCookie(\"foo\", \"bar\"); // cy.getCookie() yields a cookie object\ncy.getCookie(\"foo\").should(\"have.property\", \"value\", \"bar\");",
              "err": {},
              "uuid": "6efd697e-e962-44fc-aa2a-ed31ba17f68c",
              "parentUUID": "0959bcce-f771-47b5-8df9-e2197a5aec0c",
              "isHook": false,
              "skipped": false
            },
            {
              "title": "cy.clearCookie() - clear a browser cookie",
              "fullTitle": "Cookies cy.clearCookie() - clear a browser cookie",
              "timedOut": null,
              "duration": 254,
              "state": "passed",
              "speed": "slow",
              "pass": true,
              "fail": false,
              "pending": false,
              "context": null,
              "code": "// https://on.cypress.io/clearcookie\ncy.getCookie(\"token\").should(\"be.null\");\ncy.get(\"#clearCookie .set-a-cookie\").click();\ncy.getCookie(\"token\").should(\"have.property\", \"value\", \"123ABC\"); // cy.clearCookies() yields null\ncy.clearCookie(\"token\").should(\"be.null\");\ncy.getCookie(\"token\").should(\"be.null\");",
              "err": {},
              "uuid": "1ad529b1-5c64-4384-b3b0-488a2f788073",
              "parentUUID": "0959bcce-f771-47b5-8df9-e2197a5aec0c",
              "isHook": false,
              "skipped": false
            },
            {
              "title": "cy.clearCookies() - clear browser cookies",
              "fullTitle": "Cookies cy.clearCookies() - clear browser cookies",
              "timedOut": null,
              "duration": 289,
              "state": "passed",
              "speed": "slow",
              "pass": true,
              "fail": false,
              "pending": false,
              "context": null,
              "code": "// https://on.cypress.io/clearcookies\ncy.getCookies().should(\"be.empty\");\ncy.get(\"#clearCookies .set-a-cookie\").click();\ncy.getCookies().should(\"have.length\", 1); // cy.clearCookies() yields null\ncy.clearCookies();\ncy.getCookies().should(\"be.empty\");",
              "err": {},
              "uuid": "30577407-cc26-4a80-856e-15916b2609c9",
              "parentUUID": "0959bcce-f771-47b5-8df9-e2197a5aec0c",
              "isHook": false,
              "skipped": false
            }
          ],
          "suites": [],
          "passes": [
            "cdbc4e8b-a2ba-4c5b-b60f-acbb630d0624",
            "dcaa794c-5bc8-45d4-8bf0-87fd38be2400",
            "6efd697e-e962-44fc-aa2a-ed31ba17f68c",
            "1ad529b1-5c64-4384-b3b0-488a2f788073",
            "30577407-cc26-4a80-856e-15916b2609c9"
          ],
          "failures": [],
          "pending": [],
          "skipped": [],
          "duration": 1774,
          "root": false,
          "rootEmpty": false,
          "_timeout": 2000
        }
      ],
      "passes": [],
      "failures": [],
      "pending": [],
      "skipped": [],
      "duration": 0,
      "root": true,
      "rootEmpty": true,
      "_timeout": 2000
    },
    {
      "uuid": "2d653720-3a5d-4ba6-a89a-984d2656164d",
      "title": "",
      "fullFile": "cypress/integration/examples/cypress_api.spec.js",
      "file": "cypress/integration/examples/cypress_api.spec.js",
      "beforeHooks": [],
      "afterHooks": [],
      "tests": [],
      "suites": [
        {
          "uuid": "1abaea4e-aded-4d7f-8a52-8fa21dcbb71c",
          "title": "Cypress.Commands",
          "fullFile": "",
          "file": "",
          "beforeHooks": [],
          "afterHooks": [],
          "tests": [
            {
              "title": ".add() - create a custom command",
              "fullTitle": "Cypress.Commands .add() - create a custom command",
              "timedOut": null,
              "duration": 440,
              "state": "passed",
              "speed": "slow",
              "pass": true,
              "fail": false,
              "pending": false,
              "context": null,
              "code": "Cypress.Commands.add(\"console\", {\n  prevSubject: true\n}, function (subject, method) {\n  // the previous subject is automatically received\n  // and the commands arguments are shifted\n  // allow us to change the console method used\n  method = method || \"log\"; // log the subject to the console\n  // @ts-ignore TS7017\n  console[method](\"The subject is\", subject); // whatever we return becomes the new subject\n  // we don't want to change the subject so\n  // we return whatever was passed in\n  return subject;\n}); // @ts-ignore TS2339\ncy.get(\"button\").console(\"info\").then(function ($button) {// subject is still $button\n});",
              "err": {},
              "uuid": "1deac507-29f9-4852-bd3c-c88800fcb57a",
              "parentUUID": "1abaea4e-aded-4d7f-8a52-8fa21dcbb71c",
              "isHook": false,
              "skipped": false
            }
          ],
          "suites": [],
          "passes": ["1deac507-29f9-4852-bd3c-c88800fcb57a"],
          "failures": [],
          "pending": [],
          "skipped": [],
          "duration": 440,
          "root": false,
          "rootEmpty": false,
          "_timeout": 2000
        },
        {
          "uuid": "74614b52-af30-4c86-a6c7-4cb05ed5bd0b",
          "title": "Cypress.Cookies",
          "fullFile": "",
          "file": "",
          "beforeHooks": [],
          "afterHooks": [],
          "tests": [
            {
              "title": ".debug() - enable or disable debugging",
              "fullTitle": "Cypress.Cookies .debug() - enable or disable debugging",
              "timedOut": null,
              "duration": 332,
              "state": "passed",
              "speed": "slow",
              "pass": true,
              "fail": false,
              "pending": false,
              "context": null,
              "code": "Cypress.Cookies.debug(true); // Cypress will now log in the console when\n// cookies are set or cleared\ncy.setCookie(\"fakeCookie\", \"123ABC\");\ncy.clearCookie(\"fakeCookie\");\ncy.setCookie(\"fakeCookie\", \"123ABC\");\ncy.clearCookie(\"fakeCookie\");\ncy.setCookie(\"fakeCookie\", \"123ABC\");",
              "err": {},
              "uuid": "73d55a45-32e0-42fd-af17-30e6dc8054a1",
              "parentUUID": "74614b52-af30-4c86-a6c7-4cb05ed5bd0b",
              "isHook": false,
              "skipped": false
            },
            {
              "title": ".preserveOnce() - preserve cookies by key",
              "fullTitle": "Cypress.Cookies .preserveOnce() - preserve cookies by key",
              "timedOut": null,
              "duration": 115,
              "state": "passed",
              "speed": "slow",
              "pass": true,
              "fail": false,
              "pending": false,
              "context": null,
              "code": "// normally cookies are reset after each test\ncy.getCookie(\"fakeCookie\").should(\"not.be.ok\"); // preserving a cookie will not clear it when\n// the next test starts\ncy.setCookie(\"lastCookie\", \"789XYZ\");\nCypress.Cookies.preserveOnce(\"lastCookie\");",
              "err": {},
              "uuid": "9d39e9b8-970a-43ba-9a0f-d78116d301fd",
              "parentUUID": "74614b52-af30-4c86-a6c7-4cb05ed5bd0b",
              "isHook": false,
              "skipped": false
            },
            {
              "title": ".defaults() - set defaults for all cookies",
              "fullTitle": "Cypress.Cookies .defaults() - set defaults for all cookies",
              "timedOut": null,
              "duration": 93,
              "state": "passed",
              "speed": "slow",
              "pass": true,
              "fail": false,
              "pending": false,
              "context": null,
              "code": "// now any cookie with the name 'session_id' will\n// not be cleared before each new test runs\nCypress.Cookies.defaults({\n  preserve: \"session_id\"\n});",
              "err": {},
              "uuid": "138a982e-900f-42ca-b659-8588b0231474",
              "parentUUID": "74614b52-af30-4c86-a6c7-4cb05ed5bd0b",
              "isHook": false,
              "skipped": false
            }
          ],
          "suites": [],
          "passes": [
            "73d55a45-32e0-42fd-af17-30e6dc8054a1",
            "9d39e9b8-970a-43ba-9a0f-d78116d301fd",
            "138a982e-900f-42ca-b659-8588b0231474"
          ],
          "failures": [],
          "pending": [],
          "skipped": [],
          "duration": 540,
          "root": false,
          "rootEmpty": false,
          "_timeout": 2000
        },
        {
          "uuid": "82545af6-6828-46cc-b08e-b1c92968dd17",
          "title": "Cypress.arch",
          "fullFile": "",
          "file": "",
          "beforeHooks": [],
          "afterHooks": [],
          "tests": [
            {
              "title": "Get CPU architecture name of underlying OS",
              "fullTitle": "Cypress.arch Get CPU architecture name of underlying OS",
              "timedOut": null,
              "duration": 149,
              "state": "passed",
              "speed": "slow",
              "pass": true,
              "fail": false,
              "pending": false,
              "context": null,
              "code": "// https://on.cypress.io/arch\nexpect(Cypress.arch).to.exist;",
              "err": {},
              "uuid": "ec2bcecc-5bcd-4474-868b-cff48676b497",
              "parentUUID": "82545af6-6828-46cc-b08e-b1c92968dd17",
              "isHook": false,
              "skipped": false
            }
          ],
          "suites": [],
          "passes": ["ec2bcecc-5bcd-4474-868b-cff48676b497"],
          "failures": [],
          "pending": [],
          "skipped": [],
          "duration": 149,
          "root": false,
          "rootEmpty": false,
          "_timeout": 2000
        },
        {
          "uuid": "f03b0b0d-02b1-4eeb-9dc3-0630d9ab37fe",
          "title": "Cypress.config()",
          "fullFile": "",
          "file": "",
          "beforeHooks": [],
          "afterHooks": [],
          "tests": [
            {
              "title": "Get and set configuration options",
              "fullTitle": "Cypress.config() Get and set configuration options",
              "timedOut": null,
              "duration": 1132,
              "state": "failed",
              "speed": null,
              "pass": false,
              "fail": true,
              "pending": false,
              "context": null,
              "code": "// https://on.cypress.io/config\nvar myConfig = Cypress.config();\nexpect(myConfig).to.have.property(\"animationDistanceThreshold\", 5);\nexpect(myConfig).to.have.property(\"baseUrl\", null);\nexpect(myConfig).to.have.property(\"defaultCommandTimeout\", 4000);\nexpect(myConfig).to.have.property(\"requestTimeout\", 5000);\nexpect(myConfig).to.have.property(\"responseTimeout\", 30000);\nexpect(myConfig).to.have.property(\"viewportHeight\", 660);\nexpect(myConfig).to.have.property(\"viewportWidth\", 1000);\nexpect(myConfig).to.have.property(\"pageLoadTimeout\", 60000);\nexpect(myConfig).to.have.property(\"waitForAnimations\", true);\nexpect(Cypress.config(\"pageLoadTimeout\")).to.eq(60000); // this will change the config for the rest of your tests!\nCypress.config(\"pageLoadTimeout\", 20000);\nexpect(Cypress.config(\"pageLoadTimeout\")).to.eq(20000);\nCypress.config(\"pageLoadTimeout\", 60000);",
              "err": {
                "message": "AssertionError: expected { Object (baseUrl, retries, ...) } to have property 'baseUrl' of null, but got 'https://react-redux.realworld.io'",
                "estack": "AssertionError: expected { Object (baseUrl, retries, ...) } to have property 'baseUrl' of null, but got 'https://react-redux.realworld.io'\n    at Context.eval (https://example.cypress.io/__cypress/tests?p=cypress/integration/examples/cypress_api.spec.js:79:30)",
                "diff": null
              },
              "uuid": "1c4d1765-da03-4f15-8730-9284222e8b61",
              "parentUUID": "f03b0b0d-02b1-4eeb-9dc3-0630d9ab37fe",
              "isHook": false,
              "skipped": false
            }
          ],
          "suites": [],
          "passes": [],
          "failures": ["1c4d1765-da03-4f15-8730-9284222e8b61"],
          "pending": [],
          "skipped": [],
          "duration": 1132,
          "root": false,
          "rootEmpty": false,
          "_timeout": 2000
        },
        {
          "uuid": "5ee5b7e2-54d4-4101-a9e6-a42f2e60f6eb",
          "title": "Cypress.dom",
          "fullFile": "",
          "file": "",
          "beforeHooks": [],
          "afterHooks": [],
          "tests": [
            {
              "title": ".isHidden() - determine if a DOM element is hidden",
              "fullTitle": "Cypress.dom .isHidden() - determine if a DOM element is hidden",
              "timedOut": null,
              "duration": 128,
              "state": "passed",
              "speed": "slow",
              "pass": true,
              "fail": false,
              "pending": false,
              "context": null,
              "code": "var hiddenP = Cypress.$(\".dom-p p.hidden\").get(0);\nvar visibleP = Cypress.$(\".dom-p p.visible\").get(0); // our first paragraph has css class 'hidden'\nexpect(Cypress.dom.isHidden(hiddenP)).to.be[\"true\"];\nexpect(Cypress.dom.isHidden(visibleP)).to.be[\"false\"];",
              "err": {},
              "uuid": "ba21d2e6-29a3-48d9-90c1-2138903a9d82",
              "parentUUID": "5ee5b7e2-54d4-4101-a9e6-a42f2e60f6eb",
              "isHook": false,
              "skipped": false
            }
          ],
          "suites": [],
          "passes": ["ba21d2e6-29a3-48d9-90c1-2138903a9d82"],
          "failures": [],
          "pending": [],
          "skipped": [],
          "duration": 128,
          "root": false,
          "rootEmpty": false,
          "_timeout": 2000
        },
        {
          "uuid": "47c98edc-fc8a-46b2-b8b4-6be652fe9f66",
          "title": "Cypress.env()",
          "fullFile": "",
          "file": "",
          "beforeHooks": [],
          "afterHooks": [],
          "tests": [
            {
              "title": "Get environment variables",
              "fullTitle": "Cypress.env() Get environment variables",
              "timedOut": null,
              "duration": 101,
              "state": "passed",
              "speed": "slow",
              "pass": true,
              "fail": false,
              "pending": false,
              "context": null,
              "code": "// https://on.cypress.io/env\n// set multiple environment variables\nCypress.env({\n  host: \"veronica.dev.local\",\n  api_server: \"http://localhost:8888/v1/\"\n}); // get environment variable\nexpect(Cypress.env(\"host\")).to.eq(\"veronica.dev.local\"); // set environment variable\nCypress.env(\"api_server\", \"http://localhost:8888/v2/\");\nexpect(Cypress.env(\"api_server\")).to.eq(\"http://localhost:8888/v2/\"); // get all environment variable\nexpect(Cypress.env()).to.have.property(\"host\", \"veronica.dev.local\");\nexpect(Cypress.env()).to.have.property(\"api_server\", \"http://localhost:8888/v2/\");",
              "err": {},
              "uuid": "6d8ec2fd-5262-4475-9711-b7e0f120f676",
              "parentUUID": "47c98edc-fc8a-46b2-b8b4-6be652fe9f66",
              "isHook": false,
              "skipped": false
            }
          ],
          "suites": [],
          "passes": ["6d8ec2fd-5262-4475-9711-b7e0f120f676"],
          "failures": [],
          "pending": [],
          "skipped": [],
          "duration": 101,
          "root": false,
          "rootEmpty": false,
          "_timeout": 2000
        },
        {
          "uuid": "c56d3ca1-af0c-44ec-9dc4-ece810c66a28",
          "title": "Cypress.log",
          "fullFile": "",
          "file": "",
          "beforeHooks": [],
          "afterHooks": [],
          "tests": [
            {
              "title": "Control what is printed to the Command Log",
              "fullTitle": "Cypress.log Control what is printed to the Command Log",
              "timedOut": null,
              "duration": 111,
              "state": "passed",
              "speed": "slow",
              "pass": true,
              "fail": false,
              "pending": false,
              "context": null,
              "code": "// https://on.cypress.io/cypress-log",
              "err": {},
              "uuid": "9bd9ad90-c81a-4a61-8d85-740810e3de96",
              "parentUUID": "c56d3ca1-af0c-44ec-9dc4-ece810c66a28",
              "isHook": false,
              "skipped": false
            }
          ],
          "suites": [],
          "passes": ["9bd9ad90-c81a-4a61-8d85-740810e3de96"],
          "failures": [],
          "pending": [],
          "skipped": [],
          "duration": 111,
          "root": false,
          "rootEmpty": false,
          "_timeout": 2000
        },
        {
          "uuid": "7944f14e-63b4-43de-8082-5fe147aad341",
          "title": "Cypress.platform",
          "fullFile": "",
          "file": "",
          "beforeHooks": [],
          "afterHooks": [],
          "tests": [
            {
              "title": "Get underlying OS name",
              "fullTitle": "Cypress.platform Get underlying OS name",
              "timedOut": null,
              "duration": 100,
              "state": "passed",
              "speed": "slow",
              "pass": true,
              "fail": false,
              "pending": false,
              "context": null,
              "code": "// https://on.cypress.io/platform\nexpect(Cypress.platform).to.be.exist;",
              "err": {},
              "uuid": "d24b608a-b0d2-4b1f-9629-72aa397e7300",
              "parentUUID": "7944f14e-63b4-43de-8082-5fe147aad341",
              "isHook": false,
              "skipped": false
            }
          ],
          "suites": [],
          "passes": ["d24b608a-b0d2-4b1f-9629-72aa397e7300"],
          "failures": [],
          "pending": [],
          "skipped": [],
          "duration": 100,
          "root": false,
          "rootEmpty": false,
          "_timeout": 2000
        },
        {
          "uuid": "b9055514-2d3c-448d-b746-e439ecc172d9",
          "title": "Cypress.version",
          "fullFile": "",
          "file": "",
          "beforeHooks": [],
          "afterHooks": [],
          "tests": [
            {
              "title": "Get current version of Cypress being run",
              "fullTitle": "Cypress.version Get current version of Cypress being run",
              "timedOut": null,
              "duration": 172,
              "state": "passed",
              "speed": "slow",
              "pass": true,
              "fail": false,
              "pending": false,
              "context": null,
              "code": "// https://on.cypress.io/version\nexpect(Cypress.version).to.be.exist;",
              "err": {},
              "uuid": "4926af60-412b-4800-a4f5-a8d72f49cae9",
              "parentUUID": "b9055514-2d3c-448d-b746-e439ecc172d9",
              "isHook": false,
              "skipped": false
            }
          ],
          "suites": [],
          "passes": ["4926af60-412b-4800-a4f5-a8d72f49cae9"],
          "failures": [],
          "pending": [],
          "skipped": [],
          "duration": 172,
          "root": false,
          "rootEmpty": false,
          "_timeout": 2000
        },
        {
          "uuid": "598a1324-b148-44bb-8c97-aa9f45c537e7",
          "title": "Cypress.spec",
          "fullFile": "",
          "file": "",
          "beforeHooks": [],
          "afterHooks": [],
          "tests": [
            {
              "title": "Get current spec information",
              "fullTitle": "Cypress.spec Get current spec information",
              "timedOut": null,
              "duration": 193,
              "state": "passed",
              "speed": "slow",
              "pass": true,
              "fail": false,
              "pending": false,
              "context": null,
              "code": "// https://on.cypress.io/spec\n// wrap the object so we can inspect it easily by clicking in the command log\ncy.wrap(Cypress.spec).should(\"include.keys\", [\"name\", \"relative\", \"absolute\"]);",
              "err": {},
              "uuid": "42d9768c-6a97-48af-a5eb-5c1caf3d0ef7",
              "parentUUID": "598a1324-b148-44bb-8c97-aa9f45c537e7",
              "isHook": false,
              "skipped": false
            }
          ],
          "suites": [],
          "passes": ["42d9768c-6a97-48af-a5eb-5c1caf3d0ef7"],
          "failures": [],
          "pending": [],
          "skipped": [],
          "duration": 193,
          "root": false,
          "rootEmpty": false,
          "_timeout": 2000
        }
      ],
      "passes": [],
      "failures": [],
      "pending": [],
      "skipped": [],
      "duration": 0,
      "root": true,
      "rootEmpty": true,
      "_timeout": 2000
    },
    {
      "uuid": "1c9e5fc1-77ec-479f-b8aa-b87c38e9e79c",
      "title": "",
      "fullFile": "cypress/integration/examples/files.spec.js",
      "file": "cypress/integration/examples/files.spec.js",
      "beforeHooks": [],
      "afterHooks": [],
      "tests": [],
      "suites": [
        {
          "uuid": "5b3d03e1-38f9-4dfe-884f-51c966f74bb8",
          "title": "Files",
          "fullFile": "",
          "file": "",
          "beforeHooks": [],
          "afterHooks": [],
          "tests": [
            {
              "title": "cy.fixture() - load a fixture",
              "fullTitle": "Files cy.fixture() - load a fixture",
              "timedOut": null,
              "duration": 903,
              "state": "passed",
              "speed": "slow",
              "pass": true,
              "fail": false,
              "pending": false,
              "context": null,
              "code": "// https://on.cypress.io/fixture\n// Instead of writing a response inline you can\n// use a fixture file's content.\n// when application makes an Ajax request matching \"GET **/comments/*\"\n// Cypress will intercept it and reply with the object in `example.json` fixture\ncy.intercept(\"GET\", \"**/comments/*\", {\n  fixture: \"example.json\"\n}).as(\"getComment\"); // we have code that gets a comment when\n// the button is clicked in scripts.js\ncy.get(\".fixture-btn\").click();\ncy.wait(\"@getComment\").its(\"response.body\").should(\"have.property\", \"name\").and(\"include\", \"Using fixtures to represent data\");",
              "err": {},
              "uuid": "c1a9f7a3-c34e-4e5c-b0a2-f7fd50cb06e8",
              "parentUUID": "5b3d03e1-38f9-4dfe-884f-51c966f74bb8",
              "isHook": false,
              "skipped": false
            },
            {
              "title": "cy.fixture() or require - load a fixture",
              "fullTitle": "Files cy.fixture() or require - load a fixture",
              "timedOut": null,
              "duration": 186,
              "state": "passed",
              "speed": "slow",
              "pass": true,
              "fail": false,
              "pending": false,
              "context": null,
              "code": "// we are inside the \"function () { ... }\"\n// callback and can use test context object \"this\"\n// \"this.example\" was loaded in \"beforeEach\" function callback\nexpect(this.example, \"fixture in the test context\").to.deep.equal(requiredExample); // or use \"cy.wrap\" and \"should('deep.equal', ...)\" assertion\n// @ts-ignore\ncy.wrap(this.example, \"fixture vs require\").should(\"deep.equal\", requiredExample);",
              "err": {},
              "uuid": "3389d156-3bb0-48df-97d0-34ce07918fdf",
              "parentUUID": "5b3d03e1-38f9-4dfe-884f-51c966f74bb8",
              "isHook": false,
              "skipped": false
            },
            {
              "title": "cy.readFile() - read file contents",
              "fullTitle": "Files cy.readFile() - read file contents",
              "timedOut": null,
              "duration": 106,
              "state": "passed",
              "speed": "slow",
              "pass": true,
              "fail": false,
              "pending": false,
              "context": null,
              "code": "// https://on.cypress.io/readfile\n// You can read a file and yield its contents\n// The filePath is relative to your project's root.\ncy.readFile(\"cypress.json\").then(function (json) {\n  expect(json).to.be.an(\"object\");\n});",
              "err": {},
              "uuid": "d9b0e249-336a-4c99-ab14-106f4ec5439e",
              "parentUUID": "5b3d03e1-38f9-4dfe-884f-51c966f74bb8",
              "isHook": false,
              "skipped": false
            },
            {
              "title": "cy.writeFile() - write to a file",
              "fullTitle": "Files cy.writeFile() - write to a file",
              "timedOut": null,
              "duration": 931,
              "state": "passed",
              "speed": "slow",
              "pass": true,
              "fail": false,
              "pending": false,
              "context": null,
              "code": "// https://on.cypress.io/writefile\n// You can write to a file\n// Use a response from a request to automatically\n// generate a fixture file for use later\ncy.request(\"https://jsonplaceholder.cypress.io/users\").then(function (response) {\n  cy.writeFile(\"cypress/fixtures/users.json\", response.body);\n});\ncy.fixture(\"users\").should(function (users) {\n  expect(users[0].name).to.exist;\n}); // JavaScript arrays and objects are stringified\n// and formatted into text.\ncy.writeFile(\"cypress/fixtures/profile.json\", {\n  id: 8739,\n  name: \"Jane\",\n  email: \"jane@example.com\"\n});\ncy.fixture(\"profile\").should(function (profile) {\n  expect(profile.name).to.eq(\"Jane\");\n});",
              "err": {},
              "uuid": "1fbbbf5d-732b-42e2-9875-53aebec2b4f9",
              "parentUUID": "5b3d03e1-38f9-4dfe-884f-51c966f74bb8",
              "isHook": false,
              "skipped": false
            }
          ],
          "suites": [],
          "passes": [
            "c1a9f7a3-c34e-4e5c-b0a2-f7fd50cb06e8",
            "3389d156-3bb0-48df-97d0-34ce07918fdf",
            "d9b0e249-336a-4c99-ab14-106f4ec5439e",
            "1fbbbf5d-732b-42e2-9875-53aebec2b4f9"
          ],
          "failures": [],
          "pending": [],
          "skipped": [],
          "duration": 2126,
          "root": false,
          "rootEmpty": false,
          "_timeout": 2000
        }
      ],
      "passes": [],
      "failures": [],
      "pending": [],
      "skipped": [],
      "duration": 0,
      "root": true,
      "rootEmpty": true,
      "_timeout": 2000
    },
    {
      "uuid": "9a78b525-764f-4b62-a4cd-bbe46ac498bd",
      "title": "",
      "fullFile": "cypress/integration/examples/local_storage.spec.js",
      "file": "cypress/integration/examples/local_storage.spec.js",
      "beforeHooks": [],
      "afterHooks": [],
      "tests": [],
      "suites": [
        {
          "uuid": "b98a8f72-9e56-47c8-ad65-99377cdd65d3",
          "title": "Local Storage",
          "fullFile": "",
          "file": "",
          "beforeHooks": [],
          "afterHooks": [],
          "tests": [
            {
              "title": "cy.clearLocalStorage() - clear all data in local storage",
[...]
          "title": "Login",
          "fullFile": "",
          "file": "",
          "beforeHooks": [],
          "afterHooks": [],
          "tests": [
            {
              "title": "Sign in",
              "fullTitle": "Login Sign in",
              "timedOut": null,
              "duration": 2465,
              "state": "passed",
              "speed": "slow",
              "pass": true,
              "fail": false,
              "pending": false,
              "context": null,
              "code": "cy.visit(\"https://react-redux.realworld.io/#/login\");\nlogin.email().type(\"cypress.demotests@gmail.com\");\nlogin.password().type(\"admin123\");\nlogin.signInButton().should(\"be.visible\").click();",
              "err": {},
              "uuid": "3fe7179b-8282-49a3-aa73-494d2f36c66b",
              "parentUUID": "63c3ec6c-3801-497e-bbfc-a4028ee19925",
              "isHook": false,
              "skipped": false
            }
          ],
          "suites": [],
          "passes": ["3fe7179b-8282-49a3-aa73-494d2f36c66b"],
          "failures": [],
          "pending": [],
          "skipped": [],
          "duration": 2465,
          "root": false,
          "rootEmpty": false,
          "_timeout": 2000
        }
      ],
      "passes": [],
      "failures": [],
      "pending": [],
      "skipped": [],
      "duration": 0,
      "root": true,
      "rootEmpty": true,
      "_timeout": 2000
    },
    {
      "uuid": "9b7681e6-f26c-4c73-a349-41c11298e3b5",
      "title": "",
      "fullFile": "cypress/integration/tests/readWriteFiles.spec.js",
      "file": "cypress/integration/tests/readWriteFiles.spec.js",
      "beforeHooks": [],
      "afterHooks": [],
      "tests": [],
      "suites": [
        {
          "uuid": "a2efb8ac-e8de-45cf-9452-e634d9f506b7",
          "title": "Read-Write files content",
          "fullFile": "",
          "file": "",
          "beforeHooks": [],
          "afterHooks": [],
          "tests": [
            {
              "title": "Write to a file",
              "fullTitle": "Read-Write files content Write to a file",
              "timedOut": null,
              "duration": 82,
              "state": "passed",
              "speed": "slow",
              "pass": true,
              "fail": false,
              "pending": false,
              "context": null,
              "code": "cy.writeFile(\"dummy.txt\", \"Hello World\\n\");\ncy.writeFile(\"dummy.txt\", \"I am Nishant\", {\n  flag: \"a+\"\n});",
              "err": {},
              "uuid": "1bcdb6a3-31b0-465d-903a-35530fbee589",
              "parentUUID": "a2efb8ac-e8de-45cf-9452-e634d9f506b7",
              "isHook": false,
              "skipped": false
            },
            {
              "title": "Read from a file",
              "fullTitle": "Read-Write files content Read from a file",
              "timedOut": null,
              "duration": 15328,
              "state": "failed",
              "speed": null,
              "pass": false,
              "fail": true,
              "pending": false,
              "context": null,
              "code": "cy.readFile(\"dummy\").should(\"contains\", \"Hello World\");",
              "err": {
                "message": "AssertionError: Timed out retrying after 15000ms: `cy.readFile(\"dummy\")` failed because the file does not exist at the following path:\n\n`/Users/macbook/Desktop/Repositories/cypress-demo/dummy`\n\nhttps://on.cypress.io/readfile",
                "estack": "AssertionError: Timed out retrying after 15000ms: `cy.readFile(\"dummy\")` failed because the file does not exist at the following path:\n\n`/Users/macbook/Desktop/Repositories/cypress-demo/dummy`\n\nhttps://on.cypress.io/readfile\n    at Context.eval (https://react-redux.realworld.io/__cypress/tests?p=cypress/integration/tests/readWriteFiles.spec.js:13:26)",
                "diff": null
              },
              "uuid": "a0555ee7-cc2a-4bb9-a3d6-a0c35ae72207",
              "parentUUID": "a2efb8ac-e8de-45cf-9452-e634d9f506b7",
              "isHook": false,
              "skipped": false
            }
          ],
          "suites": [],
          "passes": ["1bcdb6a3-31b0-465d-903a-35530fbee589"],
          "failures": ["a0555ee7-cc2a-4bb9-a3d6-a0c35ae72207"],
          "pending": [],
          "skipped": [],
          "duration": 15410,
          "root": false,
          "rootEmpty": false,
          "_timeout": 2000
        }
      ],
      "passes": [],
      "failures": [],
      "pending": [],
      "skipped": [],
      "duration": 0,
      "root": true,
      "rootEmpty": true,
      "_timeout": 2000
    },
    {
      "uuid": "8d7ae1c7-ef9e-4166-bd0e-fb5211c5e209",
      "title": "",
      "fullFile": "cypress/integration/tests/thenCommand.spec.js",
      "file": "cypress/integration/tests/thenCommand.spec.js",
      "beforeHooks": [],
      "afterHooks": [],
      "tests": [],
      "suites": [
        {
          "uuid": "aee7b9a8-65cf-4f1a-b533-47a303d50614",
          "title": "Create and mark-unmark as favorite",
          "fullFile": "",
          "file": "",
          "beforeHooks": [],
          "afterHooks": [],
          "tests": [
            {
              "title": "Create a post",
              "fullTitle": "Create and mark-unmark as favorite Create a post",
              "timedOut": null,
              "duration": 12365,
              "state": "failed",
              "speed": null,
              "pass": false,
              "fail": true,
              "pending": false,
              "context": null,
              "code": "cy.get(\"ul.navbar-nav\").children().contains(\"New Post\").click();\ncy.hash().should(\"include\", \"#/editor\");\ncy.get(\"form\").within(function ($form) {\n  cy.get(\"input\").first().type(\"Test\");\n  cy.get(\"input\").eq(1).type(\"Test 1\");\n  cy.get(\"textarea\").last().type(\"Test 2\");\n  cy.contains(\"Publish Article\").click();\n});\ncy.url().should(\"include\", \"article\");",
              "err": {
                "message": "AssertionError: Timed out retrying after 10000ms: Expected to find content: 'Your Feed' but never did.\n\nBecause this error occurred during a `before all` hook we are skipping the remaining tests in the current suite: `Create and mark-unmark as f...`",
                "estack": "AssertionError: Timed out retrying after 10000ms: Expected to find content: 'Your Feed' but never did.\n\nBecause this error occurred during a `before all` hook we are skipping the remaining tests in the current suite: `Create and mark-unmark as f...`\n    at Context.eval (https://react-redux.realworld.io/__cypress/tests?p=cypress/support/index.js:18:6)",
                "diff": null
              },
              "uuid": "faf5c7ef-9b24-4751-af25-e0c872b32fcd",
              "parentUUID": "aee7b9a8-65cf-4f1a-b533-47a303d50614",
              "isHook": false,
              "skipped": false
            },
            {
              "title": "Mark-unmark as favorite",
              "fullTitle": "Create and mark-unmark as favorite Mark-unmark as favorite",
              "timedOut": null,
              "duration": 0,
              "state": "skipped",
              "speed": null,
              "pass": false,
              "fail": false,
              "pending": false,
              "context": null,
              "code": "cy.get(\"ul.navbar-nav\").children().contains(\"Demo\").click();\ncy.contains(\"My Articles\").should(\"be.visible\");\ncy.get(\".ion-heart\").first().click();\ncy.contains(\"Favorited Articles\").click();\ncy.url().should(\"include\", \"favorites\");\ncy.get(\".btn-primary\").first().then(function ($fav) {\n  var favCount = $fav.text();\n  expect(parseInt(favCount)).to.eq(1);\n}).click();\ncy.reload();\ncy.contains(\"No articles are here... yet.\").should(\"be.visible\");\ncy.go(\"back\");",
              "err": {},
              "uuid": "07d87cc6-5e8f-48cb-8c7d-38a65f31686a",
              "parentUUID": "aee7b9a8-65cf-4f1a-b533-47a303d50614",
              "isHook": false,
              "skipped": true
            }
          ],
          "suites": [],
          "passes": [],
          "failures": ["faf5c7ef-9b24-4751-af25-e0c872b32fcd"],
          "pending": [],
          "skipped": ["07d87cc6-5e8f-48cb-8c7d-38a65f31686a"],
          "duration": 12365,
          "root": false,
          "rootEmpty": false,
          "_timeout": 2000
        }
      ],
      "passes": [],
      "failures": [],
      "pending": [],
      "skipped": [],
      "duration": 0,
      "root": true,
      "rootEmpty": true,
      "_timeout": 2000
    },
    {
      "uuid": "7a741037-63bc-419c-b619-b459c48c744d",
      "title": "",
      "fullFile": "cypress/integration/tests/uploadFiles.spec.js",
      "file": "cypress/integration/tests/uploadFiles.spec.js",
      "beforeHooks": [],
      "afterHooks": [],
      "tests": [],
      "suites": [
        {
          "uuid": "58913e16-a215-48aa-aec3-3d4abd4bd5f3",
          "title": "Working with plugins",
          "fullFile": "",
          "file": "",
          "beforeHooks": [],
          "afterHooks": [],
          "tests": [
            {
              "title": "File upload",
              "fullTitle": "Working with plugins File upload",
              "timedOut": null,
              "duration": 17557,
              "state": "failed",
              "speed": null,
              "pass": false,
              "fail": true,
              "pending": false,
              "context": null,
              "code": "cy.visit(\"https://cgi-lib.berkeley.edu/ex/fup.html\"); // upload file\nvar fileName = \"dummy.pdf\";\n/* For cypress-file-upload version < 4.0.0\n    cy.fixture(fileName).then(fileContent => {\n        cy.get('[type=\"file\"]').upload({ fileContent, fileName, mimeType: 'application/pdf' });\n    })*/\n// For cypress-file-upload version > 4.0.0\ncy.get('[type=\"file\"]').attachFile(fileName);\ncy.get('[type=\"submit\"]').click();\ncy.contains(\"You've uploaded a file.  Your notes on the file were:\");",
              "err": {
                "message": "AssertionError: Timed out retrying after 15000ms: Expected to find content: 'You've uploaded a file.  Your notes on the file were:' but never did.",
                "estack": "AssertionError: Timed out retrying after 15000ms: Expected to find content: 'You've uploaded a file.  Your notes on the file were:' but never did.\n    at Context.eval (https://cgi-lib.berkeley.edu/__cypress/tests?p=cypress/integration/tests/uploadFiles.spec.js:18:8)",
                "diff": null
              },
              "uuid": "43d7e1e8-e028-4807-91db-b5212290940e",
              "parentUUID": "58913e16-a215-48aa-aec3-3d4abd4bd5f3",
              "isHook": false,
              "skipped": false
            }
          ],
          "suites": [],
          "passes": [],
          "failures": ["43d7e1e8-e028-4807-91db-b5212290940e"],
          "pending": [],
          "skipped": [],
          "duration": 17557,
          "root": false,
          "rootEmpty": false,
          "_timeout": 2000
        }
      ],
      "passes": [],
      "failures": [],
      "pending": [],
      "skipped": [],
      "duration": 0,
      "root": true,
      "rootEmpty": true,
      "_timeout": 2000
    },
    {
      "uuid": "f0b21705-2c0c-4b00-8724-4c0b3dddeb48",
      "title": "",
      "fullFile": "cypress/integration/tests/url.spec.js",
      "file": "cypress/integration/tests/url.spec.js",
      "beforeHooks": [],
      "afterHooks": [],
      "tests": [],
      "suites": [
        {
          "uuid": "59cd4310-c5fd-4892-bd38-68a1e1cdbb56",
          "title": "Create and mark-unmark as favorite",
          "fullFile": "",
          "file": "",
          "beforeHooks": [],
          "afterHooks": [],
          "tests": [
            {
              "title": "Sign in",
              "fullTitle": "Create and mark-unmark as favorite Sign in",
              "timedOut": null,
              "duration": 12554,
              "state": "failed",
              "speed": null,
              "pass": false,
              "fail": true,
              "pending": false,
              "context": null,
              "code": "cy.visit(\"https://react-redux.realworld.io/#/login\");\ncy.title().should(\"eq\", \"Conduit\");\ncy.location(\"protocol\").should(\"eq\", \"https:\");\ncy.get('input[type=\"email\"]').type(\"cypress.demotests@gmail.com\");\ncy.get('input[type=\"password\"]').type(\"admin123\");\ncy.get(\".btn\").contains(\"Sign in\").should(\"be.visible\").click();\ncy.contains(\"Your Feed\", {\n  timeout: 10000\n}).should(\"be.visible\");",
              "err": {
                "message": "AssertionError: Timed out retrying after 10000ms: Expected to find content: 'Your Feed' but never did.",
                "estack": "AssertionError: Timed out retrying after 10000ms: Expected to find content: 'Your Feed' but never did.\n    at Context.eval (https://react-redux.realworld.io/__cypress/tests?p=cypress/integration/tests/url.spec.js:15:8)",
                "diff": null
              },
              "uuid": "69a5c5f6-c481-4540-8121-834b5115ded9",
              "parentUUID": "59cd4310-c5fd-4892-bd38-68a1e1cdbb56",
              "isHook": false,
              "skipped": false
            },
            {
              "title": "Create a post",
              "fullTitle": "Create and mark-unmark as favorite Create a post",
              "timedOut": null,
              "duration": 15364,
              "state": "failed",
              "speed": null,
              "pass": false,
              "fail": true,
              "pending": false,
              "context": null,
              "code": "cy.contains(\"New Post\").click(); //cy.location('hash').should('include','#/editor')\ncy.hash().should(\"include\", \"#/editor\");\ncy.get('input[placeholder=\"Article Title\"]').type(\"Test\");\ncy.get('input[placeholder=\"What\\'s this article about?\"]').type(\"Test 1\");\ncy.get('textarea[placeholder=\"Write your article (in markdown)\"]').type(\"Test 2\");\ncy.contains(\"Publish Article\").click();\ncy.url().should(\"include\", \"article\");",
              "err": {
                "message": "AssertionError: Timed out retrying after 15000ms: Expected to find content: 'New Post' but never did.",
                "estack": "AssertionError: Timed out retrying after 15000ms: Expected to find content: 'New Post' but never did.\n    at Context.eval (https://react-redux.realworld.io/__cypress/tests?p=cypress/integration/tests/url.spec.js:18:8)",
                "diff": null
              },
              "uuid": "461a791c-b01b-4682-ab67-7dea05799f3d",
              "parentUUID": "59cd4310-c5fd-4892-bd38-68a1e1cdbb56",
              "isHook": false,
              "skipped": false
            },
            {
              "title": "Mark-unmark as favorite",
              "fullTitle": "Create and mark-unmark as favorite Mark-unmark as favorite",
              "timedOut": null,
              "duration": 15326,
              "state": "failed",
              "speed": null,
              "pass": false,
              "fail": true,
              "pending": false,
              "context": null,
              "code": "cy.get(\".nav-link\").contains(\"Demo\").click();\ncy.contains(\"My Articles\").should(\"be.visible\");\ncy.get(\".ion-heart\").click();\ncy.contains(\"Favorited Articles\").click();\ncy.url().should(\"include\", \"favorites\");\ncy.get(\".ion-heart\").click();\ncy.reload();\ncy.contains(\"No articles are here... yet.\").should(\"be.visible\");\ncy.go(\"back\"); //cy.go(-1)\n//cy.go('forward')\n//cy.go(1)",
              "err": {
                "message": "AssertionError: Timed out retrying after 15000ms: Expected to find content: 'Demo' within the element: [ <a.nav-link>, 2 more... ] but never did.",
                "estack": "AssertionError: Timed out retrying after 15000ms: Expected to find content: 'Demo' within the element: [ <a.nav-link>, 2 more... ] but never did.\n    at Context.eval (https://react-redux.realworld.io/__cypress/tests?p=cypress/integration/tests/url.spec.js:28:25)",
                "diff": null
              },
              "uuid": "e3556ebb-81c4-4cbd-9d35-d5cfbc1c0f5e",
              "parentUUID": "59cd4310-c5fd-4892-bd38-68a1e1cdbb56",
              "isHook": false,
              "skipped": false
            }
          ],
          "suites": [],
          "passes": [],
          "failures": [
            "69a5c5f6-c481-4540-8121-834b5115ded9",
            "461a791c-b01b-4682-ab67-7dea05799f3d",
            "e3556ebb-81c4-4cbd-9d35-d5cfbc1c0f5e"
          ],
          "pending": [],
          "skipped": [],
          "duration": 43244,
          "root": false,
          "rootEmpty": false,
          "_timeout": 2000
        }
      ],
      "passes": [],
      "failures": [],
      "pending": [],
      "skipped": [],
      "duration": 0,
      "root": true,
      "rootEmpty": true,
      "_timeout": 2000
    },
    {
      "uuid": "44880f39-b836-4605-99eb-03027a62c2c5",
      "title": "",
      "fullFile": "cypress/integration/zeroTest/zeroTest.js",
      "file": "cypress/integration/zeroTest/zeroTest.js",
      "beforeHooks": [],
      "afterHooks": [],
      "tests": [
        {
          "title": "An uncaught error was detected outside of a test",
          "fullTitle": "An uncaught error was detected outside of a test",
          "timedOut": null,
          "duration": 382,
          "state": "failed",
          "speed": null,
          "pass": false,
          "fail": true,
          "pending": false,
          "context": null,
          "code": "throw err;",
          "err": {
            "message": "ReferenceError: The following error originated from your test code, not from Cypress.\n\n  > Given is not defined\n\nWhen Cypress detects uncaught errors originating from your test code it will automatically fail the current test.\n\nCypress could not associate this error to any specific test.\n\nWe dynamically generated a new test to display this failure.",
            "estack": "ReferenceError: The following error originated from your test code, not from Cypress.\n\n  > Given is not defined\n\nWhen Cypress detects uncaught errors originating from your test code it will automatically fail the current test.\n\nCypress could not associate this error to any specific test.\n\nWe dynamically generated a new test to display this failure.\n    at Object.1 (https://react-redux.realworld.io/__cypress/tests?p=cypress/integration/zeroTest/zeroTest.js:4:1)\n    at o (https://react-redux.realworld.io/__cypress/tests?p=cypress/integration/zeroTest/zeroTest.js:1:265)\n    at r (https://react-redux.realworld.io/__cypress/tests?p=cypress/integration/zeroTest/zeroTest.js:1:431)\n    at eval (https://react-redux.realworld.io/__cypress/tests?p=cypress/integration/zeroTest/zeroTest.js:1:460)\n    at eval (<anonymous>)",
            "diff": null
          },
          "uuid": "8e0ca633-7733-4e32-96f0-df0d550f2115",
          "parentUUID": "44880f39-b836-4605-99eb-03027a62c2c5",
          "isHook": false,
          "skipped": false
        }
      ],
      "suites": [],
      "passes": [],
      "failures": ["8e0ca633-7733-4e32-96f0-df0d550f2115"],
      "pending": [],
      "skipped": [],
      "duration": 382,
      "root": true,
      "rootEmpty": false,
      "_timeout": 2000
    }
  ],
  "meta": {
    "mocha": {
      "version": "7.0.1"
    },
    "mochawesome": {
      "options": {
        "quiet": false,
        "reportFilename": "mochawesome",
        "saveHtml": false,
        "saveJson": true,
        "consoleReporter": "spec",
        "useInlineDiffs": false,
        "code": true
      },
      "version": "6.2.2"
    },
    "marge": {
      "options": {
        "id": "default",
        "reportDir": "cypress/reports/mocha",
        "quite": true,
        "overwrite": false,
        "html": false,
        "json": true
      },
      "version": "5.2.0"
    }
  }
}
